#
# There is insufficient memory for the Java Runtime Environment to continue.
# Native memory allocation (malloc) failed to allocate 1106896 bytes. Error detail: Chunk::new
# Possible reasons:
#   The system is out of physical RAM or swap space
#   This process is running with CompressedOops enabled, and the Java Heap may be blocking the growth of the native heap
# Possible solutions:
#   Reduce memory load on the system
#   Increase physical memory or swap space
#   Check if swap backing store is full
#   Decrease Java heap size (-Xmx/-Xms)
#   Decrease number of Java threads
#   Decrease Java thread stack sizes (-Xss)
#   Set larger code cache with -XX:ReservedCodeCacheSize=
#   JVM is running with Unscaled Compressed Oops mode in which the Java heap is
#     placed in the first 4GB address space. The Java Heap base address is the
#     maximum limit for the native heap growth. Please use -XX:HeapBaseMinAddress
#     to set the Java Heap base and to place the Java Heap above 4GB virtual address.
# This output file may be truncated or incomplete.
#
#  Out of Memory Error (arena.cpp:168), pid=11992, tid=27392
#
# JRE version: OpenJDK Runtime Environment Temurin-21.0.6+7 (21.0.6+7) (build 21.0.6+7-LTS)
# Java VM: OpenJDK 64-Bit Server VM Temurin-21.0.6+7 (21.0.6+7-LTS, mixed mode, sharing, tiered, compressed oops, compressed class ptrs, parallel gc, windows-amd64)
# No core dump will be written. Minidumps are not enabled by default on client versions of Windows
#

---------------  S U M M A R Y ------------

Command Line: --add-modules=ALL-SYSTEM --add-opens=java.base/java.util=ALL-UNNAMED --add-opens=java.base/java.lang=ALL-UNNAMED --add-opens=java.base/sun.nio.fs=ALL-UNNAMED -Declipse.application=org.eclipse.jdt.ls.core.id1 -Dosgi.bundles.defaultStartLevel=4 -Declipse.product=org.eclipse.jdt.ls.core.product -Djava.import.generatesMetadataFilesAtProjectRoot=false -DDetectVMInstallationsJob.disabled=true -Dfile.encoding=utf8 -XX:+UseParallelGC -XX:GCTimeRatio=4 -XX:AdaptiveSizePolicyWeight=90 -Dsun.zip.disableMemoryMapping=true -Xmx1G -Xms100m -Xlog:disable -javaagent:c:\Users\DELL\.vscode\extensions\redhat.java-1.41.1-win32-x64\lombok\lombok-1.18.36.jar -XX:+HeapDumpOnOutOfMemoryError -XX:HeapDumpPath=c:\Users\DELL\AppData\Roaming\Code\User\workspaceStorage\8ab44f44f73b8c286458d8950fa5d895\redhat.java -Daether.dependencyCollector.impl=bf c:\Users\DELL\.vscode\extensions\redhat.java-1.41.1-win32-x64\server\plugins\org.eclipse.equinox.launcher_1.7.0.v20250331-1702.jar -configuration c:\Users\DELL\AppData\Roaming\Code\User\globalStorage\redhat.java\1.41.1\config_win -data c:\Users\DELL\AppData\Roaming\Code\User\workspaceStorage\8ab44f44f73b8c286458d8950fa5d895\redhat.java\jdt_ws --pipe=\\.\pipe\lsp-1474c90408bd3fce813456e6ce6efd89-sock

Host: 12th Gen Intel(R) Core(TM) i5-12500H, 16 cores, 7G,  Windows 11 , 64 bit Build 26100 (10.0.26100.3912)
Time: Sat May 10 17:08:23 2025 India Standard Time elapsed time: 19.906007 seconds (0d 0h 0m 19s)

---------------  T H R E A D  ---------------

Current thread (0x00000276cb1d4e40):  JavaThread "C2 CompilerThread2" daemon [_thread_in_native, id=27392, stack(0x000000c311100000,0x000000c311200000) (1024K)]


Current CompileTask:
C2:19906 6870       4       java.lang.invoke.MethodType::makeImpl (109 bytes)

Stack: [0x000000c311100000,0x000000c311200000]
Native frames: (J=compiled Java code, j=interpreted, Vv=VM code, C=native code)
V  [jvm.dll+0x6cdee9]
V  [jvm.dll+0x8a83d1]
V  [jvm.dll+0x8aa8fe]
V  [jvm.dll+0x8aafe3]
V  [jvm.dll+0x27f706]
V  [jvm.dll+0xc500d]
V  [jvm.dll+0xc5543]
V  [jvm.dll+0x3b6752]
V  [jvm.dll+0x1e0009]
V  [jvm.dll+0x247b42]
V  [jvm.dll+0x246fcf]
V  [jvm.dll+0x1c75ee]
V  [jvm.dll+0x25685a]
V  [jvm.dll+0x254dfa]
V  [jvm.dll+0x3f0256]
V  [jvm.dll+0x851f8b]
V  [jvm.dll+0x6cc5ed]
C  [ucrtbase.dll+0x37b0]
C  [KERNEL32.DLL+0x2e8d7]
C  [ntdll.dll+0x9c5dc]


---------------  P R O C E S S  ---------------

Threads class SMR info:
_java_thread_list=0x00000276cc546260, length=52, elements={
0x00000276ec35ef30, 0x00000276ec403400, 0x00000276fe74caf0, 0x00000276ec40aca0,
0x00000276ec40b8f0, 0x00000276ec40c950, 0x00000276ec40f3b0, 0x00000276ec4101e0,
0x00000276ffc5e7d0, 0x00000276ec3ce3c0, 0x00000276c4560d60, 0x00000276c900e670,
0x00000276c4bd52f0, 0x00000276c91b5100, 0x00000276c4cada10, 0x00000276c954d7b0,
0x00000276c97744a0, 0x00000276c9562540, 0x00000276c9562bd0, 0x00000276c95638f0,
0x00000276c9563f80, 0x00000276c9563260, 0x00000276cb1d7720, 0x00000276c9564610,
0x00000276c9564ca0, 0x00000276c9565330, 0x00000276c9561eb0, 0x00000276cae1ffb0,
0x00000276cae20cd0, 0x00000276cae22080, 0x00000276cae22da0, 0x00000276cae22710,
0x00000276cae1f920, 0x00000276cae23430, 0x00000276cae23ac0, 0x00000276cae20640,
0x00000276cae247e0, 0x00000276cae24150, 0x00000276cae219f0, 0x00000276cae21360,
0x00000276cae24e70, 0x00000276cae25500, 0x00000276cae25b90, 0x00000276cae26220,
0x00000276cb1d6980, 0x00000276cb1d5510, 0x00000276cb1d5be0, 0x00000276cae268b0,
0x00000276cae26f40, 0x00000276cc6535b0, 0x00000276cc654ff0, 0x00000276cb1d4e40
}

Java Threads: ( => current thread )
  0x00000276ec35ef30 JavaThread "main"                              [_thread_blocked, id=26208, stack(0x000000c30cd00000,0x000000c30ce00000) (1024K)]
  0x00000276ec403400 JavaThread "Reference Handler"          daemon [_thread_blocked, id=17940, stack(0x000000c30d100000,0x000000c30d200000) (1024K)]
  0x00000276fe74caf0 JavaThread "Finalizer"                  daemon [_thread_blocked, id=1960, stack(0x000000c30d200000,0x000000c30d300000) (1024K)]
  0x00000276ec40aca0 JavaThread "Signal Dispatcher"          daemon [_thread_blocked, id=7092, stack(0x000000c30d300000,0x000000c30d400000) (1024K)]
  0x00000276ec40b8f0 JavaThread "Attach Listener"            daemon [_thread_blocked, id=24452, stack(0x000000c30d400000,0x000000c30d500000) (1024K)]
  0x00000276ec40c950 JavaThread "Service Thread"             daemon [_thread_blocked, id=3532, stack(0x000000c30d500000,0x000000c30d600000) (1024K)]
  0x00000276ec40f3b0 JavaThread "Monitor Deflation Thread"   daemon [_thread_blocked, id=14768, stack(0x000000c30d600000,0x000000c30d700000) (1024K)]
  0x00000276ec4101e0 JavaThread "C2 CompilerThread0"         daemon [_thread_in_native, id=13140, stack(0x000000c30d700000,0x000000c30d800000) (1024K)]
  0x00000276ffc5e7d0 JavaThread "C1 CompilerThread0"         daemon [_thread_blocked, id=16924, stack(0x000000c30d800000,0x000000c30d900000) (1024K)]
  0x00000276ec3ce3c0 JavaThread "Common-Cleaner"             daemon [_thread_blocked, id=14360, stack(0x000000c30d900000,0x000000c30da00000) (1024K)]
  0x00000276c4560d60 JavaThread "Notification Thread"        daemon [_thread_blocked, id=5492, stack(0x000000c30db00000,0x000000c30dc00000) (1024K)]
  0x00000276c900e670 JavaThread "Active Thread: Equinox Container: 0b25a712-8b73-4330-b9f3-c02663ba1a6a"        [_thread_blocked, id=25408, stack(0x000000c30e600000,0x000000c30e700000) (1024K)]
  0x00000276c4bd52f0 JavaThread "Refresh Thread: Equinox Container: 0b25a712-8b73-4330-b9f3-c02663ba1a6a" daemon [_thread_blocked, id=1892, stack(0x000000c30e500000,0x000000c30e600000) (1024K)]
  0x00000276c91b5100 JavaThread "Framework Event Dispatcher: Equinox Container: 0b25a712-8b73-4330-b9f3-c02663ba1a6a" daemon [_thread_blocked, id=1900, stack(0x000000c30e700000,0x000000c30e800000) (1024K)]
  0x00000276c4cada10 JavaThread "Start Level: Equinox Container: 0b25a712-8b73-4330-b9f3-c02663ba1a6a" daemon [_thread_blocked, id=9836, stack(0x000000c30e800000,0x000000c30e900000) (1024K)]
  0x00000276c954d7b0 JavaThread "Bundle File Closer"         daemon [_thread_blocked, id=4032, stack(0x000000c30eb00000,0x000000c30ec00000) (1024K)]
  0x00000276c97744a0 JavaThread "SCR Component Actor"        daemon [_thread_blocked, id=1984, stack(0x000000c30ea00000,0x000000c30eb00000) (1024K)]
  0x00000276c9562540 JavaThread "Worker-JM"                         [_thread_blocked, id=22604, stack(0x000000c30f200000,0x000000c30f300000) (1024K)]
  0x00000276c9562bd0 JavaThread "JNA Cleaner"                daemon [_thread_blocked, id=24420, stack(0x000000c30ef00000,0x000000c30f000000) (1024K)]
  0x00000276c95638f0 JavaThread "Worker-0: Loading available Gradle versions"        [_thread_in_native, id=3664, stack(0x000000c30dd00000,0x000000c30de00000) (1024K)]
  0x00000276c9563f80 JavaThread "Worker-1: Repository registry initialization"        [_thread_in_vm, id=25256, stack(0x000000c30de00000,0x000000c30df00000) (1024K)]
  0x00000276c9563260 JavaThread "Worker-2: Initialize After Load"        [_thread_in_vm, id=25584, stack(0x000000c30f300000,0x000000c30f400000) (1024K)]
  0x00000276cb1d7720 JavaThread "C2 CompilerThread1"         daemon [_thread_in_native, id=26668, stack(0x000000c30f600000,0x000000c30f700000) (1024K)]
  0x00000276c9564610 JavaThread "Java indexing"              daemon [_thread_in_native, id=26724, stack(0x000000c30f700000,0x000000c30f800000) (1024K)]
  0x00000276c9564ca0 JavaThread "Worker-3"                          [_thread_blocked, id=26924, stack(0x000000c30fa00000,0x000000c30fb00000) (1024K)]
  0x00000276c9565330 JavaThread "Worker-4: Java indexing... "        [_thread_blocked, id=26964, stack(0x000000c30fb00000,0x000000c30fc00000) (1024K)]
  0x00000276c9561eb0 JavaThread "Thread-2"                   daemon [_thread_in_native, id=26968, stack(0x000000c30fc00000,0x000000c30fd00000) (1024K)]
  0x00000276cae1ffb0 JavaThread "Thread-3"                   daemon [_thread_in_native, id=26972, stack(0x000000c30fd00000,0x000000c30fe00000) (1024K)]
  0x00000276cae20cd0 JavaThread "Thread-4"                   daemon [_thread_in_native, id=26976, stack(0x000000c30fe00000,0x000000c30ff00000) (1024K)]
  0x00000276cae22080 JavaThread "Thread-5"                   daemon [_thread_in_native, id=26980, stack(0x000000c30ff00000,0x000000c310000000) (1024K)]
  0x00000276cae22da0 JavaThread "Thread-6"                   daemon [_thread_in_native, id=26984, stack(0x000000c310000000,0x000000c310100000) (1024K)]
  0x00000276cae22710 JavaThread "Thread-7"                   daemon [_thread_in_native, id=26988, stack(0x000000c310100000,0x000000c310200000) (1024K)]
  0x00000276cae1f920 JavaThread "Thread-8"                   daemon [_thread_in_native, id=26992, stack(0x000000c310200000,0x000000c310300000) (1024K)]
  0x00000276cae23430 JavaThread "Thread-9"                   daemon [_thread_in_native, id=26996, stack(0x000000c310300000,0x000000c310400000) (1024K)]
  0x00000276cae23ac0 JavaThread "Thread-10"                  daemon [_thread_in_native, id=27000, stack(0x000000c310400000,0x000000c310500000) (1024K)]
  0x00000276cae20640 JavaThread "Thread-11"                  daemon [_thread_in_native, id=27004, stack(0x000000c310500000,0x000000c310600000) (1024K)]
  0x00000276cae247e0 JavaThread "Thread-12"                  daemon [_thread_in_native, id=27008, stack(0x000000c310600000,0x000000c310700000) (1024K)]
  0x00000276cae24150 JavaThread "Thread-13"                  daemon [_thread_in_native, id=27012, stack(0x000000c310700000,0x000000c310800000) (1024K)]
  0x00000276cae219f0 JavaThread "Thread-14"                  daemon [_thread_in_native, id=27016, stack(0x000000c310800000,0x000000c310900000) (1024K)]
  0x00000276cae21360 JavaThread "Thread-15"                  daemon [_thread_in_native, id=27020, stack(0x000000c310900000,0x000000c310a00000) (1024K)]
  0x00000276cae24e70 JavaThread "Thread-16"                  daemon [_thread_in_native, id=27024, stack(0x000000c310a00000,0x000000c310b00000) (1024K)]
  0x00000276cae25500 JavaThread "Thread-17"                  daemon [_thread_in_native, id=27028, stack(0x000000c310b00000,0x000000c310c00000) (1024K)]
  0x00000276cae25b90 JavaThread "Thread-18"                  daemon [_thread_in_native, id=27032, stack(0x000000c310c00000,0x000000c310d00000) (1024K)]
  0x00000276cae26220 JavaThread "pool-2-thread-1"                   [_thread_blocked, id=27040, stack(0x000000c310d00000,0x000000c310e00000) (1024K)]
  0x00000276cb1d6980 JavaThread "C1 CompilerThread1"         daemon [_thread_blocked, id=27048, stack(0x000000c30da00000,0x000000c30db00000) (1024K)]
  0x00000276cb1d5510 JavaThread "C1 CompilerThread2"         daemon [_thread_in_native, id=27100, stack(0x000000c30f400000,0x000000c30f500000) (1024K)]
  0x00000276cb1d5be0 JavaThread "C1 CompilerThread3"         daemon [_thread_in_native, id=27104, stack(0x000000c30f500000,0x000000c30f600000) (1024K)]
  0x00000276cae268b0 JavaThread "Worker-5"                          [_thread_blocked, id=27180, stack(0x000000c30e900000,0x000000c30ea00000) (1024K)]
  0x00000276cae26f40 JavaThread "Worker-6"                          [_thread_blocked, id=27224, stack(0x000000c310e00000,0x000000c310f00000) (1024K)]
  0x00000276cc6535b0 JavaThread "WorkspaceEventsHandler"            [_thread_blocked, id=27336, stack(0x000000c310f00000,0x000000c311000000) (1024K)]
  0x00000276cc654ff0 JavaThread "pool-1-thread-1"                   [_thread_blocked, id=27340, stack(0x000000c311000000,0x000000c311100000) (1024K)]
=>0x00000276cb1d4e40 JavaThread "C2 CompilerThread2"         daemon [_thread_in_native, id=27392, stack(0x000000c311100000,0x000000c311200000) (1024K)]
Total: 52

Other Threads:
  0x00000276fe7333f0 VMThread "VM Thread"                           [id=21980, stack(0x000000c30d000000,0x000000c30d100000) (1024K)]
  0x00000276fe62ca00 WatcherThread "VM Periodic Task Thread"        [id=23480, stack(0x000000c30cf00000,0x000000c30d000000) (1024K)]
  0x00000276ec37c5e0 WorkerThread "GC Thread#0"                     [id=11772, stack(0x000000c30ce00000,0x000000c30cf00000) (1024K)]
  0x00000276c4753f50 WorkerThread "GC Thread#1"                     [id=4512, stack(0x000000c30df00000,0x000000c30e000000) (1024K)]
  0x00000276c47546f0 WorkerThread "GC Thread#2"                     [id=13296, stack(0x000000c30e000000,0x000000c30e100000) (1024K)]
  0x00000276c4754a90 WorkerThread "GC Thread#3"                     [id=17884, stack(0x000000c30e100000,0x000000c30e200000) (1024K)]
  0x00000276c46a6940 WorkerThread "GC Thread#4"                     [id=4060, stack(0x000000c30e200000,0x000000c30e300000) (1024K)]
  0x00000276c46a6ce0 WorkerThread "GC Thread#5"                     [id=12648, stack(0x000000c30e300000,0x000000c30e400000) (1024K)]
  0x00000276c46a7080 WorkerThread "GC Thread#6"                     [id=14248, stack(0x000000c30e400000,0x000000c30e500000) (1024K)]
  0x00000276c4bd0d00 WorkerThread "GC Thread#7"                     [id=4168, stack(0x000000c30dc00000,0x000000c30dd00000) (1024K)]
  0x00000276c4ca2aa0 WorkerThread "GC Thread#8"                     [id=21988, stack(0x000000c30ec00000,0x000000c30ed00000) (1024K)]
  0x00000276c4ca2360 WorkerThread "GC Thread#9"                     [id=19972, stack(0x000000c30ed00000,0x000000c30ee00000) (1024K)]
  0x00000276c4ca31e0 WorkerThread "GC Thread#10"                    [id=23972, stack(0x000000c30ee00000,0x000000c30ef00000) (1024K)]
  0x00000276c4ca1c20 WorkerThread "GC Thread#11"                    [id=14928, stack(0x000000c30f000000,0x000000c30f100000) (1024K)]
  0x00000276c4ca2700 WorkerThread "GC Thread#12"                    [id=20304, stack(0x000000c30f100000,0x000000c30f200000) (1024K)]
Total: 15

Threads with active compile tasks:
C2 CompilerThread0  19945 6947       4       jdk.internal.jrtfs.JrtFileSystem::checkNode (40 bytes)
C2 CompilerThread1  19945 6931       4       jdk.internal.jimage.ImageLocation::getFullName (109 bytes)
C2 CompilerThread2  19945 6870       4       java.lang.invoke.MethodType::makeImpl (109 bytes)
Total: 3

VM state: not at safepoint (normal execution)

VM Mutex/Monitor currently owned by a thread: None

Heap address: 0x00000000c0000000, size: 1024 MB, Compressed Oops mode: 32-bit

CDS archive(s) mapped at: [0x0000027682000000-0x0000027682ba0000-0x0000027682ba0000), size 12189696, SharedBaseAddress: 0x0000027682000000, ArchiveRelocationMode: 1.
Compressed class space mapped at: 0x0000027683000000-0x00000276c3000000, reserved size: 1073741824
Narrow klass base: 0x0000027682000000, Narrow klass shift: 0, Narrow klass range: 0x100000000

GC Precious Log:
 CardTable entry size: 512
 CPUs: 16 total, 16 available
 Memory: 7876M
 Large Page Support: Disabled
 NUMA Support: Disabled
 Compressed Oops: Enabled (32-bit)
 Alignments: Space 512K, Generation 512K, Heap 2M
 Heap Min Capacity: 100M
 Heap Initial Capacity: 100M
 Heap Max Capacity: 1G
 Pre-touch: Disabled
 Parallel Workers: 13

Heap:
 PSYoungGen      total 24576K, used 10574K [0x00000000eab00000, 0x00000000ec580000, 0x0000000100000000)
  eden space 22016K, 38% used [0x00000000eab00000,0x00000000eb34d250,0x00000000ec080000)
  from space 2560K, 81% used [0x00000000ec080000,0x00000000ec2868f0,0x00000000ec300000)
  to   space 2560K, 0% used [0x00000000ec300000,0x00000000ec300000,0x00000000ec580000)
 ParOldGen       total 68608K, used 34285K [0x00000000c0000000, 0x00000000c4300000, 0x00000000eab00000)
  object space 68608K, 49% used [0x00000000c0000000,0x00000000c217b478,0x00000000c4300000)
 Metaspace       used 49288K, committed 50560K, reserved 1114112K
  class space    used 5240K, committed 5824K, reserved 1048576K

Card table byte_map: [0x00000276ebd00000,0x00000276ebf10000] _byte_map_base: 0x00000276eb700000

Marking Bits: (ParMarkBitMap*) 0x00007ffba9e53260
 Begin Bits: [0x0000027680000000, 0x0000027681000000)
 End Bits:   [0x0000027681000000, 0x0000027682000000)

Polling page: 0x00000276e9f70000

Metaspace:

Usage:
  Non-class:     43.02 MB used.
      Class:      5.12 MB used.
       Both:     48.13 MB used.

Virtual space:
  Non-class space:       64.00 MB reserved,      43.69 MB ( 68%) committed,  1 nodes.
      Class space:        1.00 GB reserved,       5.69 MB ( <1%) committed,  1 nodes.
             Both:        1.06 GB reserved,      49.38 MB (  5%) committed. 

Chunk freelists:
   Non-Class:  3.66 MB
       Class:  10.26 MB
        Both:  13.91 MB

MaxMetaspaceSize: unlimited
CompressedClassSpaceSize: 1.00 GB
Initial GC threshold: 21.00 MB
Current GC threshold: 58.38 MB
CDS: on
 - commit_granule_bytes: 65536.
 - commit_granule_words: 8192.
 - virtual_space_node_default_size: 8388608.
 - enlarge_chunks_in_place: 1.
 - use_allocation_guard: 0.


Internal statistics:

num_allocs_failed_limit: 6.
num_arena_births: 960.
num_arena_deaths: 14.
num_vsnodes_births: 2.
num_vsnodes_deaths: 0.
num_space_committed: 790.
num_space_uncommitted: 0.
num_chunks_returned_to_freelist: 20.
num_chunks_taken_from_freelist: 3143.
num_chunk_merges: 12.
num_chunk_splits: 1892.
num_chunks_enlarged: 976.
num_inconsistent_stats: 0.

CodeHeap 'non-profiled nmethods': size=119168Kb used=3034Kb max_used=3034Kb free=116133Kb
 bounds [0x00000276f70f0000, 0x00000276f73f0000, 0x00000276fe550000]
CodeHeap 'profiled nmethods': size=119104Kb used=14111Kb max_used=14111Kb free=104993Kb
 bounds [0x00000276ef550000, 0x00000276f0320000, 0x00000276f69a0000]
CodeHeap 'non-nmethods': size=7488Kb used=3093Kb max_used=3143Kb free=4394Kb
 bounds [0x00000276f69a0000, 0x00000276f6d00000, 0x00000276f70f0000]
 total_blobs=7346 nmethods=6636 adapters=613
 compilation: enabled
              stopped_count=0, restarted_count=0
 full_count=0

Compilation events (20 events):
Event: 19.870 Thread 0x00000276cb1d5be0 nmethod 7256 0x00000276f0302b10 code [0x00000276f0302cc0, 0x00000276f0302e70]
Event: 19.870 Thread 0x00000276cb1d6980 nmethod 7257 0x00000276f0302f90 code [0x00000276f0303120, 0x00000276f0303218]
Event: 19.870 Thread 0x00000276cb1d5510 7258       3       com.google.common.collect.ImmutableMultimap::isEmpty (5 bytes)
Event: 19.870 Thread 0x00000276ffc5e7d0 7259       3       com.google.common.collect.AbstractMultimap::isEmpty (13 bytes)
Event: 19.871 Thread 0x00000276ffc5e7d0 nmethod 7259 0x00000276f0303290 code [0x00000276f0303440, 0x00000276f0303658]
Event: 19.871 Thread 0x00000276cb1d5510 nmethod 7258 0x00000276f0303710 code [0x00000276f03038c0, 0x00000276f0303b18]
Event: 19.875 Thread 0x00000276ec4101e0 nmethod 7160 0x00000276f73e2610 code [0x00000276f73e27c0, 0x00000276f73e2aa0]
Event: 19.875 Thread 0x00000276ec4101e0 7264       4       java.util.stream.SpinedBuffer::clear (88 bytes)
Event: 19.876 Thread 0x00000276cb1d7720 nmethod 7162 0x00000276f73e2c10 code [0x00000276f73e2de0, 0x00000276f73e3228]
Event: 19.877 Thread 0x00000276cb1d7720 7171       4       sun.security.util.math.intpoly.IntegerPolynomial$MutableElement::setSquare (52 bytes)
Event: 19.877 Thread 0x00000276ec4101e0 nmethod 7264 0x00000276f73e3510 code [0x00000276f73e36a0, 0x00000276f73e37a8]
Event: 19.877 Thread 0x00000276ec4101e0 7174       4       sun.security.util.math.intpoly.IntegerPolynomial$MutableElement::setSquare (5 bytes)
Event: 19.878 Thread 0x00000276cb1d7720 nmethod 7171 0x00000276f73e3890 code [0x00000276f73e3a40, 0x00000276f73e3b88]
Event: 19.878 Thread 0x00000276cb1d7720 7178       4       sun.security.util.math.intpoly.IntegerPolynomialP256::square (613 bytes)
Event: 19.879 Thread 0x00000276ec4101e0 nmethod 7174 0x00000276f73e3c90 code [0x00000276f73e3e40, 0x00000276f73e3f88]
Event: 19.879 Thread 0x00000276ec4101e0 7161       4       sun.security.util.math.intpoly.IntegerPolynomialP256::reduce (40 bytes)
Event: 19.880 Thread 0x00000276ec4101e0 nmethod 7161 0x00000276f73e4110 code [0x00000276f73e42a0, 0x00000276f73e43d8]
Event: 19.880 Thread 0x00000276ec4101e0 7181       4       sun.security.ec.point.ProjectivePoint$Mutable::conditionalSet (53 bytes)
Event: 19.889 Thread 0x00000276cb1d7720 nmethod 7178 0x00000276f73e4510 code [0x00000276f73e46c0, 0x00000276f73e4c18]
Event: 19.890 Thread 0x00000276cb1d7720 6931       4       jdk.internal.jimage.ImageLocation::getFullName (109 bytes)

GC Heap History (20 events):
Event: 15.869 GC heap before
{Heap before GC invocations=13 (full 1):
 PSYoungGen      total 23552K, used 23485K [0x00000000eab00000, 0x00000000ec800000, 0x0000000100000000)
  eden space 22528K, 100% used [0x00000000eab00000,0x00000000ec100000,0x00000000ec100000)
  from space 1024K, 93% used [0x00000000ec580000,0x00000000ec66f680,0x00000000ec680000)
  to   space 1536K, 0% used [0x00000000ec680000,0x00000000ec680000,0x00000000ec800000)
 ParOldGen       total 68608K, used 15690K [0x00000000c0000000, 0x00000000c4300000, 0x00000000eab00000)
  object space 68608K, 22% used [0x00000000c0000000,0x00000000c0f52b70,0x00000000c4300000)
 Metaspace       used 32594K, committed 33536K, reserved 1114112K
  class space    used 3233K, committed 3648K, reserved 1048576K
}
Event: 15.872 GC heap after
{Heap after GC invocations=13 (full 1):
 PSYoungGen      total 23552K, used 1317K [0x00000000eab00000, 0x00000000ec800000, 0x0000000100000000)
  eden space 22016K, 0% used [0x00000000eab00000,0x00000000eab00000,0x00000000ec080000)
  from space 1536K, 85% used [0x00000000ec680000,0x00000000ec7c9568,0x00000000ec800000)
  to   space 1536K, 0% used [0x00000000ec500000,0x00000000ec500000,0x00000000ec680000)
 ParOldGen       total 68608K, used 16298K [0x00000000c0000000, 0x00000000c4300000, 0x00000000eab00000)
  object space 68608K, 23% used [0x00000000c0000000,0x00000000c0feab70,0x00000000c4300000)
 Metaspace       used 32594K, committed 33536K, reserved 1114112K
  class space    used 3233K, committed 3648K, reserved 1048576K
}
Event: 16.418 GC heap before
{Heap before GC invocations=14 (full 1):
 PSYoungGen      total 23552K, used 18982K [0x00000000eab00000, 0x00000000ec800000, 0x0000000100000000)
  eden space 22016K, 80% used [0x00000000eab00000,0x00000000ebc405e8,0x00000000ec080000)
  from space 1536K, 85% used [0x00000000ec680000,0x00000000ec7c9568,0x00000000ec800000)
  to   space 1536K, 0% used [0x00000000ec500000,0x00000000ec500000,0x00000000ec680000)
 ParOldGen       total 68608K, used 16298K [0x00000000c0000000, 0x00000000c4300000, 0x00000000eab00000)
  object space 68608K, 23% used [0x00000000c0000000,0x00000000c0feab70,0x00000000c4300000)
 Metaspace       used 34886K, committed 35840K, reserved 1114112K
  class space    used 3521K, committed 3968K, reserved 1048576K
}
Event: 16.421 GC heap after
{Heap after GC invocations=14 (full 1):
 PSYoungGen      total 23040K, used 992K [0x00000000eab00000, 0x00000000ec700000, 0x0000000100000000)
  eden space 22016K, 0% used [0x00000000eab00000,0x00000000eab00000,0x00000000ec080000)
  from space 1024K, 96% used [0x00000000ec500000,0x00000000ec5f8000,0x00000000ec600000)
  to   space 1024K, 0% used [0x00000000ec600000,0x00000000ec600000,0x00000000ec700000)
 ParOldGen       total 68608K, used 17281K [0x00000000c0000000, 0x00000000c4300000, 0x00000000eab00000)
  object space 68608K, 25% used [0x00000000c0000000,0x00000000c10e05a8,0x00000000c4300000)
 Metaspace       used 34886K, committed 35840K, reserved 1114112K
  class space    used 3521K, committed 3968K, reserved 1048576K
}
Event: 16.421 GC heap before
{Heap before GC invocations=15 (full 2):
 PSYoungGen      total 23040K, used 992K [0x00000000eab00000, 0x00000000ec700000, 0x0000000100000000)
  eden space 22016K, 0% used [0x00000000eab00000,0x00000000eab00000,0x00000000ec080000)
  from space 1024K, 96% used [0x00000000ec500000,0x00000000ec5f8000,0x00000000ec600000)
  to   space 1024K, 0% used [0x00000000ec600000,0x00000000ec600000,0x00000000ec700000)
 ParOldGen       total 68608K, used 17281K [0x00000000c0000000, 0x00000000c4300000, 0x00000000eab00000)
  object space 68608K, 25% used [0x00000000c0000000,0x00000000c10e05a8,0x00000000c4300000)
 Metaspace       used 34886K, committed 35840K, reserved 1114112K
  class space    used 3521K, committed 3968K, reserved 1048576K
}
Event: 16.464 GC heap after
{Heap after GC invocations=15 (full 2):
 PSYoungGen      total 23040K, used 0K [0x00000000eab00000, 0x00000000ec700000, 0x0000000100000000)
  eden space 22016K, 0% used [0x00000000eab00000,0x00000000eab00000,0x00000000ec080000)
  from space 1024K, 0% used [0x00000000ec500000,0x00000000ec500000,0x00000000ec600000)
  to   space 1024K, 0% used [0x00000000ec600000,0x00000000ec600000,0x00000000ec700000)
 ParOldGen       total 68608K, used 17289K [0x00000000c0000000, 0x00000000c4300000, 0x00000000eab00000)
  object space 68608K, 25% used [0x00000000c0000000,0x00000000c10e2728,0x00000000c4300000)
 Metaspace       used 34886K, committed 35840K, reserved 1114112K
  class space    used 3521K, committed 3968K, reserved 1048576K
}
Event: 17.329 GC heap before
{Heap before GC invocations=16 (full 2):
 PSYoungGen      total 23040K, used 22016K [0x00000000eab00000, 0x00000000ec700000, 0x0000000100000000)
  eden space 22016K, 100% used [0x00000000eab00000,0x00000000ec080000,0x00000000ec080000)
  from space 1024K, 0% used [0x00000000ec500000,0x00000000ec500000,0x00000000ec600000)
  to   space 1024K, 0% used [0x00000000ec600000,0x00000000ec600000,0x00000000ec700000)
 ParOldGen       total 68608K, used 17289K [0x00000000c0000000, 0x00000000c4300000, 0x00000000eab00000)
  object space 68608K, 25% used [0x00000000c0000000,0x00000000c10e2728,0x00000000c4300000)
 Metaspace       used 37467K, committed 38592K, reserved 1114112K
  class space    used 3825K, committed 4288K, reserved 1048576K
}
Event: 17.332 GC heap after
{Heap after GC invocations=16 (full 2):
 PSYoungGen      total 23040K, used 1021K [0x00000000eab00000, 0x00000000ec700000, 0x0000000100000000)
  eden space 22016K, 0% used [0x00000000eab00000,0x00000000eab00000,0x00000000ec080000)
  from space 1024K, 99% used [0x00000000ec600000,0x00000000ec6ff518,0x00000000ec700000)
  to   space 2048K, 0% used [0x00000000ec300000,0x00000000ec300000,0x00000000ec500000)
 ParOldGen       total 68608K, used 17822K [0x00000000c0000000, 0x00000000c4300000, 0x00000000eab00000)
  object space 68608K, 25% used [0x00000000c0000000,0x00000000c1167a80,0x00000000c4300000)
 Metaspace       used 37467K, committed 38592K, reserved 1114112K
  class space    used 3825K, committed 4288K, reserved 1048576K
}
Event: 17.754 GC heap before
{Heap before GC invocations=17 (full 2):
 PSYoungGen      total 23040K, used 23037K [0x00000000eab00000, 0x00000000ec700000, 0x0000000100000000)
  eden space 22016K, 100% used [0x00000000eab00000,0x00000000ec080000,0x00000000ec080000)
  from space 1024K, 99% used [0x00000000ec600000,0x00000000ec6ff518,0x00000000ec700000)
  to   space 2048K, 0% used [0x00000000ec300000,0x00000000ec300000,0x00000000ec500000)
 ParOldGen       total 68608K, used 17822K [0x00000000c0000000, 0x00000000c4300000, 0x00000000eab00000)
  object space 68608K, 25% used [0x00000000c0000000,0x00000000c1167a80,0x00000000c4300000)
 Metaspace       used 40090K, committed 41152K, reserved 1114112K
  class space    used 4145K, committed 4608K, reserved 1048576K
}
Event: 17.758 GC heap after
{Heap after GC invocations=17 (full 2):
 PSYoungGen      total 24064K, used 2019K [0x00000000eab00000, 0x00000000ec700000, 0x0000000100000000)
  eden space 22016K, 0% used [0x00000000eab00000,0x00000000eab00000,0x00000000ec080000)
  from space 2048K, 98% used [0x00000000ec300000,0x00000000ec4f8f60,0x00000000ec500000)
  to   space 1024K, 0% used [0x00000000ec600000,0x00000000ec600000,0x00000000ec700000)
 ParOldGen       total 68608K, used 21766K [0x00000000c0000000, 0x00000000c4300000, 0x00000000eab00000)
  object space 68608K, 31% used [0x00000000c0000000,0x00000000c1541a68,0x00000000c4300000)
 Metaspace       used 40090K, committed 41152K, reserved 1114112K
  class space    used 4145K, committed 4608K, reserved 1048576K
}
Event: 18.147 GC heap before
{Heap before GC invocations=18 (full 2):
 PSYoungGen      total 24064K, used 24035K [0x00000000eab00000, 0x00000000ec700000, 0x0000000100000000)
  eden space 22016K, 100% used [0x00000000eab00000,0x00000000ec080000,0x00000000ec080000)
  from space 2048K, 98% used [0x00000000ec300000,0x00000000ec4f8f60,0x00000000ec500000)
  to   space 1024K, 0% used [0x00000000ec600000,0x00000000ec600000,0x00000000ec700000)
 ParOldGen       total 68608K, used 21766K [0x00000000c0000000, 0x00000000c4300000, 0x00000000eab00000)
  object space 68608K, 31% used [0x00000000c0000000,0x00000000c1541a68,0x00000000c4300000)
 Metaspace       used 42775K, committed 43840K, reserved 1114112K
  class space    used 4447K, committed 4928K, reserved 1048576K
}
Event: 18.151 GC heap after
{Heap after GC invocations=18 (full 2):
 PSYoungGen      total 23040K, used 1024K [0x00000000eab00000, 0x00000000ecb80000, 0x0000000100000000)
  eden space 22016K, 0% used [0x00000000eab00000,0x00000000eab00000,0x00000000ec080000)
  from space 1024K, 100% used [0x00000000ec600000,0x00000000ec700000,0x00000000ec700000)
  to   space 5632K, 0% used [0x00000000ec080000,0x00000000ec080000,0x00000000ec600000)
 ParOldGen       total 68608K, used 25820K [0x00000000c0000000, 0x00000000c4300000, 0x00000000eab00000)
  object space 68608K, 37% used [0x00000000c0000000,0x00000000c1937108,0x00000000c4300000)
 Metaspace       used 42775K, committed 43840K, reserved 1114112K
  class space    used 4447K, committed 4928K, reserved 1048576K
}
Event: 18.901 GC heap before
{Heap before GC invocations=19 (full 2):
 PSYoungGen      total 23040K, used 23040K [0x00000000eab00000, 0x00000000ecb80000, 0x0000000100000000)
  eden space 22016K, 100% used [0x00000000eab00000,0x00000000ec080000,0x00000000ec080000)
  from space 1024K, 100% used [0x00000000ec600000,0x00000000ec700000,0x00000000ec700000)
  to   space 5632K, 0% used [0x00000000ec080000,0x00000000ec080000,0x00000000ec600000)
 ParOldGen       total 68608K, used 25820K [0x00000000c0000000, 0x00000000c4300000, 0x00000000eab00000)
  object space 68608K, 37% used [0x00000000c0000000,0x00000000c1937108,0x00000000c4300000)
 Metaspace       used 45111K, committed 46272K, reserved 1114112K
  class space    used 4706K, committed 5248K, reserved 1048576K
}
Event: 18.904 GC heap after
{Heap after GC invocations=19 (full 2):
 PSYoungGen      total 24576K, used 2125K [0x00000000eab00000, 0x00000000ec780000, 0x0000000100000000)
  eden space 22016K, 0% used [0x00000000eab00000,0x00000000eab00000,0x00000000ec080000)
  from space 2560K, 83% used [0x00000000ec080000,0x00000000ec293510,0x00000000ec300000)
  to   space 3584K, 0% used [0x00000000ec400000,0x00000000ec400000,0x00000000ec780000)
 ParOldGen       total 68608K, used 26804K [0x00000000c0000000, 0x00000000c4300000, 0x00000000eab00000)
  object space 68608K, 39% used [0x00000000c0000000,0x00000000c1a2d108,0x00000000c4300000)
 Metaspace       used 45111K, committed 46272K, reserved 1114112K
  class space    used 4706K, committed 5248K, reserved 1048576K
}
Event: 19.447 GC heap before
{Heap before GC invocations=20 (full 2):
 PSYoungGen      total 24576K, used 24141K [0x00000000eab00000, 0x00000000ec780000, 0x0000000100000000)
  eden space 22016K, 100% used [0x00000000eab00000,0x00000000ec080000,0x00000000ec080000)
  from space 2560K, 83% used [0x00000000ec080000,0x00000000ec293510,0x00000000ec300000)
  to   space 3584K, 0% used [0x00000000ec400000,0x00000000ec400000,0x00000000ec780000)
 ParOldGen       total 68608K, used 26804K [0x00000000c0000000, 0x00000000c4300000, 0x00000000eab00000)
  object space 68608K, 39% used [0x00000000c0000000,0x00000000c1a2d108,0x00000000c4300000)
 Metaspace       used 46772K, committed 48000K, reserved 1114112K
  class space    used 4892K, committed 5440K, reserved 1048576K
}
Event: 19.451 GC heap after
{Heap after GC invocations=20 (full 2):
 PSYoungGen      total 24576K, used 2202K [0x00000000eab00000, 0x00000000ec680000, 0x0000000100000000)
  eden space 22016K, 0% used [0x00000000eab00000,0x00000000eab00000,0x00000000ec080000)
  from space 2560K, 86% used [0x00000000ec400000,0x00000000ec626b88,0x00000000ec680000)
  to   space 2560K, 0% used [0x00000000ec080000,0x00000000ec080000,0x00000000ec300000)
 ParOldGen       total 68608K, used 28527K [0x00000000c0000000, 0x00000000c4300000, 0x00000000eab00000)
  object space 68608K, 41% used [0x00000000c0000000,0x00000000c1bdbc80,0x00000000c4300000)
 Metaspace       used 46772K, committed 48000K, reserved 1114112K
  class space    used 4892K, committed 5440K, reserved 1048576K
}
Event: 19.571 GC heap before
{Heap before GC invocations=21 (full 2):
 PSYoungGen      total 24576K, used 24218K [0x00000000eab00000, 0x00000000ec680000, 0x0000000100000000)
  eden space 22016K, 100% used [0x00000000eab00000,0x00000000ec080000,0x00000000ec080000)
  from space 2560K, 86% used [0x00000000ec400000,0x00000000ec626b88,0x00000000ec680000)
  to   space 2560K, 0% used [0x00000000ec080000,0x00000000ec080000,0x00000000ec300000)
 ParOldGen       total 68608K, used 28527K [0x00000000c0000000, 0x00000000c4300000, 0x00000000eab00000)
  object space 68608K, 41% used [0x00000000c0000000,0x00000000c1bdbc80,0x00000000c4300000)
 Metaspace       used 47292K, committed 48448K, reserved 1114112K
  class space    used 4978K, committed 5504K, reserved 1048576K
}
Event: 19.574 GC heap after
{Heap after GC invocations=21 (full 2):
 PSYoungGen      total 24576K, used 2016K [0x00000000eab00000, 0x00000000ec580000, 0x0000000100000000)
  eden space 22016K, 0% used [0x00000000eab00000,0x00000000eab00000,0x00000000ec080000)
  from space 2560K, 78% used [0x00000000ec080000,0x00000000ec278020,0x00000000ec300000)
  to   space 2560K, 0% used [0x00000000ec300000,0x00000000ec300000,0x00000000ec580000)
 ParOldGen       total 68608K, used 30510K [0x00000000c0000000, 0x00000000c4300000, 0x00000000eab00000)
  object space 68608K, 44% used [0x00000000c0000000,0x00000000c1dcbb80,0x00000000c4300000)
 Metaspace       used 47292K, committed 48448K, reserved 1114112K
  class space    used 4978K, committed 5504K, reserved 1048576K
}
Event: 19.831 GC heap before
{Heap before GC invocations=22 (full 2):
 PSYoungGen      total 24576K, used 24032K [0x00000000eab00000, 0x00000000ec580000, 0x0000000100000000)
  eden space 22016K, 100% used [0x00000000eab00000,0x00000000ec080000,0x00000000ec080000)
  from space 2560K, 78% used [0x00000000ec080000,0x00000000ec278020,0x00000000ec300000)
  to   space 2560K, 0% used [0x00000000ec300000,0x00000000ec300000,0x00000000ec580000)
 ParOldGen       total 68608K, used 30510K [0x00000000c0000000, 0x00000000c4300000, 0x00000000eab00000)
  object space 68608K, 44% used [0x00000000c0000000,0x00000000c1dcbb80,0x00000000c4300000)
 Metaspace       used 48700K, committed 49984K, reserved 1114112K
  class space    used 5177K, committed 5760K, reserved 1048576K
}
Event: 19.835 GC heap after
{Heap after GC invocations=22 (full 2):
 PSYoungGen      total 24576K, used 2050K [0x00000000eab00000, 0x00000000ec580000, 0x0000000100000000)
  eden space 22016K, 0% used [0x00000000eab00000,0x00000000eab00000,0x00000000ec080000)
  from space 2560K, 80% used [0x00000000ec300000,0x00000000ec500800,0x00000000ec580000)
  to   space 2560K, 0% used [0x00000000ec080000,0x00000000ec080000,0x00000000ec300000)
 ParOldGen       total 68608K, used 32398K [0x00000000c0000000, 0x00000000c4300000, 0x00000000eab00000)
  object space 68608K, 47% used [0x00000000c0000000,0x00000000c1fa3ba0,0x00000000c4300000)
 Metaspace       used 48700K, committed 49984K, reserved 1114112K
  class space    used 5177K, committed 5760K, reserved 1048576K
}

Dll operation events (12 events):
Event: 1.165 Loaded shared library c:\Users\DELL\.vscode\extensions\redhat.java-1.41.1-win32-x64\jre\21.0.6-win32-x86_64\bin\java.dll
Event: 1.989 Loaded shared library c:\Users\DELL\.vscode\extensions\redhat.java-1.41.1-win32-x64\jre\21.0.6-win32-x86_64\bin\zip.dll
Event: 2.061 Loaded shared library C:\Users\DELL\.vscode\extensions\redhat.java-1.41.1-win32-x64\jre\21.0.6-win32-x86_64\bin\instrument.dll
Event: 2.352 Loaded shared library C:\Users\DELL\.vscode\extensions\redhat.java-1.41.1-win32-x64\jre\21.0.6-win32-x86_64\bin\net.dll
Event: 2.594 Loaded shared library C:\Users\DELL\.vscode\extensions\redhat.java-1.41.1-win32-x64\jre\21.0.6-win32-x86_64\bin\nio.dll
Event: 2.604 Loaded shared library C:\Users\DELL\.vscode\extensions\redhat.java-1.41.1-win32-x64\jre\21.0.6-win32-x86_64\bin\zip.dll
Event: 2.653 Loaded shared library C:\Users\DELL\.vscode\extensions\redhat.java-1.41.1-win32-x64\jre\21.0.6-win32-x86_64\bin\jimage.dll
Event: 3.232 Loaded shared library c:\Users\DELL\.vscode\extensions\redhat.java-1.41.1-win32-x64\jre\21.0.6-win32-x86_64\bin\verify.dll
Event: 6.476 Loaded shared library C:\Users\DELL\AppData\Roaming\Code\User\globalStorage\redhat.java\1.41.1\config_win\org.eclipse.equinox.launcher\org.eclipse.equinox.launcher.win32.win32.x86_64_1.2.1300.v20250331-1702\eclipse_11911.dll
Event: 9.491 Loaded shared library C:\Users\DELL\AppData\Local\Temp\jna-2094529\jna4856623138870956201.dll
Event: 17.311 Loaded shared library C:\Users\DELL\.vscode\extensions\redhat.java-1.41.1-win32-x64\jre\21.0.6-win32-x86_64\bin\sunmscapi.dll
Event: 19.127 Loaded shared library C:\Users\DELL\.vscode\extensions\redhat.java-1.41.1-win32-x64\jre\21.0.6-win32-x86_64\bin\extnet.dll

Deoptimization events (20 events):
Event: 19.835 Thread 0x00000276c9563f80 Uncommon trap: trap_request=0xffffffde fr.pc=0x00000276f738c548 relative=0x0000000000000448
Event: 19.835 Thread 0x00000276c9563f80 Uncommon trap: reason=class_check action=maybe_recompile pc=0x00000276f738c548 method=java.util.HashMap.removeNode(ILjava/lang/Object;Ljava/lang/Object;ZZ)Ljava/util/HashMap$Node; @ 283 c2
Event: 19.835 Thread 0x00000276c9563f80 DEOPT PACKING pc=0x00000276f738c548 sp=0x000000c30defea10
Event: 19.835 Thread 0x00000276c9563f80 DEOPT UNPACKING pc=0x00000276f69f3aa2 sp=0x000000c30defe918 mode 2
Event: 19.845 Thread 0x00000276c9563f80 Uncommon trap: trap_request=0xffffffde fr.pc=0x00000276f738c548 relative=0x0000000000000448
Event: 19.845 Thread 0x00000276c9563f80 Uncommon trap: reason=class_check action=maybe_recompile pc=0x00000276f738c548 method=java.util.HashMap.removeNode(ILjava/lang/Object;Ljava/lang/Object;ZZ)Ljava/util/HashMap$Node; @ 283 c2
Event: 19.845 Thread 0x00000276c9563f80 DEOPT PACKING pc=0x00000276f738c548 sp=0x000000c30defea10
Event: 19.845 Thread 0x00000276c9563f80 DEOPT UNPACKING pc=0x00000276f69f3aa2 sp=0x000000c30defe918 mode 2
Event: 19.846 Thread 0x00000276c9563f80 Uncommon trap: trap_request=0xffffffde fr.pc=0x00000276f738c548 relative=0x0000000000000448
Event: 19.846 Thread 0x00000276c9563f80 Uncommon trap: reason=class_check action=maybe_recompile pc=0x00000276f738c548 method=java.util.HashMap.removeNode(ILjava/lang/Object;Ljava/lang/Object;ZZ)Ljava/util/HashMap$Node; @ 283 c2
Event: 19.846 Thread 0x00000276c9563f80 DEOPT PACKING pc=0x00000276f738c548 sp=0x000000c30defea10
Event: 19.846 Thread 0x00000276c9563f80 DEOPT UNPACKING pc=0x00000276f69f3aa2 sp=0x000000c30defe918 mode 2
Event: 19.846 Thread 0x00000276c9563f80 Uncommon trap: trap_request=0xffffffde fr.pc=0x00000276f738c548 relative=0x0000000000000448
Event: 19.846 Thread 0x00000276c9563f80 Uncommon trap: reason=class_check action=maybe_recompile pc=0x00000276f738c548 method=java.util.HashMap.removeNode(ILjava/lang/Object;Ljava/lang/Object;ZZ)Ljava/util/HashMap$Node; @ 283 c2
Event: 19.846 Thread 0x00000276c9563f80 DEOPT PACKING pc=0x00000276f738c548 sp=0x000000c30defea10
Event: 19.846 Thread 0x00000276c9563f80 DEOPT UNPACKING pc=0x00000276f69f3aa2 sp=0x000000c30defe918 mode 2
Event: 19.846 Thread 0x00000276c9563f80 Uncommon trap: trap_request=0xffffffde fr.pc=0x00000276f73854e8 relative=0x0000000000000368
Event: 19.846 Thread 0x00000276c9563f80 Uncommon trap: reason=class_check action=maybe_recompile pc=0x00000276f73854e8 method=java.util.HashMap.removeNode(ILjava/lang/Object;Ljava/lang/Object;ZZ)Ljava/util/HashMap$Node; @ 283 c2
Event: 19.846 Thread 0x00000276c9563f80 DEOPT PACKING pc=0x00000276f73854e8 sp=0x000000c30defe970
Event: 19.846 Thread 0x00000276c9563f80 DEOPT UNPACKING pc=0x00000276f69f3aa2 sp=0x000000c30defe918 mode 2

Classes loaded (20 events):
Event: 19.646 Loading class sun/security/util/math/intpoly/IntegerPolynomialP521
Event: 19.647 Loading class sun/security/util/math/intpoly/IntegerPolynomialP521 done
Event: 19.649 Loading class sun/security/util/math/intpoly/P384OrderField
Event: 19.650 Loading class sun/security/util/math/intpoly/P384OrderField done
Event: 19.650 Loading class sun/security/util/math/intpoly/P521OrderField
Event: 19.651 Loading class sun/security/util/math/intpoly/P521OrderField done
Event: 19.653 Loading class java/security/interfaces/ECPrivateKey
Event: 19.653 Loading class java/security/interfaces/ECPrivateKey done
Event: 19.654 Loading class sun/security/util/ArrayUtil
Event: 19.655 Loading class sun/security/util/ArrayUtil done
Event: 19.681 Loading class sun/security/util/math/IntegerModuloP$MultiplicativeInverser$Secp256R1
Event: 19.682 Loading class sun/security/util/math/IntegerModuloP$MultiplicativeInverser$Secp256R1 done
Event: 19.745 Loading class java/util/AbstractList$ListItr
Event: 19.745 Loading class java/util/AbstractList$ListItr done
Event: 19.857 Loading class sun/security/ssl/KeyShareExtension$CHKeyShareSpec
Event: 19.858 Loading class sun/security/ssl/KeyShareExtension$CHKeyShareSpec done
Event: 19.859 Loading class sun/security/ssl/OutputRecord$T13PaddingHolder
Event: 19.859 Loading class sun/security/ssl/OutputRecord$T13PaddingHolder done
Event: 19.859 Loading class sun/security/ssl/ContentType
Event: 19.860 Loading class sun/security/ssl/ContentType done

Classes unloaded (7 events):
Event: 12.526 Thread 0x00000276fe7333f0 Unloading class 0x0000027683198c00 'java/lang/invoke/LambdaForm$MH+0x0000027683198c00'
Event: 12.526 Thread 0x00000276fe7333f0 Unloading class 0x0000027683198800 'java/lang/invoke/LambdaForm$MH+0x0000027683198800'
Event: 12.526 Thread 0x00000276fe7333f0 Unloading class 0x0000027683198400 'java/lang/invoke/LambdaForm$MH+0x0000027683198400'
Event: 12.526 Thread 0x00000276fe7333f0 Unloading class 0x0000027683198000 'java/lang/invoke/LambdaForm$MH+0x0000027683198000'
Event: 12.526 Thread 0x00000276fe7333f0 Unloading class 0x0000027683197c00 'java/lang/invoke/LambdaForm$BMH+0x0000027683197c00'
Event: 12.526 Thread 0x00000276fe7333f0 Unloading class 0x0000027683197800 'java/lang/invoke/LambdaForm$DMH+0x0000027683197800'
Event: 12.526 Thread 0x00000276fe7333f0 Unloading class 0x0000027683196400 'java/lang/invoke/LambdaForm$DMH+0x0000027683196400'

Classes redefined (0 events):
No events

Internal exceptions (20 events):
Event: 17.525 Thread 0x00000276c95638f0 Exception <a 'sun/nio/fs/WindowsException'{0x00000000eb203f40}> (0x00000000eb203f40) 
thrown [s\src\hotspot\share\prims\jni.cpp, line 520]
Event: 17.598 Thread 0x00000276c9563260 Exception <a 'sun/nio/fs/WindowsException'{0x00000000eb713528}> (0x00000000eb713528) 
thrown [s\src\hotspot\share\prims\jni.cpp, line 520]
Event: 17.599 Thread 0x00000276c9563260 Exception <a 'sun/nio/fs/WindowsException'{0x00000000eb713b58}> (0x00000000eb713b58) 
thrown [s\src\hotspot\share\prims\jni.cpp, line 520]
Event: 17.903 Thread 0x00000276c9563260 Exception <a 'java/io/FileNotFoundException'{0x00000000eb3e6978}> (0x00000000eb3e6978) 
thrown [s\src\hotspot\share\prims\jni.cpp, line 520]
Event: 18.056 Thread 0x00000276c9563260 Exception <a 'sun/nio/fs/WindowsException'{0x00000000ebb788a8}> (0x00000000ebb788a8) 
thrown [s\src\hotspot\share\prims\jni.cpp, line 520]
Event: 18.087 Thread 0x00000276c9563f80 Exception <a 'java/lang/NoSuchMethodError'{0x00000000ebcd9b70}: 'void java.lang.invoke.DirectMethodHandle$Holder.invokeStaticInit(java.lang.Object, java.lang.Object, java.lang.Object)'> (0x00000000ebcd9b70) 
thrown [s\src\hotspot\share\interpreter\linkResolver.cpp, line 773]
Event: 18.101 Thread 0x00000276c9563f80 Exception <a 'java/lang/ExceptionInInitializerError'{0x00000000ebeb2bd8}> (0x00000000ebeb2bd8) 
thrown [s\src\hotspot\share\oops\instanceKlass.cpp, line 1220]
Event: 18.202 Thread 0x00000276ec35ef30 Exception <a 'java/lang/NoSuchMethodError'{0x00000000eae24f58}: 'void java.lang.invoke.DirectMethodHandle$Holder.invokeSpecial(java.lang.Object, java.lang.Object, java.lang.Object, java.lang.Object, java.lang.Object, java.lang.Object)'> (0x00000000eae24f58) 
thrown [s\src\hotspot\share\interpreter\linkResolver.cpp, line 773]
Event: 18.205 Thread 0x00000276ec35ef30 Exception <a 'java/lang/IncompatibleClassChangeError'{0x00000000eae64e78}: Found class java.lang.Object, but interface was expected> (0x00000000eae64e78) 
thrown [s\src\hotspot\share\interpreter\linkResolver.cpp, line 840]
Event: 18.259 Thread 0x00000276c9563f80 Implicit null exception at 0x00000276f723d07e to 0x00000276f723d2f0
Event: 18.259 Thread 0x00000276c9563f80 Implicit null exception at 0x00000276f71a449c to 0x00000276f71a535c
Event: 18.264 Thread 0x00000276c9563f80 Exception <a 'java/lang/NoSuchMethodError'{0x00000000eafffe00}: 'java.lang.Object java.lang.invoke.Invokers$Holder.invokeExact_MT(java.lang.Object, int, java.lang.Object)'> (0x00000000eafffe00) 
thrown [s\src\hotspot\share\interpreter\linkResolver.cpp, line 773]
Event: 18.292 Thread 0x00000276ec35ef30 Exception <a 'java/lang/IncompatibleClassChangeError'{0x00000000eae66cd0}: Found class java.lang.Object, but interface was expected> (0x00000000eae66cd0) 
thrown [s\src\hotspot\share\interpreter\linkResolver.cpp, line 840]
Event: 18.968 Thread 0x00000276c9563260 Implicit null exception at 0x00000276f72a8b77 to 0x00000276f72a8de8
Event: 18.969 Thread 0x00000276c9563260 Exception <a 'java/lang/NoSuchMethodError'{0x00000000eada3a90}: 'java.lang.Object java.lang.invoke.DelegatingMethodHandle$Holder.reinvoke_L(java.lang.Object, int, long, java.lang.Object, java.lang.Object, int, java.lang.Object)'> (0x00000000eada3a90) 
thrown [s\src\hotspot\share\interpreter\linkResolver.cpp, line 773]
Event: 19.701 Thread 0x00000276c9564610 Exception <a 'java/io/FileNotFoundException'{0x00000000eb831c00}> (0x00000000eb831c00) 
thrown [s\src\hotspot\share\prims\jni.cpp, line 520]
Event: 19.701 Thread 0x00000276c9564610 Exception <a 'java/io/FileNotFoundException'{0x00000000eb832e68}> (0x00000000eb832e68) 
thrown [s\src\hotspot\share\prims\jni.cpp, line 520]
Event: 19.720 Thread 0x00000276c9564610 Exception <a 'java/lang/NoSuchMethodError'{0x00000000eb89f910}: 'java.lang.Object java.lang.invoke.DirectMethodHandle$Holder.newInvokeSpecial(java.lang.Object, java.lang.Object, java.lang.Object, int)'> (0x00000000eb89f910) 
thrown [s\src\hotspot\share\interpreter\linkResolver.cpp, line 773]
Event: 19.724 Thread 0x00000276c9564610 Exception <a 'java/lang/NoSuchMethodError'{0x00000000eb8e94c8}: 'java.lang.Object java.lang.invoke.DirectMethodHandle$Holder.invokeSpecial(java.lang.Object, java.lang.Object, java.lang.Object, java.lang.Object, int)'> (0x00000000eb8e94c8) 
thrown [s\src\hotspot\share\interpreter\linkResolver.cpp, line 773]
Event: 19.728 Thread 0x00000276c9564610 Exception <a 'java/lang/NoSuchMethodError'{0x00000000eb941800}: 'java.lang.Object java.lang.invoke.Invokers$Holder.linkToTargetMethod(java.lang.Object, java.lang.Object, int, java.lang.Object)'> (0x00000000eb941800) 
thrown [s\src\hotspot\share\interpreter\linkResolver.cpp, line 773]

ZGC Phase Switch (0 events):
No events

VM Operations (20 events):
Event: 18.829 Executing VM operation: ICBufferFull
Event: 18.835 Executing VM operation: ICBufferFull done
Event: 18.886 Executing VM operation: ParallelGCFailedAllocation (Allocation Failure)
Event: 18.904 Executing VM operation: ParallelGCFailedAllocation (Allocation Failure) done
Event: 19.067 Executing VM operation: HandshakeAllThreads (Deoptimize)
Event: 19.085 Executing VM operation: HandshakeAllThreads (Deoptimize) done
Event: 19.087 Executing VM operation: HandshakeAllThreads (Deoptimize)
Event: 19.093 Executing VM operation: HandshakeAllThreads (Deoptimize) done
Event: 19.209 Executing VM operation: HandshakeAllThreads (Deoptimize)
Event: 19.212 Executing VM operation: HandshakeAllThreads (Deoptimize) done
Event: 19.366 Executing VM operation: HandshakeAllThreads (Deoptimize)
Event: 19.383 Executing VM operation: HandshakeAllThreads (Deoptimize) done
Event: 19.446 Executing VM operation: ParallelGCFailedAllocation (Allocation Failure)
Event: 19.451 Executing VM operation: ParallelGCFailedAllocation (Allocation Failure) done
Event: 19.570 Executing VM operation: ParallelGCFailedAllocation (Allocation Failure)
Event: 19.574 Executing VM operation: ParallelGCFailedAllocation (Allocation Failure) done
Event: 19.747 Executing VM operation: HandshakeAllThreads (Deoptimize)
Event: 19.754 Executing VM operation: HandshakeAllThreads (Deoptimize) done
Event: 19.815 Executing VM operation: ParallelGCFailedAllocation (Allocation Failure)
Event: 19.835 Executing VM operation: ParallelGCFailedAllocation (Allocation Failure) done

Memory protections (0 events):
No events

Nmethod flushes (20 events):
Event: 16.444 Thread 0x00000276fe7333f0 flushing  nmethod 0x00000276efc59890
Event: 16.444 Thread 0x00000276fe7333f0 flushing  nmethod 0x00000276efc5a010
Event: 16.444 Thread 0x00000276fe7333f0 flushing  nmethod 0x00000276efc5b590
Event: 16.444 Thread 0x00000276fe7333f0 flushing  nmethod 0x00000276efc5ba90
Event: 16.445 Thread 0x00000276fe7333f0 flushing  nmethod 0x00000276efc5c390
Event: 16.445 Thread 0x00000276fe7333f0 flushing  nmethod 0x00000276efc5d790
Event: 16.445 Thread 0x00000276fe7333f0 flushing  nmethod 0x00000276efc5f210
Event: 16.445 Thread 0x00000276fe7333f0 flushing  nmethod 0x00000276efc60c90
Event: 16.445 Thread 0x00000276fe7333f0 flushing  nmethod 0x00000276efcbda90
Event: 16.445 Thread 0x00000276fe7333f0 flushing  nmethod 0x00000276efcc2290
Event: 16.445 Thread 0x00000276fe7333f0 flushing  nmethod 0x00000276efcc6610
Event: 16.445 Thread 0x00000276fe7333f0 flushing  nmethod 0x00000276efcce890
Event: 16.445 Thread 0x00000276fe7333f0 flushing  nmethod 0x00000276efd20910
Event: 16.445 Thread 0x00000276fe7333f0 flushing  nmethod 0x00000276efd4f310
Event: 16.445 Thread 0x00000276fe7333f0 flushing  nmethod 0x00000276efd56e10
Event: 16.445 Thread 0x00000276fe7333f0 flushing  nmethod 0x00000276efda8810
Event: 16.445 Thread 0x00000276fe7333f0 flushing  nmethod 0x00000276efdb6a90
Event: 16.445 Thread 0x00000276fe7333f0 flushing  nmethod 0x00000276efdb6f10
Event: 16.445 Thread 0x00000276fe7333f0 flushing  nmethod 0x00000276efdb8c90
Event: 16.445 Thread 0x00000276fe7333f0 flushing  nmethod 0x00000276efddf890

Events (20 events):
Event: 16.769 Thread 0x00000276ec35ef30 Thread added: 0x00000276cae247e0
Event: 16.770 Thread 0x00000276ec35ef30 Thread added: 0x00000276cae24150
Event: 16.770 Thread 0x00000276ec35ef30 Thread added: 0x00000276cae219f0
Event: 16.770 Thread 0x00000276ec35ef30 Thread added: 0x00000276cae21360
Event: 16.771 Thread 0x00000276ec35ef30 Thread added: 0x00000276cae24e70
Event: 16.771 Thread 0x00000276ec35ef30 Thread added: 0x00000276cae25500
Event: 16.771 Thread 0x00000276ec35ef30 Thread added: 0x00000276cae25b90
Event: 16.826 Thread 0x00000276ec35ef30 Thread added: 0x00000276cae26220
Event: 17.340 Thread 0x00000276ca687eb0 Thread exited: 0x00000276ca687eb0
Event: 17.341 Thread 0x00000276c93f5230 Thread exited: 0x00000276c93f5230
Event: 17.342 Thread 0x00000276ffd302f0 Thread exited: 0x00000276ffd302f0
Event: 17.365 Thread 0x00000276ffc5e7d0 Thread added: 0x00000276cb1d6980
Event: 17.778 Thread 0x00000276ffc5e7d0 Thread added: 0x00000276cb1d5510
Event: 17.779 Thread 0x00000276ffc5e7d0 Thread added: 0x00000276cb1d5be0
Event: 18.082 Thread 0x00000276c95effb0 Thread exited: 0x00000276c95effb0
Event: 18.167 Thread 0x00000276c9564ca0 Thread added: 0x00000276cae268b0
Event: 18.422 Thread 0x00000276cae268b0 Thread added: 0x00000276cae26f40
Event: 18.558 Thread 0x00000276ec35ef30 Thread added: 0x00000276cc6535b0
Event: 18.559 Thread 0x00000276ec35ef30 Thread added: 0x00000276cc654ff0
Event: 19.129 Thread 0x00000276cb1d5510 Thread added: 0x00000276cb1d4e40


Dynamic libraries:
0x00007ff781be0000 - 0x00007ff781bee000 	c:\Users\DELL\.vscode\extensions\redhat.java-1.41.1-win32-x64\jre\21.0.6-win32-x86_64\bin\java.exe
0x00007ffc1bb60000 - 0x00007ffc1bdc6000 	C:\WINDOWS\SYSTEM32\ntdll.dll
0x00007ffc1af50000 - 0x00007ffc1b019000 	C:\WINDOWS\System32\KERNEL32.DLL
0x00007ffc18f30000 - 0x00007ffc192fc000 	C:\WINDOWS\System32\KERNELBASE.dll
0x00007ffc19300000 - 0x00007ffc1944b000 	C:\WINDOWS\System32\ucrtbase.dll
0x00007ffbfcb80000 - 0x00007ffbfcb98000 	c:\Users\DELL\.vscode\extensions\redhat.java-1.41.1-win32-x64\jre\21.0.6-win32-x86_64\bin\jli.dll
0x00007ffc19920000 - 0x00007ffc19aea000 	C:\WINDOWS\System32\USER32.dll
0x00007ffc18f00000 - 0x00007ffc18f27000 	C:\WINDOWS\System32\win32u.dll
0x00007ffc1b030000 - 0x00007ffc1b05b000 	C:\WINDOWS\System32\GDI32.dll
0x00007ffc19450000 - 0x00007ffc19582000 	C:\WINDOWS\System32\gdi32full.dll
0x00007ffc19630000 - 0x00007ffc196d3000 	C:\WINDOWS\System32\msvcp_win.dll
0x00007ffbfca20000 - 0x00007ffbfca3e000 	c:\Users\DELL\.vscode\extensions\redhat.java-1.41.1-win32-x64\jre\21.0.6-win32-x86_64\bin\VCRUNTIME140.dll
0x00007ffbf6ca0000 - 0x00007ffbf6f3a000 	C:\WINDOWS\WinSxS\amd64_microsoft.windows.common-controls_6595b64144ccf1df_6.0.26100.3912_none_3e07963ce335137e\COMCTL32.dll
0x00007ffc19bb0000 - 0x00007ffc19c59000 	C:\WINDOWS\System32\msvcrt.dll
0x00007ffc1abd0000 - 0x00007ffc1ac00000 	C:\WINDOWS\System32\IMM32.DLL
0x00007ffc0fbd0000 - 0x00007ffc0fbdc000 	c:\Users\DELL\.vscode\extensions\redhat.java-1.41.1-win32-x64\jre\21.0.6-win32-x86_64\bin\vcruntime140_1.dll
0x00007ffbe3ef0000 - 0x00007ffbe3f7d000 	c:\Users\DELL\.vscode\extensions\redhat.java-1.41.1-win32-x64\jre\21.0.6-win32-x86_64\bin\msvcp140.dll
0x00007ffba91a0000 - 0x00007ffba9f30000 	c:\Users\DELL\.vscode\extensions\redhat.java-1.41.1-win32-x64\jre\21.0.6-win32-x86_64\bin\server\jvm.dll
0x00007ffc19af0000 - 0x00007ffc19ba2000 	C:\WINDOWS\System32\ADVAPI32.dll
0x00007ffc1adf0000 - 0x00007ffc1ae96000 	C:\WINDOWS\System32\sechost.dll
0x00007ffc1a8e0000 - 0x00007ffc1a9f6000 	C:\WINDOWS\System32\RPCRT4.dll
0x00007ffc1a100000 - 0x00007ffc1a174000 	C:\WINDOWS\System32\WS2_32.dll
0x00007ffc17920000 - 0x00007ffc1797e000 	C:\WINDOWS\SYSTEM32\POWRPROF.dll
0x00007ffc0e970000 - 0x00007ffc0e9a6000 	C:\WINDOWS\SYSTEM32\WINMM.dll
0x00007ffc0e590000 - 0x00007ffc0e59b000 	C:\WINDOWS\SYSTEM32\VERSION.dll
0x00007ffc17900000 - 0x00007ffc17914000 	C:\WINDOWS\SYSTEM32\UMPDC.dll
0x00007ffc17bd0000 - 0x00007ffc17bea000 	C:\WINDOWS\SYSTEM32\kernel.appcore.dll
0x00007ffc0d550000 - 0x00007ffc0d55a000 	c:\Users\DELL\.vscode\extensions\redhat.java-1.41.1-win32-x64\jre\21.0.6-win32-x86_64\bin\jimage.dll
0x00007ffc16490000 - 0x00007ffc166d1000 	C:\WINDOWS\SYSTEM32\DBGHELP.DLL
0x00007ffc1a320000 - 0x00007ffc1a6a4000 	C:\WINDOWS\System32\combase.dll
0x00007ffc1b920000 - 0x00007ffc1ba00000 	C:\WINDOWS\System32\OLEAUT32.dll
0x00007ffbf1ce0000 - 0x00007ffbf1d19000 	C:\WINDOWS\SYSTEM32\dbgcore.DLL
0x00007ffc19590000 - 0x00007ffc19629000 	C:\WINDOWS\System32\bcryptPrimitives.dll
0x00007ffc02af0000 - 0x00007ffc02aff000 	c:\Users\DELL\.vscode\extensions\redhat.java-1.41.1-win32-x64\jre\21.0.6-win32-x86_64\bin\instrument.dll
0x00007ffbebc90000 - 0x00007ffbebcaf000 	c:\Users\DELL\.vscode\extensions\redhat.java-1.41.1-win32-x64\jre\21.0.6-win32-x86_64\bin\java.dll
0x00007ffc1b170000 - 0x00007ffc1b89d000 	C:\WINDOWS\System32\SHELL32.dll
0x00007ffc18cf0000 - 0x00007ffc18e64000 	C:\WINDOWS\System32\wintypes.dll
0x00007ffc16980000 - 0x00007ffc171d6000 	C:\WINDOWS\SYSTEM32\windows.storage.dll
0x00007ffc1a180000 - 0x00007ffc1a26f000 	C:\WINDOWS\System32\SHCORE.dll
0x00007ffc1a2b0000 - 0x00007ffc1a319000 	C:\WINDOWS\System32\shlwapi.dll
0x00007ffc18c00000 - 0x00007ffc18c2f000 	C:\WINDOWS\SYSTEM32\profapi.dll
0x00007ffbe43c0000 - 0x00007ffbe43d8000 	c:\Users\DELL\.vscode\extensions\redhat.java-1.41.1-win32-x64\jre\21.0.6-win32-x86_64\bin\zip.dll
0x00007ffc00a70000 - 0x00007ffc00a80000 	C:\Users\DELL\.vscode\extensions\redhat.java-1.41.1-win32-x64\jre\21.0.6-win32-x86_64\bin\net.dll
0x00007ffc0e1f0000 - 0x00007ffc0e30e000 	C:\WINDOWS\SYSTEM32\WINHTTP.dll
0x00007ffc18140000 - 0x00007ffc181aa000 	C:\WINDOWS\system32\mswsock.dll
0x00007ffbe43a0000 - 0x00007ffbe43b6000 	C:\Users\DELL\.vscode\extensions\redhat.java-1.41.1-win32-x64\jre\21.0.6-win32-x86_64\bin\nio.dll
0x00007ffbfdfe0000 - 0x00007ffbfdff0000 	c:\Users\DELL\.vscode\extensions\redhat.java-1.41.1-win32-x64\jre\21.0.6-win32-x86_64\bin\verify.dll
0x00007ffbe3cb0000 - 0x00007ffbe3cf5000 	C:\Users\DELL\AppData\Roaming\Code\User\globalStorage\redhat.java\1.41.1\config_win\org.eclipse.equinox.launcher\org.eclipse.equinox.launcher.win32.win32.x86_64_1.2.1300.v20250331-1702\eclipse_11911.dll
0x00007ffc1a730000 - 0x00007ffc1a8cf000 	C:\WINDOWS\System32\ole32.dll
0x00007ffc183e0000 - 0x00007ffc183fc000 	C:\WINDOWS\SYSTEM32\CRYPTSP.dll
0x00007ffc17b30000 - 0x00007ffc17b6a000 	C:\WINDOWS\system32\rsaenh.dll
0x00007ffc181e0000 - 0x00007ffc1820b000 	C:\WINDOWS\SYSTEM32\USERENV.dll
0x00007ffc18bd0000 - 0x00007ffc18bf6000 	C:\WINDOWS\SYSTEM32\bcrypt.dll
0x00007ffc18400000 - 0x00007ffc1840c000 	C:\WINDOWS\SYSTEM32\CRYPTBASE.dll
0x00007ffc17560000 - 0x00007ffc17593000 	C:\WINDOWS\SYSTEM32\IPHLPAPI.DLL
0x00007ffc1b020000 - 0x00007ffc1b02a000 	C:\WINDOWS\System32\NSI.dll
0x00007ffbdcd00000 - 0x00007ffbdcd49000 	C:\Users\DELL\AppData\Local\Temp\jna-2094529\jna4856623138870956201.dll
0x00007ffc1bb10000 - 0x00007ffc1bb18000 	C:\WINDOWS\System32\PSAPI.DLL
0x00007ffc0fba0000 - 0x00007ffc0fbbf000 	C:\WINDOWS\SYSTEM32\dhcpcsvc6.DLL
0x00007ffc0fb00000 - 0x00007ffc0fb25000 	C:\WINDOWS\SYSTEM32\dhcpcsvc.DLL
0x00007ffbfc910000 - 0x00007ffbfc91e000 	C:\Users\DELL\.vscode\extensions\redhat.java-1.41.1-win32-x64\jre\21.0.6-win32-x86_64\bin\sunmscapi.dll
0x00007ffc197a0000 - 0x00007ffc19917000 	C:\WINDOWS\System32\CRYPT32.dll
0x00007ffc185f0000 - 0x00007ffc18620000 	C:\WINDOWS\SYSTEM32\ncrypt.dll
0x00007ffc185a0000 - 0x00007ffc185df000 	C:\WINDOWS\SYSTEM32\NTASN1.dll
0x00007ffc17650000 - 0x00007ffc17777000 	C:\WINDOWS\SYSTEM32\DNSAPI.dll
0x00007ffc0e5a0000 - 0x00007ffc0e5ab000 	C:\Windows\System32\rasadhlp.dll
0x00007ffc0fea0000 - 0x00007ffc0ff26000 	C:\WINDOWS\System32\fwpuclnt.dll
0x00007ffbfc650000 - 0x00007ffbfc659000 	C:\Users\DELL\.vscode\extensions\redhat.java-1.41.1-win32-x64\jre\21.0.6-win32-x86_64\bin\extnet.dll

dbghelp: loaded successfully - version: 4.0.5 - missing functions: none
symbol engine: initialized successfully - sym options: 0x614 - pdb path: .;c:\Users\DELL\.vscode\extensions\redhat.java-1.41.1-win32-x64\jre\21.0.6-win32-x86_64\bin;C:\WINDOWS\SYSTEM32;C:\WINDOWS\WinSxS\amd64_microsoft.windows.common-controls_6595b64144ccf1df_6.0.26100.3912_none_3e07963ce335137e;c:\Users\DELL\.vscode\extensions\redhat.java-1.41.1-win32-x64\jre\21.0.6-win32-x86_64\bin\server;C:\Users\DELL\AppData\Roaming\Code\User\globalStorage\redhat.java\1.41.1\config_win\org.eclipse.equinox.launcher\org.eclipse.equinox.launcher.win32.win32.x86_64_1.2.1300.v20250331-1702;C:\Users\DELL\AppData\Local\Temp\jna-2094529

VM Arguments:
jvm_args: --add-modules=ALL-SYSTEM --add-opens=java.base/java.util=ALL-UNNAMED --add-opens=java.base/java.lang=ALL-UNNAMED --add-opens=java.base/sun.nio.fs=ALL-UNNAMED -Declipse.application=org.eclipse.jdt.ls.core.id1 -Dosgi.bundles.defaultStartLevel=4 -Declipse.product=org.eclipse.jdt.ls.core.product -Djava.import.generatesMetadataFilesAtProjectRoot=false -DDetectVMInstallationsJob.disabled=true -Dfile.encoding=utf8 -XX:+UseParallelGC -XX:GCTimeRatio=4 -XX:AdaptiveSizePolicyWeight=90 -Dsun.zip.disableMemoryMapping=true -Xmx1G -Xms100m -Xlog:disable -javaagent:c:\Users\DELL\.vscode\extensions\redhat.java-1.41.1-win32-x64\lombok\lombok-1.18.36.jar -XX:+HeapDumpOnOutOfMemoryError -XX:HeapDumpPath=c:\Users\DELL\AppData\Roaming\Code\User\workspaceStorage\8ab44f44f73b8c286458d8950fa5d895\redhat.java -Daether.dependencyCollector.impl=bf 
java_command: c:\Users\DELL\.vscode\extensions\redhat.java-1.41.1-win32-x64\server\plugins\org.eclipse.equinox.launcher_1.7.0.v20250331-1702.jar -configuration c:\Users\DELL\AppData\Roaming\Code\User\globalStorage\redhat.java\1.41.1\config_win -data c:\Users\DELL\AppData\Roaming\Code\User\workspaceStorage\8ab44f44f73b8c286458d8950fa5d895\redhat.java\jdt_ws --pipe=\\.\pipe\lsp-1474c90408bd3fce813456e6ce6efd89-sock
java_class_path (initial): c:\Users\DELL\.vscode\extensions\redhat.java-1.41.1-win32-x64\server\plugins\org.eclipse.equinox.launcher_1.7.0.v20250331-1702.jar
Launcher Type: SUN_STANDARD

[Global flags]
    uintx AdaptiveSizePolicyWeight                 = 90                                        {product} {command line}
     intx CICompilerCount                          = 12                                        {product} {ergonomic}
    uintx GCTimeRatio                              = 4                                         {product} {command line}
     bool HeapDumpOnOutOfMemoryError               = true                                   {manageable} {command line}
    ccstr HeapDumpPath                             = c:\Users\DELL\AppData\Roaming\Code\User\workspaceStorage\8ab44f44f73b8c286458d8950fa5d895\redhat.java         {manageable} {command line}
   size_t InitialHeapSize                          = 104857600                                 {product} {command line}
   size_t MaxHeapSize                              = 1073741824                                {product} {command line}
   size_t MaxNewSize                               = 357564416                                 {product} {ergonomic}
   size_t MinHeapDeltaBytes                        = 524288                                    {product} {ergonomic}
   size_t MinHeapSize                              = 104857600                                 {product} {command line}
   size_t NewSize                                  = 34603008                                  {product} {ergonomic}
    uintx NonNMethodCodeHeapSize                   = 7602480                                {pd product} {ergonomic}
    uintx NonProfiledCodeHeapSize                  = 122027880                              {pd product} {ergonomic}
   size_t OldSize                                  = 70254592                                  {product} {ergonomic}
    uintx ProfiledCodeHeapSize                     = 122027880                              {pd product} {ergonomic}
    uintx ReservedCodeCacheSize                    = 251658240                              {pd product} {ergonomic}
     bool SegmentedCodeCache                       = true                                      {product} {ergonomic}
   size_t SoftMaxHeapSize                          = 1073741824                             {manageable} {ergonomic}
     bool UseCompressedOops                        = true                           {product lp64_product} {ergonomic}
     bool UseLargePagesIndividualAllocation        = false                                  {pd product} {ergonomic}
     bool UseParallelGC                            = true                                      {product} {command line}

Logging:
Log output configuration:
 #0: stdout all=off uptime,level,tags foldmultilines=false
 #1: stderr all=off uptime,level,tags foldmultilines=false

Environment Variables:
JAVA_HOME=C:\Program Files\Java\jdk-21
PATH=C:\Python313\Scripts\;C:\Python313\;c:\Users\DELL\AppData\Local\Programs\cursor\resources\app\bin;C:\Program Files\Python311\Scripts\;C:\Program Files\Python311\;C:\Program Files\Common Files\Oracle\Java\javapath;C:\Program Files\Python312\Scripts\;C:\Program Files\Python312\;C:\Program Files\Eclipse Adoptium\jdk-8.0.392.8-hotspot\bin;C:\Program Files\Eclipse Adoptium\jre-8.0.392.8-hotspot\bin;C:\Windows\system32;C:\Windows;C:\Windows\System32\Wbem;C:\Windows\System32\WindowsPowerShell\v1.0\;C:\Windows\System32\OpenSSH\;C:\Program Files\dotnet\;C:\Program Files (x86)\NVIDIA Corporation\PhysX\Common;C:\mingw64\bin;C:\MinGW\bin;C:\Program Files\MySQL\MySQL Server 8.0\bin;C:\ProgramData\chocolatey\bin;C:\Program Files (x86)\Windows Kits\10\Windows Performance Toolkit\;C:\Program Files\Git\cmd;C:\Program Files\Git\mingw64\bin;C:\Program Files\Git\usr\bin;C:\Program Files\MySQL\MySQL Shell 8.0\bin\;C:\Users\DELL\AppData\Local\Microsoft\WindowsApps;C:\Program Files\JetBrains\;C:\Program Files\NVIDIA Corporation\NVIDIA app\NvDLISR;C:\WINDOWS\system32;C:\WINDOWS;C:\WINDOWS\System32\Wbem;C:\WINDOWS\System32\WindowsPowerShell\v1.0\;C:\WINDOWS\System32\OpenSSH\;;C:\Program Files\Microsoft VS Code\bin;C:\Program Files\nodejs\;C:\Program Files\MySQL\MySQL Shell 8.0\bin\;C:\Users\DELL\AppData\Local\Microsoft\WindowsApps;C:\Program Files\JetBrains\PyCharm Community Edition 2023.2\bin;;C:\Users\DELL\AppData\Local\Programs\Microsoft VS Code\bin;C:\Users\DELL\AppData\Roaming\npm;C:\Users\DELL\AppData\Local\Programs\cursor\resources\app\bin
USERNAME=DELL
OS=Windows_NT
PROCESSOR_IDENTIFIER=Intel64 Family 6 Model 154 Stepping 3, GenuineIntel
TMP=C:\Users\DELL\AppData\Local\Temp
TEMP=C:\Users\DELL\AppData\Local\Temp




Periodic native trim disabled

---------------  S Y S T E M  ---------------

OS:
 Windows 11 , 64 bit Build 26100 (10.0.26100.3912)
OS uptime: 2 days 18:20 hours
Hyper-V role detected

CPU: total 16 (initial active 16) (8 cores per cpu, 2 threads per core) family 6 model 154 stepping 3 microcode 0x435, cx8, cmov, fxsr, ht, mmx, 3dnowpref, sse, sse2, sse3, ssse3, sse4.1, sse4.2, popcnt, lzcnt, tsc, tscinvbit, avx, avx2, aes, erms, clmul, bmi1, bmi2, adx, sha, fma, vzeroupper, clflush, clflushopt, clwb, hv, serialize, rdtscp, rdpid, fsrm, f16c, cet_ibt, cet_ss
Processor Information for processor 0
  Max Mhz: 2500, Current Mhz: 2500, Mhz Limit: 2500
Processor Information for processor 1
  Max Mhz: 2500, Current Mhz: 2500, Mhz Limit: 2500
Processor Information for processor 2
  Max Mhz: 2500, Current Mhz: 2500, Mhz Limit: 2500
Processor Information for processor 3
  Max Mhz: 2500, Current Mhz: 2500, Mhz Limit: 2500
Processor Information for processor 4
  Max Mhz: 2500, Current Mhz: 2500, Mhz Limit: 2500
Processor Information for processor 5
  Max Mhz: 2500, Current Mhz: 2500, Mhz Limit: 2500
Processor Information for processor 6
  Max Mhz: 2500, Current Mhz: 2500, Mhz Limit: 2500
Processor Information for processor 7
  Max Mhz: 2500, Current Mhz: 2500, Mhz Limit: 2500
Processor Information for processor 8
  Max Mhz: 2500, Current Mhz: 2500, Mhz Limit: 2500
Processor Information for processor 9
  Max Mhz: 2500, Current Mhz: 2500, Mhz Limit: 2500
Processor Information for processor 10
  Max Mhz: 2500, Current Mhz: 2500, Mhz Limit: 2500
Processor Information for processor 11
  Max Mhz: 2500, Current Mhz: 1527, Mhz Limit: 2500
Processor Information for processor 12
  Max Mhz: 2500, Current Mhz: 2500, Mhz Limit: 2500
Processor Information for processor 13
  Max Mhz: 2500, Current Mhz: 2500, Mhz Limit: 2500
Processor Information for processor 14
  Max Mhz: 2500, Current Mhz: 2500, Mhz Limit: 2500
Processor Information for processor 15
  Max Mhz: 2500, Current Mhz: 1527, Mhz Limit: 2500

Memory: 4k page, system-wide physical 7876M (680M free)
TotalPageFile size 16685M (AvailPageFile size 5M)
current process WorkingSet (physical memory assigned to process): 226M, peak: 226M
current process commit charge ("private bytes"): 325M, peak: 327M

vm_info: OpenJDK 64-Bit Server VM (21.0.6+7-LTS) for windows-amd64 JRE (21.0.6+7-LTS), built on 2025-01-21T00:00:00Z by "admin" with MS VC++ 17.7 (VS2022)

END.
