#
# There is insufficient memory for the Java Runtime Environment to continue.
# Native memory allocation (malloc) failed to allocate 642016 bytes. Error detail: Chunk::new
# Possible reasons:
#   The system is out of physical RAM or swap space
#   This process is running with CompressedOops enabled, and the Java Heap may be blocking the growth of the native heap
# Possible solutions:
#   Reduce memory load on the system
#   Increase physical memory or swap space
#   Check if swap backing store is full
#   Decrease Java heap size (-Xmx/-Xms)
#   Decrease number of Java threads
#   Decrease Java thread stack sizes (-Xss)
#   Set larger code cache with -XX:ReservedCodeCacheSize=
#   JVM is running with Unscaled Compressed Oops mode in which the Java heap is
#     placed in the first 4GB address space. The Java Heap base address is the
#     maximum limit for the native heap growth. Please use -XX:HeapBaseMinAddress
#     to set the Java Heap base and to place the Java Heap above 4GB virtual address.
# This output file may be truncated or incomplete.
#
#  Out of Memory Error (arena.cpp:168), pid=10112, tid=21440
#
# JRE version: OpenJDK Runtime Environment Temurin-21.0.6+7 (21.0.6+7) (build 21.0.6+7-LTS)
# Java VM: OpenJDK 64-Bit Server VM Temurin-21.0.6+7 (21.0.6+7-LTS, mixed mode, sharing, tiered, compressed oops, compressed class ptrs, parallel gc, windows-amd64)
# No core dump will be written. Minidumps are not enabled by default on client versions of Windows
#

---------------  S U M M A R Y ------------

Command Line: --add-modules=ALL-SYSTEM --add-opens=java.base/java.util=ALL-UNNAMED --add-opens=java.base/java.lang=ALL-UNNAMED --add-opens=java.base/sun.nio.fs=ALL-UNNAMED -Declipse.application=org.eclipse.jdt.ls.core.id1 -Dosgi.bundles.defaultStartLevel=4 -Declipse.product=org.eclipse.jdt.ls.core.product -Djava.import.generatesMetadataFilesAtProjectRoot=false -DDetectVMInstallationsJob.disabled=true -Dfile.encoding=utf8 -XX:+UseParallelGC -XX:GCTimeRatio=4 -XX:AdaptiveSizePolicyWeight=90 -Dsun.zip.disableMemoryMapping=true -Xmx1G -Xms100m -Xlog:disable -javaagent:c:\Users\DELL\.cursor\extensions\redhat.java-1.41.1-win32-x64\lombok\lombok-1.18.36.jar c:\Users\DELL\.cursor\extensions\redhat.java-1.41.1-win32-x64\server\plugins\org.eclipse.equinox.launcher_1.7.0.v20250331-1702.jar -configuration c:\Users\DELL\AppData\Roaming\Cursor\User\globalStorage\redhat.java\1.41.1\config_ss_win -data c:\Users\DELL\AppData\Roaming\Cursor\User\workspaceStorage\8ab44f44f73b8c286458d8950fa5d895\redhat.java\ss_ws --pipe=\\.\pipe\lsp-cee0c8a93c8d49ad0d5f00c45fdfd2df-sock

Host: 12th Gen Intel(R) Core(TM) i5-12500H, 16 cores, 7G,  Windows 11 , 64 bit Build 26100 (10.0.26100.3912)
Time: Tue May 13 23:34:57 2025 India Standard Time elapsed time: 3.832957 seconds (0d 0h 0m 3s)

---------------  T H R E A D  ---------------

Current thread (0x000001f6ff0e0410):  JavaThread "C2 CompilerThread1" daemon [_thread_in_native, id=21440, stack(0x000000a3ce100000,0x000000a3ce200000) (1024K)]


Current CompileTask:
C2:3833 2703       4       org.lombokweb.asm.ClassReader::readMethod (1070 bytes)

Stack: [0x000000a3ce100000,0x000000a3ce200000]
Native frames: (J=compiled Java code, j=interpreted, Vv=VM code, C=native code)
V  [jvm.dll+0x6cdee9]
V  [jvm.dll+0x8a83d1]
V  [jvm.dll+0x8aa8fe]
V  [jvm.dll+0x8aafe3]
V  [jvm.dll+0x27f706]
V  [jvm.dll+0xc500d]
V  [jvm.dll+0xc5543]
V  [jvm.dll+0x2f2acd]
V  [jvm.dll+0x5f6a2a]
V  [jvm.dll+0x250bb2]
V  [jvm.dll+0x250f6f]
V  [jvm.dll+0x249834]
V  [jvm.dll+0x246ec4]
V  [jvm.dll+0x1c75ee]
V  [jvm.dll+0x25685a]
V  [jvm.dll+0x254dfa]
V  [jvm.dll+0x3f0256]
V  [jvm.dll+0x851f8b]
V  [jvm.dll+0x6cc5ed]
C  [ucrtbase.dll+0x37b0]
C  [KERNEL32.DLL+0x2e8d7]
C  [ntdll.dll+0x9c5dc]


---------------  P R O C E S S  ---------------

Threads class SMR info:
_java_thread_list=0x000001f68042bdd0, length=22, elements={
0x000001f6a2a8e550, 0x000001f6f95b8390, 0x000001f6b6e7df20, 0x000001f6f95bb7a0,
0x000001f6f95be300, 0x000001f6f95c2680, 0x000001f6f95c9c60, 0x000001f6f95f64d0,
0x000001f6f95f7940, 0x000001f6f968b020, 0x000001f6f976ee80, 0x000001f6f97cb390,
0x000001f6f98a4320, 0x000001f6ff0e0410, 0x000001f680048480, 0x000001f680235880,
0x000001f680024fe0, 0x000001f6ff7a29b0, 0x000001f6800a0670, 0x000001f6802e6660,
0x000001f68033a5a0, 0x000001f6803452b0
}

Java Threads: ( => current thread )
  0x000001f6a2a8e550 JavaThread "main"                              [_thread_blocked, id=26928, stack(0x000000a3cd100000,0x000000a3cd200000) (1024K)]
  0x000001f6f95b8390 JavaThread "Reference Handler"          daemon [_thread_blocked, id=17512, stack(0x000000a3cd500000,0x000000a3cd600000) (1024K)]
  0x000001f6b6e7df20 JavaThread "Finalizer"                  daemon [_thread_blocked, id=16264, stack(0x000000a3cd600000,0x000000a3cd700000) (1024K)]
  0x000001f6f95bb7a0 JavaThread "Signal Dispatcher"          daemon [_thread_blocked, id=8928, stack(0x000000a3cd700000,0x000000a3cd800000) (1024K)]
  0x000001f6f95be300 JavaThread "Attach Listener"            daemon [_thread_blocked, id=24496, stack(0x000000a3cd800000,0x000000a3cd900000) (1024K)]
  0x000001f6f95c2680 JavaThread "Service Thread"             daemon [_thread_blocked, id=25004, stack(0x000000a3cd900000,0x000000a3cda00000) (1024K)]
  0x000001f6f95c9c60 JavaThread "Monitor Deflation Thread"   daemon [_thread_blocked, id=2256, stack(0x000000a3cda00000,0x000000a3cdb00000) (1024K)]
  0x000001f6f95f64d0 JavaThread "C2 CompilerThread0"         daemon [_thread_in_native, id=25256, stack(0x000000a3cdb00000,0x000000a3cdc00000) (1024K)]
  0x000001f6f95f7940 JavaThread "C1 CompilerThread0"         daemon [_thread_blocked, id=29324, stack(0x000000a3cdc00000,0x000000a3cdd00000) (1024K)]
  0x000001f6f968b020 JavaThread "C1 CompilerThread1"         daemon [_thread_blocked, id=18780, stack(0x000000a3cdd00000,0x000000a3cde00000) (1024K)]
  0x000001f6f976ee80 JavaThread "Common-Cleaner"             daemon [_thread_blocked, id=6260, stack(0x000000a3cde00000,0x000000a3cdf00000) (1024K)]
  0x000001f6f97cb390 JavaThread "C1 CompilerThread2"         daemon [_thread_blocked, id=28776, stack(0x000000a3ce000000,0x000000a3ce100000) (1024K)]
  0x000001f6f98a4320 JavaThread "Notification Thread"        daemon [_thread_blocked, id=16764, stack(0x000000a3cdf00000,0x000000a3ce000000) (1024K)]
=>0x000001f6ff0e0410 JavaThread "C2 CompilerThread1"         daemon [_thread_in_native, id=21440, stack(0x000000a3ce100000,0x000000a3ce200000) (1024K)]
  0x000001f680048480 JavaThread "Active Thread: Equinox Container: 4c7b5217-a161-4101-9a3b-18db584fd4e2"        [_thread_blocked, id=28332, stack(0x000000a3ce800000,0x000000a3ce900000) (1024K)]
  0x000001f680235880 JavaThread "Framework Event Dispatcher: Equinox Container: 4c7b5217-a161-4101-9a3b-18db584fd4e2" daemon [_thread_blocked, id=25836, stack(0x000000a3ce900000,0x000000a3cea00000) (1024K)]
  0x000001f680024fe0 JavaThread "Start Level: Equinox Container: 4c7b5217-a161-4101-9a3b-18db584fd4e2" daemon [_thread_in_native, id=27896, stack(0x000000a3cea00000,0x000000a3ceb00000) (1024K)]
  0x000001f6ff7a29b0 JavaThread "SCR Component Actor"        daemon [_thread_blocked, id=16104, stack(0x000000a3cec00000,0x000000a3ced00000) (1024K)]
  0x000001f6800a0670 JavaThread "SCR Component Registry"     daemon [_thread_blocked, id=9404, stack(0x000000a3ced00000,0x000000a3cee00000) (1024K)]
  0x000001f6802e6660 JavaThread "Worker-JM"                         [_thread_blocked, id=19364, stack(0x000000a3cee00000,0x000000a3cef00000) (1024K)]
  0x000001f68033a5a0 JavaThread "Worker-0"                          [_thread_blocked, id=12076, stack(0x000000a3cf200000,0x000000a3cf300000) (1024K)]
  0x000001f6803452b0 JavaThread "Worker-1"                          [_thread_blocked, id=2368, stack(0x000000a3cf300000,0x000000a3cf400000) (1024K)]
Total: 22

Other Threads:
  0x000001f6f95b3220 VMThread "VM Thread"                           [id=28176, stack(0x000000a3cd400000,0x000000a3cd500000) (1024K)]
  0x000001f6b6d5ca00 WatcherThread "VM Periodic Task Thread"        [id=2356, stack(0x000000a3cd300000,0x000000a3cd400000) (1024K)]
  0x000001f6a2aab8b0 WorkerThread "GC Thread#0"                     [id=25436, stack(0x000000a3cd200000,0x000000a3cd300000) (1024K)]
  0x000001f6ff66ee20 WorkerThread "GC Thread#1"                     [id=19432, stack(0x000000a3ce200000,0x000000a3ce300000) (1024K)]
  0x000001f6ff47c590 WorkerThread "GC Thread#2"                     [id=12388, stack(0x000000a3ce300000,0x000000a3ce400000) (1024K)]
  0x000001f6ff47c930 WorkerThread "GC Thread#3"                     [id=24400, stack(0x000000a3ce400000,0x000000a3ce500000) (1024K)]
  0x000001f6ff47ccd0 WorkerThread "GC Thread#4"                     [id=28872, stack(0x000000a3ce500000,0x000000a3ce600000) (1024K)]
  0x000001f6ff47d070 WorkerThread "GC Thread#5"                     [id=13972, stack(0x000000a3ce600000,0x000000a3ce700000) (1024K)]
  0x000001f6ff47d410 WorkerThread "GC Thread#6"                     [id=28928, stack(0x000000a3ce700000,0x000000a3ce800000) (1024K)]
  0x000001f6ff7f24c0 WorkerThread "GC Thread#7"                     [id=20840, stack(0x000000a3ceb00000,0x000000a3cec00000) (1024K)]
  0x000001f68044bd20 WorkerThread "GC Thread#8"                     [id=22572, stack(0x000000a3cef00000,0x000000a3cf000000) (1024K)]
  0x000001f68044a760 WorkerThread "GC Thread#9"                     [id=11540, stack(0x000000a3cf000000,0x000000a3cf100000) (1024K)]
  0x000001f68044ab00 WorkerThread "GC Thread#10"                    [id=3820, stack(0x000000a3cf100000,0x000000a3cf200000) (1024K)]
  0x000001f68044c0c0 WorkerThread "GC Thread#11"                    [id=27604, stack(0x000000a3cf400000,0x000000a3cf500000) (1024K)]
  0x000001f68044b240 WorkerThread "GC Thread#12"                    [id=19308, stack(0x000000a3cf500000,0x000000a3cf600000) (1024K)]
Total: 15

Threads with active compile tasks:
C2 CompilerThread1  3879 2703       4       org.lombokweb.asm.ClassReader::readMethod (1070 bytes)
Total: 1

VM state: not at safepoint (normal execution)

VM Mutex/Monitor currently owned by a thread: None

Heap address: 0x00000000c0000000, size: 1024 MB, Compressed Oops mode: 32-bit

CDS archive(s) mapped at: [0x000001f6b7000000-0x000001f6b7ba0000-0x000001f6b7ba0000), size 12189696, SharedBaseAddress: 0x000001f6b7000000, ArchiveRelocationMode: 1.
Compressed class space mapped at: 0x000001f6b8000000-0x000001f6f8000000, reserved size: 1073741824
Narrow klass base: 0x000001f6b7000000, Narrow klass shift: 0, Narrow klass range: 0x100000000

GC Precious Log:
 CardTable entry size: 512
 CPUs: 16 total, 16 available
 Memory: 7876M
 Large Page Support: Disabled
 NUMA Support: Disabled
 Compressed Oops: Enabled (32-bit)
 Alignments: Space 512K, Generation 512K, Heap 2M
 Heap Min Capacity: 100M
 Heap Initial Capacity: 100M
 Heap Max Capacity: 1G
 Pre-touch: Disabled
 Parallel Workers: 13

Heap:
 PSYoungGen      total 29696K, used 16741K [0x00000000eab00000, 0x00000000ecc00000, 0x0000000100000000)
  eden space 25600K, 49% used [0x00000000eab00000,0x00000000eb759870,0x00000000ec400000)
  from space 4096K, 99% used [0x00000000ec400000,0x00000000ec7fff40,0x00000000ec800000)
  to   space 4096K, 0% used [0x00000000ec800000,0x00000000ec800000,0x00000000ecc00000)
 ParOldGen       total 68608K, used 5892K [0x00000000c0000000, 0x00000000c4300000, 0x00000000eab00000)
  object space 68608K, 8% used [0x00000000c0000000,0x00000000c05c1230,0x00000000c4300000)
 Metaspace       used 20132K, committed 20800K, reserved 1114112K
  class space    used 1862K, committed 2176K, reserved 1048576K

Card table byte_map: [0x000001f6a2430000,0x000001f6a2640000] _byte_map_base: 0x000001f6a1e30000

Marking Bits: (ParMarkBitMap*) 0x00007ff8e3723260
 Begin Bits: [0x000001f6b4c80000, 0x000001f6b5c80000)
 End Bits:   [0x000001f6b5c80000, 0x000001f6b6c80000)

Polling page: 0x000001f6a0610000

Metaspace:

Usage:
  Non-class:     17.84 MB used.
      Class:      1.82 MB used.
       Both:     19.66 MB used.

Virtual space:
  Non-class space:       64.00 MB reserved,      18.19 MB ( 28%) committed,  1 nodes.
      Class space:        1.00 GB reserved,       2.12 MB ( <1%) committed,  1 nodes.
             Both:        1.06 GB reserved,      20.31 MB (  2%) committed. 

Chunk freelists:
   Non-Class:  13.85 MB
       Class:  13.93 MB
        Both:  27.78 MB

MaxMetaspaceSize: unlimited
CompressedClassSpaceSize: 1.00 GB
Initial GC threshold: 21.00 MB
Current GC threshold: 21.00 MB
CDS: on
 - commit_granule_bytes: 65536.
 - commit_granule_words: 8192.
 - virtual_space_node_default_size: 8388608.
 - enlarge_chunks_in_place: 1.
 - use_allocation_guard: 0.


Internal statistics:

num_allocs_failed_limit: 0.
num_arena_births: 470.
num_arena_deaths: 0.
num_vsnodes_births: 2.
num_vsnodes_deaths: 0.
num_space_committed: 325.
num_space_uncommitted: 0.
num_chunks_returned_to_freelist: 0.
num_chunks_taken_from_freelist: 1204.
num_chunk_merges: 0.
num_chunk_splits: 806.
num_chunks_enlarged: 527.
num_inconsistent_stats: 0.

CodeHeap 'non-profiled nmethods': size=119168Kb used=1140Kb max_used=1140Kb free=118027Kb
 bounds [0x000001f6ad820000, 0x000001f6ada90000, 0x000001f6b4c80000]
CodeHeap 'profiled nmethods': size=119104Kb used=5393Kb max_used=5393Kb free=113710Kb
 bounds [0x000001f6a5c80000, 0x000001f6a61d0000, 0x000001f6ad0d0000]
CodeHeap 'non-nmethods': size=7488Kb used=2428Kb max_used=2449Kb free=5059Kb
 bounds [0x000001f6ad0d0000, 0x000001f6ad340000, 0x000001f6ad820000]
 total_blobs=3332 nmethods=2744 adapters=492
 compilation: enabled
              stopped_count=0, restarted_count=0
 full_count=0

Compilation events (20 events):
Event: 3.737 Thread 0x000001f6f95f7940 2699       3       org.lombokweb.asm.Label::addForwardReference (102 bytes)
Event: 3.737 Thread 0x000001f6f97cb390 2700       3       org.lombokweb.asm.MethodVisitor::visitJumpInsn (17 bytes)
Event: 3.737 Thread 0x000001f6f95f7940 nmethod 2699 0x000001f6a61a3b90 code [0x000001f6a61a3d60, 0x000001f6a61a41c0]
Event: 3.737 Thread 0x000001f6f97cb390 nmethod 2700 0x000001f6a61a4390 code [0x000001f6a61a4540, 0x000001f6a61a4748]
Event: 3.739 Thread 0x000001f6f95f64d0 nmethod 2698 0x000001f6ad92fb90 code [0x000001f6ad92fd40, 0x000001f6ad92ffb0]
Event: 3.739 Thread 0x000001f6f95f64d0 2702       4       lombok.patcher.PatchScript$MethodPatcher::visitMethod (158 bytes)
Event: 3.742 Thread 0x000001f6f968b020 2704       3       org.lombokweb.asm.ByteVector::putByteArray (49 bytes)
Event: 3.743 Thread 0x000001f6f968b020 nmethod 2704 0x000001f6a61a4810 code [0x000001f6a61a49e0, 0x000001f6a61a4ca8]
Event: 3.747 Thread 0x000001f6ff0e0410 nmethod 2687 0x000001f6ad930190 code [0x000001f6ad930520, 0x000001f6ad932240]
Event: 3.747 Thread 0x000001f6ff0e0410 2703       4       org.lombokweb.asm.ClassReader::readMethod (1070 bytes)
Event: 3.790 Thread 0x000001f6f95f64d0 nmethod 2702 0x000001f6ad933690 code [0x000001f6ad933c40, 0x000001f6ad935690]
Event: 3.791 Thread 0x000001f6f95f64d0 2707       4       org.lombokweb.asm.MethodWriter::putMethodInfo (1274 bytes)
Event: 3.799 Thread 0x000001f6f968b020 2708       3       org.eclipse.core.internal.registry.ConfigurationElementHandle::getConfigurationElement (18 bytes)
Event: 3.799 Thread 0x000001f6f97cb390 2709       3       java.util.concurrent.ConcurrentHashMap::remove (32 bytes)
Event: 3.799 Thread 0x000001f6f968b020 nmethod 2708 0x000001f6a61a4e10 code [0x000001f6a61a4fe0, 0x000001f6a61a5450]
Event: 3.799 Thread 0x000001f6f97cb390 nmethod 2709 0x000001f6a61a5610 code [0x000001f6a61a57e0, 0x000001f6a61a5aa8]
Event: 3.800 Thread 0x000001f6f95f7940 2710       3       jdk.internal.reflect.ReflectionFactory::getExecutableSharedParameterTypes (11 bytes)
Event: 3.800 Thread 0x000001f6f968b020 2711       3       java.lang.reflect.ReflectAccess::getExecutableSharedParameterTypes (5 bytes)
Event: 3.800 Thread 0x000001f6f968b020 nmethod 2711 0x000001f6a61a5b90 code [0x000001f6a61a5d40, 0x000001f6a61a5f18]
Event: 3.800 Thread 0x000001f6f95f7940 nmethod 2710 0x000001f6a61a6010 code [0x000001f6a61a61c0, 0x000001f6a61a6438]

GC Heap History (10 events):
Event: 1.594 GC heap before
{Heap before GC invocations=1 (full 0):
 PSYoungGen      total 29696K, used 25600K [0x00000000eab00000, 0x00000000ecc00000, 0x0000000100000000)
  eden space 25600K, 100% used [0x00000000eab00000,0x00000000ec400000,0x00000000ec400000)
  from space 4096K, 0% used [0x00000000ec800000,0x00000000ec800000,0x00000000ecc00000)
  to   space 4096K, 0% used [0x00000000ec400000,0x00000000ec400000,0x00000000ec800000)
 ParOldGen       total 68608K, used 0K [0x00000000c0000000, 0x00000000c4300000, 0x00000000eab00000)
  object space 68608K, 0% used [0x00000000c0000000,0x00000000c0000000,0x00000000c4300000)
 Metaspace       used 4084K, committed 4288K, reserved 1114112K
  class space    used 407K, committed 512K, reserved 1048576K
}
Event: 1.614 GC heap after
{Heap after GC invocations=1 (full 0):
 PSYoungGen      total 29696K, used 3182K [0x00000000eab00000, 0x00000000ecc00000, 0x0000000100000000)
  eden space 25600K, 0% used [0x00000000eab00000,0x00000000eab00000,0x00000000ec400000)
  from space 4096K, 77% used [0x00000000ec400000,0x00000000ec71baa0,0x00000000ec800000)
  to   space 4096K, 0% used [0x00000000ec800000,0x00000000ec800000,0x00000000ecc00000)
 ParOldGen       total 68608K, used 16K [0x00000000c0000000, 0x00000000c4300000, 0x00000000eab00000)
  object space 68608K, 0% used [0x00000000c0000000,0x00000000c0004000,0x00000000c4300000)
 Metaspace       used 4084K, committed 4288K, reserved 1114112K
  class space    used 407K, committed 512K, reserved 1048576K
}
Event: 2.462 GC heap before
{Heap before GC invocations=2 (full 0):
 PSYoungGen      total 29696K, used 28776K [0x00000000eab00000, 0x00000000ecc00000, 0x0000000100000000)
  eden space 25600K, 99% used [0x00000000eab00000,0x00000000ec3fe838,0x00000000ec400000)
  from space 4096K, 77% used [0x00000000ec400000,0x00000000ec71baa0,0x00000000ec800000)
  to   space 4096K, 0% used [0x00000000ec800000,0x00000000ec800000,0x00000000ecc00000)
 ParOldGen       total 68608K, used 16K [0x00000000c0000000, 0x00000000c4300000, 0x00000000eab00000)
  object space 68608K, 0% used [0x00000000c0000000,0x00000000c0004000,0x00000000c4300000)
 Metaspace       used 8048K, committed 8384K, reserved 1114112K
  class space    used 797K, committed 960K, reserved 1048576K
}
Event: 2.468 GC heap after
{Heap after GC invocations=2 (full 0):
 PSYoungGen      total 29696K, used 4090K [0x00000000eab00000, 0x00000000ecc00000, 0x0000000100000000)
  eden space 25600K, 0% used [0x00000000eab00000,0x00000000eab00000,0x00000000ec400000)
  from space 4096K, 99% used [0x00000000ec800000,0x00000000ecbfe938,0x00000000ecc00000)
  to   space 4096K, 0% used [0x00000000ec400000,0x00000000ec400000,0x00000000ec800000)
 ParOldGen       total 68608K, used 841K [0x00000000c0000000, 0x00000000c4300000, 0x00000000eab00000)
  object space 68608K, 1% used [0x00000000c0000000,0x00000000c00d2698,0x00000000c4300000)
 Metaspace       used 8048K, committed 8384K, reserved 1114112K
  class space    used 797K, committed 960K, reserved 1048576K
}
Event: 3.070 GC heap before
{Heap before GC invocations=3 (full 0):
 PSYoungGen      total 29696K, used 29690K [0x00000000eab00000, 0x00000000ecc00000, 0x0000000100000000)
  eden space 25600K, 100% used [0x00000000eab00000,0x00000000ec400000,0x00000000ec400000)
  from space 4096K, 99% used [0x00000000ec800000,0x00000000ecbfe938,0x00000000ecc00000)
  to   space 4096K, 0% used [0x00000000ec400000,0x00000000ec400000,0x00000000ec800000)
 ParOldGen       total 68608K, used 841K [0x00000000c0000000, 0x00000000c4300000, 0x00000000eab00000)
  object space 68608K, 1% used [0x00000000c0000000,0x00000000c00d2698,0x00000000c4300000)
 Metaspace       used 12827K, committed 13376K, reserved 1114112K
  class space    used 1286K, committed 1536K, reserved 1048576K
}
Event: 3.078 GC heap after
{Heap after GC invocations=3 (full 0):
 PSYoungGen      total 29696K, used 4084K [0x00000000eab00000, 0x00000000ecc00000, 0x0000000100000000)
  eden space 25600K, 0% used [0x00000000eab00000,0x00000000eab00000,0x00000000ec400000)
  from space 4096K, 99% used [0x00000000ec400000,0x00000000ec7fd2b8,0x00000000ec800000)
  to   space 4096K, 0% used [0x00000000ec800000,0x00000000ec800000,0x00000000ecc00000)
 ParOldGen       total 68608K, used 2884K [0x00000000c0000000, 0x00000000c4300000, 0x00000000eab00000)
  object space 68608K, 4% used [0x00000000c0000000,0x00000000c02d11e0,0x00000000c4300000)
 Metaspace       used 12827K, committed 13376K, reserved 1114112K
  class space    used 1286K, committed 1536K, reserved 1048576K
}
Event: 3.441 GC heap before
{Heap before GC invocations=4 (full 0):
 PSYoungGen      total 29696K, used 29684K [0x00000000eab00000, 0x00000000ecc00000, 0x0000000100000000)
  eden space 25600K, 100% used [0x00000000eab00000,0x00000000ec400000,0x00000000ec400000)
  from space 4096K, 99% used [0x00000000ec400000,0x00000000ec7fd2b8,0x00000000ec800000)
  to   space 4096K, 0% used [0x00000000ec800000,0x00000000ec800000,0x00000000ecc00000)
 ParOldGen       total 68608K, used 2884K [0x00000000c0000000, 0x00000000c4300000, 0x00000000eab00000)
  object space 68608K, 4% used [0x00000000c0000000,0x00000000c02d11e0,0x00000000c4300000)
 Metaspace       used 15626K, committed 16256K, reserved 1114112K
  class space    used 1553K, committed 1856K, reserved 1048576K
}
Event: 3.445 GC heap after
{Heap after GC invocations=4 (full 0):
 PSYoungGen      total 29696K, used 4093K [0x00000000eab00000, 0x00000000ecc00000, 0x0000000100000000)
  eden space 25600K, 0% used [0x00000000eab00000,0x00000000eab00000,0x00000000ec400000)
  from space 4096K, 99% used [0x00000000ec800000,0x00000000ecbff4f0,0x00000000ecc00000)
  to   space 4096K, 0% used [0x00000000ec400000,0x00000000ec400000,0x00000000ec800000)
 ParOldGen       total 68608K, used 5558K [0x00000000c0000000, 0x00000000c4300000, 0x00000000eab00000)
  object space 68608K, 8% used [0x00000000c0000000,0x00000000c056d9a0,0x00000000c4300000)
 Metaspace       used 15626K, committed 16256K, reserved 1114112K
  class space    used 1553K, committed 1856K, reserved 1048576K
}
Event: 3.794 GC heap before
{Heap before GC invocations=5 (full 0):
 PSYoungGen      total 29696K, used 29226K [0x00000000eab00000, 0x00000000ecc00000, 0x0000000100000000)
  eden space 25600K, 98% used [0x00000000eab00000,0x00000000ec38b6f0,0x00000000ec400000)
  from space 4096K, 99% used [0x00000000ec800000,0x00000000ecbff4f0,0x00000000ecc00000)
  to   space 4096K, 0% used [0x00000000ec400000,0x00000000ec400000,0x00000000ec800000)
 ParOldGen       total 68608K, used 5558K [0x00000000c0000000, 0x00000000c4300000, 0x00000000eab00000)
  object space 68608K, 8% used [0x00000000c0000000,0x00000000c056d9a0,0x00000000c4300000)
 Metaspace       used 19817K, committed 20480K, reserved 1114112K
  class space    used 1854K, committed 2176K, reserved 1048576K
}
Event: 3.797 GC heap after
{Heap after GC invocations=5 (full 0):
 PSYoungGen      total 29696K, used 4095K [0x00000000eab00000, 0x00000000ecc00000, 0x0000000100000000)
  eden space 25600K, 0% used [0x00000000eab00000,0x00000000eab00000,0x00000000ec400000)
  from space 4096K, 99% used [0x00000000ec400000,0x00000000ec7fff40,0x00000000ec800000)
  to   space 4096K, 0% used [0x00000000ec800000,0x00000000ec800000,0x00000000ecc00000)
 ParOldGen       total 68608K, used 5892K [0x00000000c0000000, 0x00000000c4300000, 0x00000000eab00000)
  object space 68608K, 8% used [0x00000000c0000000,0x00000000c05c1230,0x00000000c4300000)
 Metaspace       used 19817K, committed 20480K, reserved 1114112K
  class space    used 1854K, committed 2176K, reserved 1048576K
}

Dll operation events (9 events):
Event: 0.054 Loaded shared library c:\Users\DELL\.cursor\extensions\redhat.java-1.41.1-win32-x64\jre\21.0.6-win32-x86_64\bin\java.dll
Event: 0.263 Loaded shared library c:\Users\DELL\.cursor\extensions\redhat.java-1.41.1-win32-x64\jre\21.0.6-win32-x86_64\bin\zip.dll
Event: 0.313 Loaded shared library C:\Users\DELL\.cursor\extensions\redhat.java-1.41.1-win32-x64\jre\21.0.6-win32-x86_64\bin\instrument.dll
Event: 0.322 Loaded shared library C:\Users\DELL\.cursor\extensions\redhat.java-1.41.1-win32-x64\jre\21.0.6-win32-x86_64\bin\net.dll
Event: 0.332 Loaded shared library C:\Users\DELL\.cursor\extensions\redhat.java-1.41.1-win32-x64\jre\21.0.6-win32-x86_64\bin\nio.dll
Event: 0.339 Loaded shared library C:\Users\DELL\.cursor\extensions\redhat.java-1.41.1-win32-x64\jre\21.0.6-win32-x86_64\bin\zip.dll
Event: 0.384 Loaded shared library C:\Users\DELL\.cursor\extensions\redhat.java-1.41.1-win32-x64\jre\21.0.6-win32-x86_64\bin\jimage.dll
Event: 0.557 Loaded shared library c:\Users\DELL\.cursor\extensions\redhat.java-1.41.1-win32-x64\jre\21.0.6-win32-x86_64\bin\verify.dll
Event: 2.421 Loaded shared library C:\Users\DELL\AppData\Roaming\Cursor\User\globalStorage\redhat.java\1.41.1\config_ss_win\org.eclipse.equinox.launcher\org.eclipse.equinox.launcher.win32.win32.x86_64_1.2.1300.v20250331-1702\eclipse_11911.dll

Deoptimization events (20 events):
Event: 3.350 Thread 0x000001f680024fe0 DEOPT PACKING pc=0x000001f6ad90a194 sp=0x000000a3ceaef620
Event: 3.350 Thread 0x000001f680024fe0 DEOPT UNPACKING pc=0x000001f6ad123aa2 sp=0x000000a3ceaef5c8 mode 2
Event: 3.350 Thread 0x000001f680024fe0 Uncommon trap: trap_request=0xffffffde fr.pc=0x000001f6ad90a194 relative=0x00000000000003b4
Event: 3.350 Thread 0x000001f680024fe0 Uncommon trap: reason=class_check action=maybe_recompile pc=0x000001f6ad90a194 method=java.util.regex.Pattern$BmpCharPropertyGreedy.match(Ljava/util/regex/Matcher;ILjava/lang/CharSequence;)Z @ 70 c2
Event: 3.350 Thread 0x000001f680024fe0 DEOPT PACKING pc=0x000001f6ad90a194 sp=0x000000a3ceaef4a0
Event: 3.350 Thread 0x000001f680024fe0 DEOPT UNPACKING pc=0x000001f6ad123aa2 sp=0x000000a3ceaef448 mode 2
Event: 3.412 Thread 0x000001f680024fe0 Uncommon trap: trap_request=0xffffff45 fr.pc=0x000001f6ad9200ac relative=0x00000000000007ac
Event: 3.412 Thread 0x000001f680024fe0 Uncommon trap: reason=unstable_if action=reinterpret pc=0x000001f6ad9200ac method=org.lombokweb.asm.ClassReader.readUTF8(I[C)Ljava/lang/String; @ 11 c2
Event: 3.412 Thread 0x000001f680024fe0 DEOPT PACKING pc=0x000001f6ad9200ac sp=0x000000a3ceaef5a0
Event: 3.412 Thread 0x000001f680024fe0 DEOPT UNPACKING pc=0x000001f6ad123aa2 sp=0x000000a3ceaef588 mode 2
Event: 3.688 Thread 0x000001f680024fe0 Uncommon trap: trap_request=0xffffff45 fr.pc=0x000001f6ad92a56c relative=0x000000000000014c
Event: 3.688 Thread 0x000001f680024fe0 Uncommon trap: reason=unstable_if action=reinterpret pc=0x000001f6ad92a56c method=org.lombokweb.asm.ByteVector.putByteArray([BII)Lorg/lombokweb/asm/ByteVector; @ 20 c2
Event: 3.688 Thread 0x000001f680024fe0 DEOPT PACKING pc=0x000001f6ad92a56c sp=0x000000a3ceaf27b0
Event: 3.688 Thread 0x000001f680024fe0 DEOPT UNPACKING pc=0x000001f6ad123aa2 sp=0x000000a3ceaf2780 mode 2
Event: 3.688 Thread 0x000001f680024fe0 Uncommon trap: trap_request=0xffffff45 fr.pc=0x000001f6ad92af24 relative=0x0000000000000364
Event: 3.688 Thread 0x000001f680024fe0 Uncommon trap: reason=unstable_if action=reinterpret pc=0x000001f6ad92af24 method=org.lombokweb.asm.Label.resolve([BLorg/lombokweb/asm/ByteVector;I)Z @ 81 c2
Event: 3.688 Thread 0x000001f680024fe0 DEOPT PACKING pc=0x000001f6ad92af24 sp=0x000000a3ceaf2840
Event: 3.688 Thread 0x000001f680024fe0 DEOPT UNPACKING pc=0x000001f6ad123aa2 sp=0x000000a3ceaf2748 mode 2
Event: 3.772 Thread 0x000001f680024fe0 DEOPT PACKING pc=0x000001f6a5dc3d39 sp=0x000000a3ceaf50c0
Event: 3.772 Thread 0x000001f680024fe0 DEOPT UNPACKING pc=0x000001f6ad124242 sp=0x000000a3ceaf45c0 mode 0

Classes loaded (20 events):
Event: 3.344 Loading class java/io/StringReader
Event: 3.344 Loading class java/io/StringReader done
Event: 3.367 Loading class java/util/zip/GZIPOutputStream
Event: 3.367 Loading class java/util/zip/GZIPOutputStream done
Event: 3.370 Loading class java/net/SocketTimeoutException
Event: 3.371 Loading class java/io/InterruptedIOException
Event: 3.371 Loading class java/io/InterruptedIOException done
Event: 3.371 Loading class java/net/SocketTimeoutException done
Event: 3.371 Loading class java/net/SocketException
Event: 3.371 Loading class java/net/SocketException done
Event: 3.371 Loading class java/net/UnknownHostException
Event: 3.371 Loading class java/net/UnknownHostException done
Event: 3.371 Loading class java/net/ProtocolException
Event: 3.371 Loading class java/net/ProtocolException done
Event: 3.393 Loading class java/lang/ThreadLocal$SuppliedThreadLocal
Event: 3.393 Loading class java/lang/ThreadLocal$SuppliedThreadLocal done
Event: 3.402 Loading class java/io/FileWriter
Event: 3.402 Loading class java/io/FileWriter done
Event: 3.460 Loading class java/lang/NegativeArraySizeException
Event: 3.460 Loading class java/lang/NegativeArraySizeException done

Classes unloaded (0 events):
No events

Classes redefined (0 events):
No events

Internal exceptions (20 events):
Event: 3.069 Thread 0x000001f680024fe0 Exception <a 'java/lang/NoSuchMethodError'{0x00000000ec3e78c0}: 'java.lang.Object java.lang.invoke.DelegatingMethodHandle$Holder.reinvoke_L(java.lang.Object, java.lang.Object, java.lang.Object, java.lang.Object, int, int)'> (0x00000000ec3e78c0) 
thrown [s\src\hotspot\share\interpreter\linkResolver.cpp, line 773]
Event: 3.080 Thread 0x000001f680024fe0 Exception <a 'java/lang/NoSuchMethodError'{0x00000000eab04de0}: 'java.lang.Object java.lang.invoke.DirectMethodHandle$Holder.newInvokeSpecial(java.lang.Object, java.lang.Object, java.lang.Object, java.lang.Object, java.lang.Object, java.lang.Object)'> (0x00000000eab04de0) 
thrown [s\src\hotspot\share\interpreter\linkResolver.cpp, line 773]
Event: 3.084 Thread 0x000001f680024fe0 Exception <a 'java/lang/NoSuchMethodError'{0x00000000eab31378}: 'void java.lang.invoke.Invokers$Holder.invokeExact_MT(java.lang.Object, java.lang.Object, java.lang.Object, java.lang.Object)'> (0x00000000eab31378) 
thrown [s\src\hotspot\share\interpreter\linkResolver.cpp, line 773]
Event: 3.141 Thread 0x000001f680024fe0 Exception <a 'java/io/FileNotFoundException'{0x00000000ead03f60}> (0x00000000ead03f60) 
thrown [s\src\hotspot\share\prims\jni.cpp, line 520]
Event: 3.142 Thread 0x000001f680024fe0 Exception <a 'java/io/FileNotFoundException'{0x00000000ead0b5a0}> (0x00000000ead0b5a0) 
thrown [s\src\hotspot\share\prims\jni.cpp, line 520]
Event: 3.253 Thread 0x000001f680024fe0 Exception <a 'java/lang/NoSuchMethodError'{0x00000000eb2d82f8}: 'java.lang.Object java.lang.invoke.DirectMethodHandle$Holder.newInvokeSpecial(java.lang.Object, java.lang.Object, java.lang.Object, java.lang.Object, java.lang.Object)'> (0x00000000eb2d82f8) 
thrown [s\src\hotspot\share\interpreter\linkResolver.cpp, line 773]
Event: 3.270 Thread 0x000001f680024fe0 Exception <a 'java/lang/NoSuchMethodError'{0x00000000eb3b5590}: 'java.lang.Object java.lang.invoke.DirectMethodHandle$Holder.invokeSpecial(java.lang.Object, java.lang.Object, java.lang.Object, long, java.lang.Object)'> (0x00000000eb3b5590) 
thrown [s\src\hotspot\share\interpreter\linkResolver.cpp, line 773]
Event: 3.270 Thread 0x000001f680024fe0 Exception <a 'java/lang/NoSuchMethodError'{0x00000000eb3bcd20}: 'java.lang.Object java.lang.invoke.DirectMethodHandle$Holder.newInvokeSpecial(java.lang.Object, java.lang.Object, java.lang.Object, long)'> (0x00000000eb3bcd20) 
thrown [s\src\hotspot\share\interpreter\linkResolver.cpp, line 773]
Event: 3.270 Thread 0x000001f680024fe0 Exception <a 'java/lang/NoSuchMethodError'{0x00000000eb3c09a0}: 'java.lang.Object java.lang.invoke.Invokers$Holder.linkToTargetMethod(java.lang.Object, java.lang.Object, long, java.lang.Object)'> (0x00000000eb3c09a0) 
thrown [s\src\hotspot\share\interpreter\linkResolver.cpp, line 773]
Event: 3.278 Thread 0x000001f680024fe0 Exception <a 'java/lang/NoSuchMethodError'{0x00000000eb42ae78}: 'int java.lang.invoke.DirectMethodHandle$Holder.invokeStaticInit(java.lang.Object, java.lang.Object, java.lang.Object)'> (0x00000000eb42ae78) 
thrown [s\src\hotspot\share\interpreter\linkResolver.cpp, line 773]
Event: 3.289 Thread 0x000001f680024fe0 Exception <a 'java/lang/IncompatibleClassChangeError'{0x00000000eb4b9370}: Found class java.lang.Object, but interface was expected> (0x00000000eb4b9370) 
thrown [s\src\hotspot\share\interpreter\linkResolver.cpp, line 840]
Event: 3.290 Thread 0x000001f680024fe0 Exception <a 'java/lang/NoSuchMethodError'{0x00000000eb4bcf78}: 'java.lang.Object java.lang.invoke.DirectMethodHandle$Holder.invokeSpecial(java.lang.Object, java.lang.Object, java.lang.Object, int, java.lang.Object, java.lang.Object)'> (0x00000000eb4bcf78) 
thrown [s\src\hotspot\share\interpreter\linkResolver.cpp, line 773]
Event: 3.290 Thread 0x000001f680024fe0 Exception <a 'java/lang/NoSuchMethodError'{0x00000000eb4c4810}: 'java.lang.Object java.lang.invoke.DirectMethodHandle$Holder.newInvokeSpecial(java.lang.Object, java.lang.Object, java.lang.Object, int, java.lang.Object)'> (0x00000000eb4c4810) 
thrown [s\src\hotspot\share\interpreter\linkResolver.cpp, line 773]
Event: 3.291 Thread 0x000001f680024fe0 Exception <a 'java/lang/NoSuchMethodError'{0x00000000eb4c8300}: 'java.lang.Object java.lang.invoke.Invokers$Holder.linkToTargetMethod(java.lang.Object, java.lang.Object, int, java.lang.Object, java.lang.Object)'> (0x00000000eb4c8300) 
thrown [s\src\hotspot\share\interpreter\linkResolver.cpp, line 773]
Event: 3.291 Thread 0x000001f68033a5a0 Exception <a 'java/lang/NoSuchMethodError'{0x00000000eb40ceb8}: 'java.lang.Object java.lang.invoke.DirectMethodHandle$Holder.invokeSpecial(java.lang.Object, java.lang.Object, int, java.lang.Object, java.lang.Object)'> (0x00000000eb40ceb8) 
thrown [s\src\hotspot\share\interpreter\linkResolver.cpp, line 773]
Event: 3.292 Thread 0x000001f68033a5a0 Exception <a 'java/lang/NoSuchMethodError'{0x00000000eb413bf0}: 'java.lang.Object java.lang.invoke.DirectMethodHandle$Holder.newInvokeSpecial(java.lang.Object, java.lang.Object, int, java.lang.Object)'> (0x00000000eb413bf0) 
thrown [s\src\hotspot\share\interpreter\linkResolver.cpp, line 773]
Event: 3.308 Thread 0x000001f680024fe0 Exception <a 'java/lang/NoSuchMethodError'{0x00000000eb60bae8}: 'void java.lang.invoke.DirectMethodHandle$Holder.invokeSpecial(java.lang.Object, java.lang.Object, java.lang.Object, java.lang.Object, java.lang.Object)'> (0x00000000eb60bae8) 
thrown [s\src\hotspot\share\interpreter\linkResolver.cpp, line 773]
Event: 3.328 Thread 0x000001f680024fe0 Exception <a 'java/lang/NoSuchMethodError'{0x00000000eb730148}: 'double java.lang.invoke.DirectMethodHandle$Holder.invokeStatic(java.lang.Object, java.lang.Object)'> (0x00000000eb730148) 
thrown [s\src\hotspot\share\interpreter\linkResolver.cpp, line 773]
Event: 3.328 Thread 0x000001f680024fe0 Exception <a 'java/lang/NoSuchMethodError'{0x00000000eb733808}: 'double java.lang.invoke.DirectMethodHandle$Holder.invokeStaticInit(java.lang.Object, java.lang.Object)'> (0x00000000eb733808) 
thrown [s\src\hotspot\share\interpreter\linkResolver.cpp, line 773]
Event: 3.688 Thread 0x000001f680024fe0 Implicit null exception at 0x000001f6ad92a475 to 0x000001f6ad92a550

ZGC Phase Switch (0 events):
No events

VM Operations (20 events):
Event: 2.462 Executing VM operation: ParallelGCFailedAllocation (Allocation Failure)
Event: 2.468 Executing VM operation: ParallelGCFailedAllocation (Allocation Failure) done
Event: 2.519 Executing VM operation: HandshakeAllThreads (Deoptimize)
Event: 2.519 Executing VM operation: HandshakeAllThreads (Deoptimize) done
Event: 2.633 Executing VM operation: HandshakeAllThreads (Deoptimize)
Event: 2.633 Executing VM operation: HandshakeAllThreads (Deoptimize) done
Event: 2.889 Executing VM operation: HandshakeAllThreads (Deoptimize)
Event: 2.889 Executing VM operation: HandshakeAllThreads (Deoptimize) done
Event: 3.070 Executing VM operation: ParallelGCFailedAllocation (Allocation Failure)
Event: 3.078 Executing VM operation: ParallelGCFailedAllocation (Allocation Failure) done
Event: 3.163 Executing VM operation: HandshakeAllThreads (Deoptimize)
Event: 3.163 Executing VM operation: HandshakeAllThreads (Deoptimize) done
Event: 3.169 Executing VM operation: HandshakeAllThreads (Deoptimize)
Event: 3.169 Executing VM operation: HandshakeAllThreads (Deoptimize) done
Event: 3.190 Executing VM operation: HandshakeAllThreads (Deoptimize)
Event: 3.190 Executing VM operation: HandshakeAllThreads (Deoptimize) done
Event: 3.440 Executing VM operation: ParallelGCFailedAllocation (Allocation Failure)
Event: 3.445 Executing VM operation: ParallelGCFailedAllocation (Allocation Failure) done
Event: 3.794 Executing VM operation: ParallelGCFailedAllocation (Allocation Failure)
Event: 3.797 Executing VM operation: ParallelGCFailedAllocation (Allocation Failure) done

Memory protections (0 events):
No events

Nmethod flushes (0 events):
No events

Events (20 events):
Event: 0.178 Thread 0x000001f6a2a8e550 Thread added: 0x000001f6f95be300
Event: 0.178 Thread 0x000001f6a2a8e550 Thread added: 0x000001f6f95c2680
Event: 0.179 Thread 0x000001f6a2a8e550 Thread added: 0x000001f6f95c9c60
Event: 0.180 Thread 0x000001f6a2a8e550 Thread added: 0x000001f6f95f64d0
Event: 0.180 Thread 0x000001f6a2a8e550 Thread added: 0x000001f6f95f7940
Event: 0.189 Thread 0x000001f6f95f7940 Thread added: 0x000001f6f968b020
Event: 0.231 Thread 0x000001f6a2a8e550 Thread added: 0x000001f6f976ee80
Event: 0.277 Thread 0x000001f6f95f64d0 Thread added: 0x000001f6f9777be0
Event: 0.403 Thread 0x000001f6f968b020 Thread added: 0x000001f6f97cb390
Event: 0.722 Thread 0x000001f6f9777be0 Thread exited: 0x000001f6f9777be0
Event: 0.779 Thread 0x000001f6a2a8e550 Thread added: 0x000001f6f98a4320
Event: 0.957 Thread 0x000001f6f968b020 Thread added: 0x000001f6ff0e0410
Event: 2.162 Thread 0x000001f6a2a8e550 Thread added: 0x000001f680048480
Event: 2.406 Thread 0x000001f6a2a8e550 Thread added: 0x000001f680235880
Event: 2.410 Thread 0x000001f6a2a8e550 Thread added: 0x000001f680024fe0
Event: 2.471 Thread 0x000001f680024fe0 Thread added: 0x000001f6ff7a29b0
Event: 2.622 Thread 0x000001f680024fe0 Thread added: 0x000001f6800a0670
Event: 2.947 Thread 0x000001f680024fe0 Thread added: 0x000001f6802e6660
Event: 3.273 Thread 0x000001f680024fe0 Thread added: 0x000001f68033a5a0
Event: 3.292 Thread 0x000001f680024fe0 Thread added: 0x000001f6803452b0


Dynamic libraries:
0x00007ff77b220000 - 0x00007ff77b22e000 	c:\Users\DELL\.cursor\extensions\redhat.java-1.41.1-win32-x64\jre\21.0.6-win32-x86_64\bin\java.exe
0x00007ff9a4c40000 - 0x00007ff9a4ea6000 	C:\WINDOWS\SYSTEM32\ntdll.dll
0x00007ff9a3cc0000 - 0x00007ff9a3d89000 	C:\WINDOWS\System32\KERNEL32.DLL
0x00007ff9a2210000 - 0x00007ff9a25dc000 	C:\WINDOWS\System32\KERNELBASE.dll
0x00007ff9a28b0000 - 0x00007ff9a29fb000 	C:\WINDOWS\System32\ucrtbase.dll
0x00007ff980b20000 - 0x00007ff980b3e000 	c:\Users\DELL\.cursor\extensions\redhat.java-1.41.1-win32-x64\jre\21.0.6-win32-x86_64\bin\VCRUNTIME140.dll
0x00007ff980620000 - 0x00007ff980638000 	c:\Users\DELL\.cursor\extensions\redhat.java-1.41.1-win32-x64\jre\21.0.6-win32-x86_64\bin\jli.dll
0x00007ff9a4440000 - 0x00007ff9a460a000 	C:\WINDOWS\System32\USER32.dll
0x00007ff9a27e0000 - 0x00007ff9a2807000 	C:\WINDOWS\System32\win32u.dll
0x00007ff9a2a00000 - 0x00007ff9a2a2b000 	C:\WINDOWS\System32\GDI32.dll
0x00007ff9a26a0000 - 0x00007ff9a27d2000 	C:\WINDOWS\System32\gdi32full.dll
0x00007ff97e330000 - 0x00007ff97e5ca000 	C:\WINDOWS\WinSxS\amd64_microsoft.windows.common-controls_6595b64144ccf1df_6.0.26100.3912_none_3e07963ce335137e\COMCTL32.dll
0x00007ff9a3030000 - 0x00007ff9a30d9000 	C:\WINDOWS\System32\msvcrt.dll
0x00007ff9a1dd0000 - 0x00007ff9a1e73000 	C:\WINDOWS\System32\msvcp_win.dll
0x00007ff9a2d30000 - 0x00007ff9a2d60000 	C:\WINDOWS\System32\IMM32.DLL
0x00007ff981400000 - 0x00007ff98140c000 	c:\Users\DELL\.cursor\extensions\redhat.java-1.41.1-win32-x64\jre\21.0.6-win32-x86_64\bin\vcruntime140_1.dll
0x00007ff96f0b0000 - 0x00007ff96f13d000 	c:\Users\DELL\.cursor\extensions\redhat.java-1.41.1-win32-x64\jre\21.0.6-win32-x86_64\bin\msvcp140.dll
0x00007ff8e2a70000 - 0x00007ff8e3800000 	c:\Users\DELL\.cursor\extensions\redhat.java-1.41.1-win32-x64\jre\21.0.6-win32-x86_64\bin\server\jvm.dll
0x00007ff9a2f70000 - 0x00007ff9a3022000 	C:\WINDOWS\System32\ADVAPI32.dll
0x00007ff9a4610000 - 0x00007ff9a46b6000 	C:\WINDOWS\System32\sechost.dll
0x00007ff9a3af0000 - 0x00007ff9a3c06000 	C:\WINDOWS\System32\RPCRT4.dll
0x00007ff9a2b00000 - 0x00007ff9a2b74000 	C:\WINDOWS\System32\WS2_32.dll
0x00007ff9a0a00000 - 0x00007ff9a0a5e000 	C:\WINDOWS\SYSTEM32\POWRPROF.dll
0x00007ff997620000 - 0x00007ff997656000 	C:\WINDOWS\SYSTEM32\WINMM.dll
0x00007ff996050000 - 0x00007ff99605b000 	C:\WINDOWS\SYSTEM32\VERSION.dll
0x00007ff9a09e0000 - 0x00007ff9a09f4000 	C:\WINDOWS\SYSTEM32\UMPDC.dll
0x00007ff9a0cb0000 - 0x00007ff9a0cca000 	C:\WINDOWS\SYSTEM32\kernel.appcore.dll
0x00007ff973680000 - 0x00007ff97368a000 	c:\Users\DELL\.cursor\extensions\redhat.java-1.41.1-win32-x64\jre\21.0.6-win32-x86_64\bin\jimage.dll
0x00007ff99f520000 - 0x00007ff99f761000 	C:\WINDOWS\SYSTEM32\DBGHELP.DLL
0x00007ff9a4760000 - 0x00007ff9a4ae4000 	C:\WINDOWS\System32\combase.dll
0x00007ff9a32c0000 - 0x00007ff9a33a0000 	C:\WINDOWS\System32\OLEAUT32.dll
0x00007ff97af20000 - 0x00007ff97af59000 	C:\WINDOWS\SYSTEM32\dbgcore.DLL
0x00007ff9a2810000 - 0x00007ff9a28a9000 	C:\WINDOWS\System32\bcryptPrimitives.dll
0x00007ff9722e0000 - 0x00007ff9722ef000 	c:\Users\DELL\.cursor\extensions\redhat.java-1.41.1-win32-x64\jre\21.0.6-win32-x86_64\bin\instrument.dll
0x00007ff96fb80000 - 0x00007ff96fb9f000 	c:\Users\DELL\.cursor\extensions\redhat.java-1.41.1-win32-x64\jre\21.0.6-win32-x86_64\bin\java.dll
0x00007ff9a33b0000 - 0x00007ff9a3add000 	C:\WINDOWS\System32\SHELL32.dll
0x00007ff9a1e80000 - 0x00007ff9a1ff4000 	C:\WINDOWS\System32\wintypes.dll
0x00007ff99fa40000 - 0x00007ff9a0296000 	C:\WINDOWS\SYSTEM32\windows.storage.dll
0x00007ff9a2d70000 - 0x00007ff9a2e5f000 	C:\WINDOWS\System32\SHCORE.dll
0x00007ff9a2e80000 - 0x00007ff9a2ee9000 	C:\WINDOWS\System32\shlwapi.dll
0x00007ff9a1ce0000 - 0x00007ff9a1d0f000 	C:\WINDOWS\SYSTEM32\profapi.dll
0x00007ff96f090000 - 0x00007ff96f0a8000 	c:\Users\DELL\.cursor\extensions\redhat.java-1.41.1-win32-x64\jre\21.0.6-win32-x86_64\bin\zip.dll
0x00007ff970cc0000 - 0x00007ff970cd0000 	C:\Users\DELL\.cursor\extensions\redhat.java-1.41.1-win32-x64\jre\21.0.6-win32-x86_64\bin\net.dll
0x00007ff997280000 - 0x00007ff99739e000 	C:\WINDOWS\SYSTEM32\WINHTTP.dll
0x00007ff9a1220000 - 0x00007ff9a128a000 	C:\WINDOWS\system32\mswsock.dll
0x00007ff96f070000 - 0x00007ff96f086000 	C:\Users\DELL\.cursor\extensions\redhat.java-1.41.1-win32-x64\jre\21.0.6-win32-x86_64\bin\nio.dll
0x00007ff96f060000 - 0x00007ff96f070000 	c:\Users\DELL\.cursor\extensions\redhat.java-1.41.1-win32-x64\jre\21.0.6-win32-x86_64\bin\verify.dll
0x00007ff965740000 - 0x00007ff965785000 	C:\Users\DELL\AppData\Roaming\Cursor\User\globalStorage\redhat.java\1.41.1\config_ss_win\org.eclipse.equinox.launcher\org.eclipse.equinox.launcher.win32.win32.x86_64_1.2.1300.v20250331-1702\eclipse_11911.dll
0x00007ff9a2b80000 - 0x00007ff9a2d1f000 	C:\WINDOWS\System32\ole32.dll

dbghelp: loaded successfully - version: 4.0.5 - missing functions: none
symbol engine: initialized successfully - sym options: 0x614 - pdb path: .;c:\Users\DELL\.cursor\extensions\redhat.java-1.41.1-win32-x64\jre\21.0.6-win32-x86_64\bin;C:\WINDOWS\SYSTEM32;C:\WINDOWS\WinSxS\amd64_microsoft.windows.common-controls_6595b64144ccf1df_6.0.26100.3912_none_3e07963ce335137e;c:\Users\DELL\.cursor\extensions\redhat.java-1.41.1-win32-x64\jre\21.0.6-win32-x86_64\bin\server;C:\Users\DELL\AppData\Roaming\Cursor\User\globalStorage\redhat.java\1.41.1\config_ss_win\org.eclipse.equinox.launcher\org.eclipse.equinox.launcher.win32.win32.x86_64_1.2.1300.v20250331-1702

VM Arguments:
jvm_args: --add-modules=ALL-SYSTEM --add-opens=java.base/java.util=ALL-UNNAMED --add-opens=java.base/java.lang=ALL-UNNAMED --add-opens=java.base/sun.nio.fs=ALL-UNNAMED -Declipse.application=org.eclipse.jdt.ls.core.id1 -Dosgi.bundles.defaultStartLevel=4 -Declipse.product=org.eclipse.jdt.ls.core.product -Djava.import.generatesMetadataFilesAtProjectRoot=false -DDetectVMInstallationsJob.disabled=true -Dfile.encoding=utf8 -XX:+UseParallelGC -XX:GCTimeRatio=4 -XX:AdaptiveSizePolicyWeight=90 -Dsun.zip.disableMemoryMapping=true -Xmx1G -Xms100m -Xlog:disable -javaagent:c:\Users\DELL\.cursor\extensions\redhat.java-1.41.1-win32-x64\lombok\lombok-1.18.36.jar 
java_command: c:\Users\DELL\.cursor\extensions\redhat.java-1.41.1-win32-x64\server\plugins\org.eclipse.equinox.launcher_1.7.0.v20250331-1702.jar -configuration c:\Users\DELL\AppData\Roaming\Cursor\User\globalStorage\redhat.java\1.41.1\config_ss_win -data c:\Users\DELL\AppData\Roaming\Cursor\User\workspaceStorage\8ab44f44f73b8c286458d8950fa5d895\redhat.java\ss_ws --pipe=\\.\pipe\lsp-cee0c8a93c8d49ad0d5f00c45fdfd2df-sock
java_class_path (initial): c:\Users\DELL\.cursor\extensions\redhat.java-1.41.1-win32-x64\server\plugins\org.eclipse.equinox.launcher_1.7.0.v20250331-1702.jar
Launcher Type: SUN_STANDARD

[Global flags]
    uintx AdaptiveSizePolicyWeight                 = 90                                        {product} {command line}
     intx CICompilerCount                          = 12                                        {product} {ergonomic}
    uintx GCTimeRatio                              = 4                                         {product} {command line}
   size_t InitialHeapSize                          = 104857600                                 {product} {command line}
   size_t MaxHeapSize                              = 1073741824                                {product} {command line}
   size_t MaxNewSize                               = 357564416                                 {product} {ergonomic}
   size_t MinHeapDeltaBytes                        = 524288                                    {product} {ergonomic}
   size_t MinHeapSize                              = 104857600                                 {product} {command line}
   size_t NewSize                                  = 34603008                                  {product} {ergonomic}
    uintx NonNMethodCodeHeapSize                   = 7602480                                {pd product} {ergonomic}
    uintx NonProfiledCodeHeapSize                  = 122027880                              {pd product} {ergonomic}
   size_t OldSize                                  = 70254592                                  {product} {ergonomic}
    uintx ProfiledCodeHeapSize                     = 122027880                              {pd product} {ergonomic}
    uintx ReservedCodeCacheSize                    = 251658240                              {pd product} {ergonomic}
     bool SegmentedCodeCache                       = true                                      {product} {ergonomic}
   size_t SoftMaxHeapSize                          = 1073741824                             {manageable} {ergonomic}
     bool UseCompressedOops                        = true                           {product lp64_product} {ergonomic}
     bool UseLargePagesIndividualAllocation        = false                                  {pd product} {ergonomic}
     bool UseParallelGC                            = true                                      {product} {command line}

Logging:
Log output configuration:
 #0: stdout all=off uptime,level,tags foldmultilines=false
 #1: stderr all=off uptime,level,tags foldmultilines=false

Environment Variables:
JAVA_HOME=C:\Program Files\Java\jdk-21
PATH=C:\Python313\Scripts\;C:\Python313\;c:\Users\DELL\AppData\Local\Programs\cursor\resources\app\bin;C:\Program Files\Python311\Scripts\;C:\Program Files\Python311\;C:\Program Files\Common Files\Oracle\Java\javapath;C:\Program Files\Python312\Scripts\;C:\Program Files\Python312\;C:\Program Files\Eclipse Adoptium\jdk-8.0.392.8-hotspot\bin;C:\Program Files\Eclipse Adoptium\jre-8.0.392.8-hotspot\bin;C:\Windows\system32;C:\Windows;C:\Windows\System32\Wbem;C:\Windows\System32\WindowsPowerShell\v1.0\;C:\Windows\System32\OpenSSH\;C:\Program Files\dotnet\;C:\Program Files (x86)\NVIDIA Corporation\PhysX\Common;C:\mingw64\bin;C:\MinGW\bin;C:\Program Files\MySQL\MySQL Server 8.0\bin;C:\ProgramData\chocolatey\bin;C:\Program Files (x86)\Windows Kits\10\Windows Performance Toolkit\;C:\Program Files\Git\cmd;C:\Program Files\Git\mingw64\bin;C:\Program Files\Git\usr\bin;C:\Program Files\MySQL\MySQL Shell 8.0\bin\;C:\Users\DELL\AppData\Local\Microsoft\WindowsApps;C:\Program Files\JetBrains\;C:\Program Files\NVIDIA Corporation\NVIDIA app\NvDLISR;C:\WINDOWS\system32;C:\WINDOWS;C:\WINDOWS\System32\Wbem;C:\WINDOWS\System32\WindowsPowerShell\v1.0\;C:\WINDOWS\System32\OpenSSH\;;C:\Program Files\Microsoft VS Code\bin;C:\Program Files\nodejs\;C:\Program Files\MySQL\MySQL Shell 8.0\bin\;C:\Users\DELL\AppData\Local\Microsoft\WindowsApps;C:\Program Files\JetBrains\PyCharm Community Edition 2023.2\bin;;C:\Users\DELL\AppData\Local\Programs\Microsoft VS Code\bin;C:\Users\DELL\AppData\Roaming\npm;C:\Users\DELL\AppData\Local\Programs\cursor\resources\app\bin
USERNAME=DELL
OS=Windows_NT
PROCESSOR_IDENTIFIER=Intel64 Family 6 Model 154 Stepping 3, GenuineIntel
TMP=C:\Users\DELL\AppData\Local\Temp
TEMP=C:\Users\DELL\AppData\Local\Temp




Periodic native trim disabled

---------------  S Y S T E M  ---------------

OS:
 Windows 11 , 64 bit Build 26100 (10.0.26100.3912)
OS uptime: 0 days 5:30 hours
Hyper-V role detected

CPU: total 16 (initial active 16) (8 cores per cpu, 2 threads per core) family 6 model 154 stepping 3 microcode 0x435, cx8, cmov, fxsr, ht, mmx, 3dnowpref, sse, sse2, sse3, ssse3, sse4.1, sse4.2, popcnt, lzcnt, tsc, tscinvbit, avx, avx2, aes, erms, clmul, bmi1, bmi2, adx, sha, fma, vzeroupper, clflush, clflushopt, clwb, hv, serialize, rdtscp, rdpid, fsrm, f16c, cet_ibt, cet_ss
Processor Information for processor 0
  Max Mhz: 2500, Current Mhz: 2500, Mhz Limit: 2500
Processor Information for processor 1
  Max Mhz: 2500, Current Mhz: 2500, Mhz Limit: 2500
Processor Information for processor 2
  Max Mhz: 2500, Current Mhz: 2500, Mhz Limit: 2500
Processor Information for processor 3
  Max Mhz: 2500, Current Mhz: 2500, Mhz Limit: 2500
Processor Information for processor 4
  Max Mhz: 2500, Current Mhz: 2500, Mhz Limit: 2500
Processor Information for processor 5
  Max Mhz: 2500, Current Mhz: 2500, Mhz Limit: 2500
Processor Information for processor 6
  Max Mhz: 2500, Current Mhz: 2500, Mhz Limit: 2500
Processor Information for processor 7
  Max Mhz: 2500, Current Mhz: 2500, Mhz Limit: 2500
Processor Information for processor 8
  Max Mhz: 2500, Current Mhz: 2500, Mhz Limit: 2500
Processor Information for processor 9
  Max Mhz: 2500, Current Mhz: 2500, Mhz Limit: 2500
Processor Information for processor 10
  Max Mhz: 2500, Current Mhz: 2500, Mhz Limit: 2500
Processor Information for processor 11
  Max Mhz: 2500, Current Mhz: 2500, Mhz Limit: 2500
Processor Information for processor 12
  Max Mhz: 2500, Current Mhz: 1527, Mhz Limit: 2500
Processor Information for processor 13
  Max Mhz: 2500, Current Mhz: 1527, Mhz Limit: 2500
Processor Information for processor 14
  Max Mhz: 2500, Current Mhz: 2500, Mhz Limit: 2500
Processor Information for processor 15
  Max Mhz: 2500, Current Mhz: 2500, Mhz Limit: 2500

Memory: 4k page, system-wide physical 7876M (569M free)
TotalPageFile size 22930M (AvailPageFile size 0M)
current process WorkingSet (physical memory assigned to process): 130M, peak: 130M
current process commit charge ("private bytes"): 250M, peak: 251M

vm_info: OpenJDK 64-Bit Server VM (21.0.6+7-LTS) for windows-amd64 JRE (21.0.6+7-LTS), built on 2025-01-21T00:00:00Z by "admin" with MS VC++ 17.7 (VS2022)

END.
