#
# There is insufficient memory for the Java Runtime Environment to continue.
# Native memory allocation (malloc) failed to allocate 117136 bytes. Error detail: Chunk::new
# Possible reasons:
#   The system is out of physical RAM or swap space
#   This process is running with CompressedOops enabled, and the Java Heap may be blocking the growth of the native heap
# Possible solutions:
#   Reduce memory load on the system
#   Increase physical memory or swap space
#   Check if swap backing store is full
#   Decrease Java heap size (-Xmx/-Xms)
#   Decrease number of Java threads
#   Decrease Java thread stack sizes (-Xss)
#   Set larger code cache with -XX:ReservedCodeCacheSize=
#   JVM is running with Unscaled Compressed Oops mode in which the Java heap is
#     placed in the first 4GB address space. The Java Heap base address is the
#     maximum limit for the native heap growth. Please use -XX:HeapBaseMinAddress
#     to set the Java Heap base and to place the Java Heap above 4GB virtual address.
# This output file may be truncated or incomplete.
#
#  Out of Memory Error (arena.cpp:168), pid=22956, tid=15412
#
# JRE version: OpenJDK Runtime Environment Temurin-21.0.6+7 (21.0.6+7) (build 21.0.6+7-LTS)
# Java VM: OpenJDK 64-Bit Server VM Temurin-21.0.6+7 (21.0.6+7-LTS, mixed mode, sharing, tiered, compressed oops, compressed class ptrs, parallel gc, windows-amd64)
# No core dump will be written. Minidumps are not enabled by default on client versions of Windows
#

---------------  S U M M A R Y ------------

Command Line: --add-modules=ALL-SYSTEM --add-opens=java.base/java.util=ALL-UNNAMED --add-opens=java.base/java.lang=ALL-UNNAMED --add-opens=java.base/sun.nio.fs=ALL-UNNAMED -Declipse.application=org.eclipse.jdt.ls.core.id1 -Dosgi.bundles.defaultStartLevel=4 -Declipse.product=org.eclipse.jdt.ls.core.product -Djava.import.generatesMetadataFilesAtProjectRoot=false -DDetectVMInstallationsJob.disabled=true -Dfile.encoding=utf8 -XX:+UseParallelGC -XX:GCTimeRatio=4 -XX:AdaptiveSizePolicyWeight=90 -Dsun.zip.disableMemoryMapping=true -Xmx1G -Xms100m -Xlog:disable -javaagent:c:\Users\DELL\.vscode\extensions\redhat.java-1.41.1-win32-x64\lombok\lombok-1.18.36.jar c:\Users\DELL\.vscode\extensions\redhat.java-1.41.1-win32-x64\server\plugins\org.eclipse.equinox.launcher_1.7.0.v20250331-1702.jar -configuration c:\Users\DELL\AppData\Roaming\Code\User\globalStorage\redhat.java\1.41.1\config_ss_win -data c:\Users\DELL\AppData\Roaming\Code\User\workspaceStorage\8ab44f44f73b8c286458d8950fa5d895\redhat.java\ss_ws --pipe=\\.\pipe\lsp-7f5f89e3dcb5396d0a34c04c4848c175-sock

Host: 12th Gen Intel(R) Core(TM) i5-12500H, 16 cores, 7G,  Windows 11 , 64 bit Build 26100 (10.0.26100.3912)
Time: Sun May 11 14:40:32 2025 India Standard Time elapsed time: 1.204902 seconds (0d 0h 0m 1s)

---------------  T H R E A D  ---------------

Current thread (0x00000231f70fb110):  JavaThread "C2 CompilerThread0" daemon [_thread_in_native, id=15412, stack(0x0000003ac4e00000,0x0000003ac4f00000) (1024K)]


Current CompileTask:
C2:1204 1730   !   4       java.util.concurrent.ConcurrentHashMap::putVal (432 bytes)

Stack: [0x0000003ac4e00000,0x0000003ac4f00000]
Native frames: (J=compiled Java code, j=interpreted, Vv=VM code, C=native code)
V  [jvm.dll+0x6cdee9]
V  [jvm.dll+0x8a83d1]
V  [jvm.dll+0x8aa8fe]
V  [jvm.dll+0x8aafe3]
V  [jvm.dll+0x27f706]
V  [jvm.dll+0xc500d]
V  [jvm.dll+0xc5543]
V  [jvm.dll+0x2f2acd]
V  [jvm.dll+0x5f6a2a]
V  [jvm.dll+0x250bb2]
V  [jvm.dll+0x24908e]
V  [jvm.dll+0x246ec4]
V  [jvm.dll+0x1c75ee]
V  [jvm.dll+0x25685a]
V  [jvm.dll+0x254dfa]
V  [jvm.dll+0x3f0256]
V  [jvm.dll+0x851f8b]
V  [jvm.dll+0x6cc5ed]
C  [ucrtbase.dll+0x37b0]
C  [KERNEL32.DLL+0x2e8d7]
C  [ntdll.dll+0x9c5dc]


---------------  P R O C E S S  ---------------

Threads class SMR info:
_java_thread_list=0x00000231ff9595f0, length=16, elements={
0x00000231f7042ce0, 0x00000231f70e4400, 0x00000231fc42b4c0, 0x00000231f70e7770,
0x00000231fd924f70, 0x00000231f70ec4f0, 0x00000231f70ee250, 0x00000231f70fb110,
0x00000231f70fbc50, 0x00000231fd9b5bf0, 0x00000231fd9b6290, 0x00000231fd9b7df0,
0x00000231fd9e8290, 0x00000231fdabc9a0, 0x00000231ff246dc0, 0x00000231d41e3730
}

Java Threads: ( => current thread )
  0x00000231f7042ce0 JavaThread "main"                              [_thread_in_native, id=14712, stack(0x0000003ac4400000,0x0000003ac4500000) (1024K)]
  0x00000231f70e4400 JavaThread "Reference Handler"          daemon [_thread_blocked, id=18556, stack(0x0000003ac4800000,0x0000003ac4900000) (1024K)]
  0x00000231fc42b4c0 JavaThread "Finalizer"                  daemon [_thread_blocked, id=24880, stack(0x0000003ac4900000,0x0000003ac4a00000) (1024K)]
  0x00000231f70e7770 JavaThread "Signal Dispatcher"          daemon [_thread_blocked, id=2036, stack(0x0000003ac4a00000,0x0000003ac4b00000) (1024K)]
  0x00000231fd924f70 JavaThread "Attach Listener"            daemon [_thread_blocked, id=17192, stack(0x0000003ac4b00000,0x0000003ac4c00000) (1024K)]
  0x00000231f70ec4f0 JavaThread "Service Thread"             daemon [_thread_blocked, id=2092, stack(0x0000003ac4c00000,0x0000003ac4d00000) (1024K)]
  0x00000231f70ee250 JavaThread "Monitor Deflation Thread"   daemon [_thread_blocked, id=16796, stack(0x0000003ac4d00000,0x0000003ac4e00000) (1024K)]
=>0x00000231f70fb110 JavaThread "C2 CompilerThread0"         daemon [_thread_in_native, id=15412, stack(0x0000003ac4e00000,0x0000003ac4f00000) (1024K)]
  0x00000231f70fbc50 JavaThread "C1 CompilerThread0"         daemon [_thread_blocked, id=14888, stack(0x0000003ac4f00000,0x0000003ac5000000) (1024K)]
  0x00000231fd9b5bf0 JavaThread "C1 CompilerThread1"         daemon [_thread_blocked, id=25832, stack(0x0000003ac5000000,0x0000003ac5100000) (1024K)]
  0x00000231fd9b6290 JavaThread "C1 CompilerThread2"         daemon [_thread_blocked, id=3208, stack(0x0000003ac5100000,0x0000003ac5200000) (1024K)]
  0x00000231fd9b7df0 JavaThread "C1 CompilerThread3"         daemon [_thread_blocked, id=19232, stack(0x0000003ac5200000,0x0000003ac5300000) (1024K)]
  0x00000231fd9e8290 JavaThread "Common-Cleaner"             daemon [_thread_blocked, id=6436, stack(0x0000003ac5300000,0x0000003ac5400000) (1024K)]
  0x00000231fdabc9a0 JavaThread "C2 CompilerThread1"         daemon [_thread_blocked, id=21160, stack(0x0000003ac5400000,0x0000003ac5500000) (1024K)]
  0x00000231ff246dc0 JavaThread "Notification Thread"        daemon [_thread_blocked, id=23908, stack(0x0000003ac5500000,0x0000003ac5600000) (1024K)]
  0x00000231d41e3730 JavaThread "Active Thread: Equinox Container: 349fbcce-a477-4701-b8b2-7dc706e8e430"        [_thread_blocked, id=9316, stack(0x0000003ac5c00000,0x0000003ac5d00000) (1024K)]
Total: 16

Other Threads:
  0x00000231f4ba0fb0 VMThread "VM Thread"                           [id=10716, stack(0x0000003ac4700000,0x0000003ac4800000) (1024K)]
  0x00000231fc30cb20 WatcherThread "VM Periodic Task Thread"        [id=3820, stack(0x0000003ac4600000,0x0000003ac4700000) (1024K)]
  0x00000231f4ba2570 WorkerThread "GC Thread#0"                     [id=27168, stack(0x0000003ac4500000,0x0000003ac4600000) (1024K)]
  0x00000231f4ba1a90 WorkerThread "GC Thread#1"                     [id=28460, stack(0x0000003ac5600000,0x0000003ac5700000) (1024K)]
  0x00000231f4ba1e30 WorkerThread "GC Thread#2"                     [id=13560, stack(0x0000003ac5700000,0x0000003ac5800000) (1024K)]
  0x00000231ff27bbd0 WorkerThread "GC Thread#3"                     [id=7200, stack(0x0000003ac5800000,0x0000003ac5900000) (1024K)]
  0x00000231ff279790 WorkerThread "GC Thread#4"                     [id=18040, stack(0x0000003ac5900000,0x0000003ac5a00000) (1024K)]
  0x00000231ff279ed0 WorkerThread "GC Thread#5"                     [id=28480, stack(0x0000003ac5a00000,0x0000003ac5b00000) (1024K)]
  0x00000231ff27a610 WorkerThread "GC Thread#6"                     [id=1244, stack(0x0000003ac5b00000,0x0000003ac5c00000) (1024K)]
Total: 9

Threads with active compile tasks:
C2 CompilerThread0  1212 1730   !   4       java.util.concurrent.ConcurrentHashMap::putVal (432 bytes)
Total: 1

VM state: not at safepoint (normal execution)

VM Mutex/Monitor currently owned by a thread: None

Heap address: 0x00000000c0000000, size: 1024 MB, Compressed Oops mode: 32-bit

CDS archive(s) mapped at: [0x000002318f000000-0x000002318fba0000-0x000002318fba0000), size 12189696, SharedBaseAddress: 0x000002318f000000, ArchiveRelocationMode: 1.
Compressed class space mapped at: 0x0000023190000000-0x00000231d0000000, reserved size: 1073741824
Narrow klass base: 0x000002318f000000, Narrow klass shift: 0, Narrow klass range: 0x100000000

GC Precious Log:
 CardTable entry size: 512
 CPUs: 16 total, 16 available
 Memory: 7876M
 Large Page Support: Disabled
 NUMA Support: Disabled
 Compressed Oops: Enabled (32-bit)
 Alignments: Space 512K, Generation 512K, Heap 2M
 Heap Min Capacity: 100M
 Heap Initial Capacity: 100M
 Heap Max Capacity: 1G
 Pre-touch: Disabled
 Parallel Workers: 13

Heap:
 PSYoungGen      total 29696K, used 24046K [0x00000000eab00000, 0x00000000ecc00000, 0x0000000100000000)
  eden space 25600K, 81% used [0x00000000eab00000,0x00000000ebf68048,0x00000000ec400000)
  from space 4096K, 76% used [0x00000000ec400000,0x00000000ec713aa0,0x00000000ec800000)
  to   space 4096K, 0% used [0x00000000ec800000,0x00000000ec800000,0x00000000ecc00000)
 ParOldGen       total 68608K, used 16K [0x00000000c0000000, 0x00000000c4300000, 0x00000000eab00000)
  object space 68608K, 0% used [0x00000000c0000000,0x00000000c0004000,0x00000000c4300000)
 Metaspace       used 7346K, committed 7680K, reserved 1114112K
  class space    used 710K, committed 896K, reserved 1048576K

Card table byte_map: [0x00000231f69e0000,0x00000231f6bf0000] _byte_map_base: 0x00000231f63e0000

Marking Bits: (ParMarkBitMap*) 0x00007ffc2b243260
 Begin Bits: [0x00000231fa230000, 0x00000231fb230000)
 End Bits:   [0x00000231fb230000, 0x00000231fc230000)

Polling page: 0x00000231f4e30000

Metaspace:

Usage:
  Non-class:      6.48 MB used.
      Class:    710.58 KB used.
       Both:      7.17 MB used.

Virtual space:
  Non-class space:       64.00 MB reserved,       6.62 MB ( 10%) committed,  1 nodes.
      Class space:        1.00 GB reserved,     896.00 KB ( <1%) committed,  1 nodes.
             Both:        1.06 GB reserved,       7.50 MB ( <1%) committed. 

Chunk freelists:
   Non-Class:  9.17 MB
       Class:  14.98 MB
        Both:  24.16 MB

MaxMetaspaceSize: unlimited
CompressedClassSpaceSize: 1.00 GB
Initial GC threshold: 21.00 MB
Current GC threshold: 21.00 MB
CDS: on
 - commit_granule_bytes: 65536.
 - commit_granule_words: 8192.
 - virtual_space_node_default_size: 8388608.
 - enlarge_chunks_in_place: 1.
 - use_allocation_guard: 0.


Internal statistics:

num_allocs_failed_limit: 0.
num_arena_births: 226.
num_arena_deaths: 0.
num_vsnodes_births: 2.
num_vsnodes_deaths: 0.
num_space_committed: 120.
num_space_uncommitted: 0.
num_chunks_returned_to_freelist: 0.
num_chunks_taken_from_freelist: 387.
num_chunk_merges: 0.
num_chunk_splits: 262.
num_chunks_enlarged: 170.
num_inconsistent_stats: 0.

CodeHeap 'non-profiled nmethods': size=119168Kb used=686Kb max_used=686Kb free=118481Kb
 bounds [0x0000023187ba0000, 0x0000023187e10000, 0x000002318f000000]
CodeHeap 'profiled nmethods': size=119104Kb used=3111Kb max_used=3111Kb free=115992Kb
 bounds [0x0000023180000000, 0x0000023180310000, 0x0000023187450000]
CodeHeap 'non-nmethods': size=7488Kb used=2901Kb max_used=2935Kb free=4586Kb
 bounds [0x0000023187450000, 0x0000023187730000, 0x0000023187ba0000]
 total_blobs=2221 nmethods=1741 adapters=384
 compilation: enabled
              stopped_count=0, restarted_count=0
 full_count=0

Compilation events (20 events):
Event: 1.188 Thread 0x00000231fd9b7df0 nmethod 1718 0x00000231802f9890 code [0x00000231802f9b60, 0x00000231802fa7d8]
Event: 1.192 Thread 0x00000231fdabc9a0 nmethod 1712 0x0000023187c45e90 code [0x0000023187c460a0, 0x0000023187c467b8]
Event: 1.193 Thread 0x00000231fd9b6290 1723       3       java.lang.ClassLoader::compareCerts (197 bytes)
Event: 1.193 Thread 0x00000231fd9b6290 nmethod 1723 0x00000231802fae90 code [0x00000231802fb0c0, 0x00000231802fb8f8]
Event: 1.193 Thread 0x00000231fd9b6290 1724       3       java.lang.String::encode8859_1 (159 bytes)
Event: 1.194 Thread 0x00000231fd9b6290 nmethod 1724 0x00000231802fbc10 code [0x00000231802fbe40, 0x00000231802fc700]
Event: 1.194 Thread 0x00000231f70fbc50 1726       3       java.lang.invoke.DirectMethodHandle::maybeCompile (24 bytes)
Event: 1.195 Thread 0x00000231f70fbc50 nmethod 1726 0x00000231802fc990 code [0x00000231802fcb60, 0x00000231802fcd60]
Event: 1.197 Thread 0x00000231f70fb110 nmethod 1710 0x0000023187c46f90 code [0x0000023187c472c0, 0x0000023187c483a8]
Event: 1.197 Thread 0x00000231fdabc9a0 1727       4       java.util.HashMap::get (19 bytes)
Event: 1.198 Thread 0x00000231f70fbc50 1728       3       java.lang.ClassLoader::postDefineClass (39 bytes)
Event: 1.198 Thread 0x00000231f70fbc50 nmethod 1728 0x00000231802fce90 code [0x00000231802fd080, 0x00000231802fd3a8]
Event: 1.200 Thread 0x00000231fdabc9a0 nmethod 1727 0x0000023187c49610 code [0x0000023187c497e0, 0x0000023187c49b40]
Event: 1.200 Thread 0x00000231f70fbc50 1729       3       java.lang.ClassNotFoundException::<init> (7 bytes)
Event: 1.200 Thread 0x00000231f70fbc50 nmethod 1729 0x00000231802fd590 code [0x00000231802fd740, 0x00000231802fd940]
Event: 1.201 Thread 0x00000231f70fb110 1730   !   4       java.util.concurrent.ConcurrentHashMap::putVal (432 bytes)
Event: 1.202 Thread 0x00000231fdabc9a0 1731       4       java.lang.StringBuilder::<init> (7 bytes)
Event: 1.202 Thread 0x00000231fd9b5bf0 1732       3       sun.security.provider.DigestBase::engineReset (33 bytes)
Event: 1.203 Thread 0x00000231fd9b5bf0 nmethod 1732 0x00000231802fda10 code [0x00000231802fdbe0, 0x00000231802fde70]
Event: 1.203 Thread 0x00000231fdabc9a0 nmethod 1731 0x0000023187c49e10 code [0x0000023187c49fa0, 0x0000023187c4a0d0]

GC Heap History (2 events):
Event: 0.800 GC heap before
{Heap before GC invocations=1 (full 0):
 PSYoungGen      total 29696K, used 25600K [0x00000000eab00000, 0x00000000ecc00000, 0x0000000100000000)
  eden space 25600K, 100% used [0x00000000eab00000,0x00000000ec400000,0x00000000ec400000)
  from space 4096K, 0% used [0x00000000ec800000,0x00000000ec800000,0x00000000ecc00000)
  to   space 4096K, 0% used [0x00000000ec400000,0x00000000ec400000,0x00000000ec800000)
 ParOldGen       total 68608K, used 0K [0x00000000c0000000, 0x00000000c4300000, 0x00000000eab00000)
  object space 68608K, 0% used [0x00000000c0000000,0x00000000c0000000,0x00000000c4300000)
 Metaspace       used 3962K, committed 4160K, reserved 1114112K
  class space    used 400K, committed 512K, reserved 1048576K
}
Event: 0.808 GC heap after
{Heap after GC invocations=1 (full 0):
 PSYoungGen      total 29696K, used 3150K [0x00000000eab00000, 0x00000000ecc00000, 0x0000000100000000)
  eden space 25600K, 0% used [0x00000000eab00000,0x00000000eab00000,0x00000000ec400000)
  from space 4096K, 76% used [0x00000000ec400000,0x00000000ec713aa0,0x00000000ec800000)
  to   space 4096K, 0% used [0x00000000ec800000,0x00000000ec800000,0x00000000ecc00000)
 ParOldGen       total 68608K, used 16K [0x00000000c0000000, 0x00000000c4300000, 0x00000000eab00000)
  object space 68608K, 0% used [0x00000000c0000000,0x00000000c0004000,0x00000000c4300000)
 Metaspace       used 3962K, committed 4160K, reserved 1114112K
  class space    used 400K, committed 512K, reserved 1048576K
}

Dll operation events (8 events):
Event: 0.046 Loaded shared library c:\Users\DELL\.vscode\extensions\redhat.java-1.41.1-win32-x64\jre\21.0.6-win32-x86_64\bin\java.dll
Event: 0.141 Loaded shared library c:\Users\DELL\.vscode\extensions\redhat.java-1.41.1-win32-x64\jre\21.0.6-win32-x86_64\bin\zip.dll
Event: 0.158 Loaded shared library C:\Users\DELL\.vscode\extensions\redhat.java-1.41.1-win32-x64\jre\21.0.6-win32-x86_64\bin\instrument.dll
Event: 0.161 Loaded shared library C:\Users\DELL\.vscode\extensions\redhat.java-1.41.1-win32-x64\jre\21.0.6-win32-x86_64\bin\net.dll
Event: 0.163 Loaded shared library C:\Users\DELL\.vscode\extensions\redhat.java-1.41.1-win32-x64\jre\21.0.6-win32-x86_64\bin\nio.dll
Event: 0.165 Loaded shared library C:\Users\DELL\.vscode\extensions\redhat.java-1.41.1-win32-x64\jre\21.0.6-win32-x86_64\bin\zip.dll
Event: 0.185 Loaded shared library C:\Users\DELL\.vscode\extensions\redhat.java-1.41.1-win32-x64\jre\21.0.6-win32-x86_64\bin\jimage.dll
Event: 0.270 Loaded shared library c:\Users\DELL\.vscode\extensions\redhat.java-1.41.1-win32-x64\jre\21.0.6-win32-x86_64\bin\verify.dll

Deoptimization events (20 events):
Event: 1.047 Thread 0x00000231f7042ce0 DEOPT PACKING pc=0x00000231800b142e sp=0x0000003ac44f4160
Event: 1.047 Thread 0x00000231f7042ce0 DEOPT UNPACKING pc=0x00000231874a4242 sp=0x0000003ac44f3610 mode 0
Event: 1.051 Thread 0x00000231f7042ce0 DEOPT PACKING pc=0x00000231800b138d sp=0x0000003ac44f7b00
Event: 1.051 Thread 0x00000231f7042ce0 DEOPT UNPACKING pc=0x00000231874a4242 sp=0x0000003ac44f6fb0 mode 0
Event: 1.053 Thread 0x00000231f7042ce0 Uncommon trap: trap_request=0xffffffc6 fr.pc=0x0000023187bd8350 relative=0x0000000000000290
Event: 1.053 Thread 0x00000231f7042ce0 Uncommon trap: reason=bimorphic_or_optimized_type_check action=maybe_recompile pc=0x0000023187bd8350 method=java.util.Collections$UnmodifiableCollection$1.next()Ljava/lang/Object; @ 4 c2
Event: 1.053 Thread 0x00000231f7042ce0 DEOPT PACKING pc=0x0000023187bd8350 sp=0x0000003ac44f86f0
Event: 1.053 Thread 0x00000231f7042ce0 DEOPT UNPACKING pc=0x00000231874a3aa2 sp=0x0000003ac44f86a0 mode 2
Event: 1.053 Thread 0x00000231f7042ce0 Uncommon trap: trap_request=0xffffffc6 fr.pc=0x0000023187bd8350 relative=0x0000000000000290
Event: 1.053 Thread 0x00000231f7042ce0 Uncommon trap: reason=bimorphic_or_optimized_type_check action=maybe_recompile pc=0x0000023187bd8350 method=java.util.Collections$UnmodifiableCollection$1.next()Ljava/lang/Object; @ 4 c2
Event: 1.053 Thread 0x00000231f7042ce0 DEOPT PACKING pc=0x0000023187bd8350 sp=0x0000003ac44f86f0
Event: 1.053 Thread 0x00000231f7042ce0 DEOPT UNPACKING pc=0x00000231874a3aa2 sp=0x0000003ac44f86a0 mode 2
Event: 1.147 Thread 0x00000231f7042ce0 Uncommon trap: trap_request=0xffffff45 fr.pc=0x0000023187c21ccc relative=0x00000000000000ac
Event: 1.147 Thread 0x00000231f7042ce0 Uncommon trap: reason=unstable_if action=reinterpret pc=0x0000023187c21ccc method=java.util.concurrent.locks.ReentrantLock$NonfairSync.initialTryLock()Z @ 10 c2
Event: 1.147 Thread 0x00000231f7042ce0 DEOPT PACKING pc=0x0000023187c21ccc sp=0x0000003ac44feb70
Event: 1.147 Thread 0x00000231f7042ce0 DEOPT UNPACKING pc=0x00000231874a3aa2 sp=0x0000003ac44feb00 mode 2
Event: 1.147 Thread 0x00000231f7042ce0 Uncommon trap: trap_request=0xffffff45 fr.pc=0x0000023187c3f9a8 relative=0x00000000000000e8
Event: 1.147 Thread 0x00000231f7042ce0 Uncommon trap: reason=unstable_if action=reinterpret pc=0x0000023187c3f9a8 method=java.util.concurrent.locks.ReentrantLock$Sync.tryRelease(I)Z @ 26 c2
Event: 1.147 Thread 0x00000231f7042ce0 DEOPT PACKING pc=0x0000023187c3f9a8 sp=0x0000003ac44fec90
Event: 1.147 Thread 0x00000231f7042ce0 DEOPT UNPACKING pc=0x00000231874a3aa2 sp=0x0000003ac44feb50 mode 2

Classes loaded (20 events):
Event: 1.160 Loading class java/util/concurrent/Delayed
Event: 1.160 Loading class java/util/concurrent/Delayed done
Event: 1.160 Loading class java/util/concurrent/ScheduledFuture done
Event: 1.160 Loading class java/util/concurrent/RunnableScheduledFuture done
Event: 1.161 Loading class java/util/concurrent/ScheduledThreadPoolExecutor$ScheduledFutureTask
Event: 1.161 Loading class java/util/concurrent/FutureTask
Event: 1.161 Loading class java/util/concurrent/FutureTask done
Event: 1.162 Loading class java/util/concurrent/ScheduledThreadPoolExecutor$ScheduledFutureTask done
Event: 1.162 Loading class java/util/concurrent/FutureTask$WaitNode
Event: 1.162 Loading class java/util/concurrent/FutureTask$WaitNode done
Event: 1.162 Loading class java/util/concurrent/Executors$RunnableAdapter
Event: 1.162 Loading class java/util/concurrent/Executors$RunnableAdapter done
Event: 1.162 Loading class java/util/concurrent/ThreadPoolExecutor$Worker
Event: 1.162 Loading class java/util/concurrent/ThreadPoolExecutor$Worker done
Event: 1.181 Loading class java/util/ArrayList$ListItr
Event: 1.181 Loading class java/util/ArrayList$ListItr done
Event: 1.197 Loading class java/util/ConcurrentModificationException
Event: 1.197 Loading class java/util/ConcurrentModificationException done
Event: 1.204 Loading class java/util/LinkedList
Event: 1.204 Loading class java/util/AbstractSequentialList

Classes unloaded (0 events):
No events

Classes redefined (0 events):
No events

Internal exceptions (20 events):
Event: 0.818 Thread 0x00000231f7042ce0 Exception <a 'java/lang/ClassNotFoundException'{0x00000000eab3e118}: sun/net/www/protocol/c/Handler> (0x00000000eab3e118) 
thrown [s\src\hotspot\share\classfile\systemDictionary.cpp, line 312]
Event: 0.818 Thread 0x00000231f7042ce0 Exception <a 'java/lang/ClassNotFoundException'{0x00000000eab3f4b8}: sun/net/www/protocol/d/Handler> (0x00000000eab3f4b8) 
thrown [s\src\hotspot\share\classfile\systemDictionary.cpp, line 312]
Event: 0.819 Thread 0x00000231f7042ce0 Exception <a 'java/lang/ClassNotFoundException'{0x00000000eab406a0}: sun/net/www/protocol/c/Handler> (0x00000000eab406a0) 
thrown [s\src\hotspot\share\classfile\systemDictionary.cpp, line 312]
Event: 0.826 Thread 0x00000231f7042ce0 Exception <a 'java/io/FileNotFoundException'{0x00000000eab65168}> (0x00000000eab65168) 
thrown [s\src\hotspot\share\prims\jni.cpp, line 520]
Event: 0.856 Thread 0x00000231f7042ce0 Implicit null exception at 0x0000023187bf3c29 to 0x0000023187bf4498
Event: 0.856 Thread 0x00000231f7042ce0 Implicit null exception at 0x0000023187bf911a to 0x0000023187bf9324
Event: 0.856 Thread 0x00000231f7042ce0 Exception <a 'java/lang/NoSuchMethodError'{0x00000000ead0ff40}: 'void java.lang.invoke.DirectMethodHandle$Holder.invokeStatic(java.lang.Object, java.lang.Object, java.lang.Object, java.lang.Object)'> (0x00000000ead0ff40) 
thrown [s\src\hotspot\share\interpreter\linkResolver.cpp, line 773]
Event: 0.898 Thread 0x00000231f7042ce0 Exception <a 'java/lang/NoSuchMethodError'{0x00000000eaf8d6a8}: 'long java.lang.invoke.DirectMethodHandle$Holder.invokeStatic(java.lang.Object, java.lang.Object, int)'> (0x00000000eaf8d6a8) 
thrown [s\src\hotspot\share\interpreter\linkResolver.cpp, line 773]
Event: 0.899 Thread 0x00000231f7042ce0 Exception <a 'java/lang/NoSuchMethodError'{0x00000000eaf951b0}: 'java.lang.Object java.lang.invoke.DirectMethodHandle$Holder.invokeSpecial(java.lang.Object, java.lang.Object, java.lang.Object, java.lang.Object, long)'> (0x00000000eaf951b0) 
thrown [s\src\hotspot\share\interpreter\linkResolver.cpp, line 773]
Event: 0.901 Thread 0x00000231f7042ce0 Exception <a 'java/lang/NoSuchMethodError'{0x00000000eafa3290}: 'java.lang.Object java.lang.invoke.DirectMethodHandle$Holder.invokeSpecial(java.lang.Object, java.lang.Object, java.lang.Object, int, java.lang.Object)'> (0x00000000eafa3290) 
thrown [s\src\hotspot\share\interpreter\linkResolver.cpp, line 773]
Event: 0.904 Thread 0x00000231f7042ce0 Exception <a 'java/lang/NoSuchMethodError'{0x00000000eafba600}: 'java.lang.Object java.lang.invoke.Invokers$Holder.invokeExact_MT(java.lang.Object, java.lang.Object, java.lang.Object, java.lang.Object, java.lang.Object, java.lang.Object)'> (0x00000000eafba600) 
thrown [s\src\hotspot\share\interpreter\linkResolver.cpp, line 773]
Event: 0.907 Thread 0x00000231f7042ce0 Exception <a 'java/lang/NoSuchMethodError'{0x00000000eafd3eb0}: 'int java.lang.invoke.DirectMethodHandle$Holder.invokeStaticInit(java.lang.Object, java.lang.Object, java.lang.Object, java.lang.Object)'> (0x00000000eafd3eb0) 
thrown [s\src\hotspot\share\interpreter\linkResolver.cpp, line 773]
Event: 0.907 Thread 0x00000231f7042ce0 Exception <a 'java/lang/NoSuchMethodError'{0x00000000eafdc668}: 'java.lang.Object java.lang.invoke.DirectMethodHandle$Holder.invokeInterface(java.lang.Object, java.lang.Object)'> (0x00000000eafdc668) 
thrown [s\src\hotspot\share\interpreter\linkResolver.cpp, line 773]
Event: 0.908 Thread 0x00000231f7042ce0 Exception <a 'java/lang/IncompatibleClassChangeError'{0x00000000eafdfba0}: Found class java.lang.Object, but interface was expected> (0x00000000eafdfba0) 
thrown [s\src\hotspot\share\interpreter\linkResolver.cpp, line 840]
Event: 0.908 Thread 0x00000231f7042ce0 Exception <a 'java/lang/NoSuchMethodError'{0x00000000eafe3d58}: 'void java.lang.invoke.DirectMethodHandle$Holder.invokeStatic(java.lang.Object, java.lang.Object)'> (0x00000000eafe3d58) 
thrown [s\src\hotspot\share\interpreter\linkResolver.cpp, line 773]
Event: 0.908 Thread 0x00000231f7042ce0 Exception <a 'java/lang/NoSuchMethodError'{0x00000000eafe7100}: 'void java.lang.invoke.DirectMethodHandle$Holder.invokeStaticInit(java.lang.Object, java.lang.Object)'> (0x00000000eafe7100) 
thrown [s\src\hotspot\share\interpreter\linkResolver.cpp, line 773]
Event: 0.910 Thread 0x00000231f7042ce0 Exception <a 'java/lang/NoSuchMethodError'{0x00000000eafee1a0}: 'int java.lang.invoke.DirectMethodHandle$Holder.invokeStaticInit(java.lang.Object, java.lang.Object)'> (0x00000000eafee1a0) 
thrown [s\src\hotspot\share\interpreter\linkResolver.cpp, line 773]
Event: 0.940 Thread 0x00000231f7042ce0 Exception <a 'java/lang/NoSuchMethodError'{0x00000000eb16dd78}: 'void java.lang.invoke.DirectMethodHandle$Holder.invokeSpecial(java.lang.Object, java.lang.Object, java.lang.Object)'> (0x00000000eb16dd78) 
thrown [s\src\hotspot\share\interpreter\linkResolver.cpp, line 773]
Event: 1.132 Thread 0x00000231f7042ce0 Exception <a 'java/lang/NoSuchMethodError'{0x00000000eba11d30}: 'int java.lang.invoke.DirectMethodHandle$Holder.invokeVirtual(java.lang.Object, java.lang.Object)'> (0x00000000eba11d30) 
thrown [s\src\hotspot\share\interpreter\linkResolver.cpp, line 773]
Event: 1.189 Thread 0x00000231f7042ce0 Exception <a 'java/lang/NoSuchMethodError'{0x00000000ebd55758}: 'java.lang.Object java.lang.invoke.DirectMethodHandle$Holder.newInvokeSpecial(java.lang.Object, int, java.lang.Object)'> (0x00000000ebd55758) 
thrown [s\src\hotspot\share\interpreter\linkResolver.cpp, line 773]

ZGC Phase Switch (0 events):
No events

VM Operations (20 events):
Event: 0.137 Executing VM operation: HandshakeAllThreads (Deoptimize)
Event: 0.138 Executing VM operation: HandshakeAllThreads (Deoptimize) done
Event: 0.201 Executing VM operation: HandshakeAllThreads (Deoptimize)
Event: 0.201 Executing VM operation: HandshakeAllThreads (Deoptimize) done
Event: 0.575 Executing VM operation: HandshakeAllThreads (Deoptimize)
Event: 0.575 Executing VM operation: HandshakeAllThreads (Deoptimize) done
Event: 0.595 Executing VM operation: HandshakeAllThreads (Deoptimize)
Event: 0.595 Executing VM operation: HandshakeAllThreads (Deoptimize) done
Event: 0.782 Executing VM operation: ICBufferFull
Event: 0.783 Executing VM operation: ICBufferFull done
Event: 0.787 Executing VM operation: HandshakeAllThreads (Deoptimize)
Event: 0.787 Executing VM operation: HandshakeAllThreads (Deoptimize) done
Event: 0.799 Executing VM operation: ParallelGCFailedAllocation (Allocation Failure)
Event: 0.808 Executing VM operation: ParallelGCFailedAllocation (Allocation Failure) done
Event: 1.174 Executing VM operation: HandshakeAllThreads (Deoptimize)
Event: 1.174 Executing VM operation: HandshakeAllThreads (Deoptimize) done
Event: 1.174 Executing VM operation: HandshakeAllThreads (Deoptimize)
Event: 1.174 Executing VM operation: HandshakeAllThreads (Deoptimize) done
Event: 1.181 Executing VM operation: HandshakeAllThreads (Deoptimize)
Event: 1.181 Executing VM operation: HandshakeAllThreads (Deoptimize) done

Memory protections (0 events):
No events

Nmethod flushes (0 events):
No events

Events (16 events):
Event: 0.087 Thread 0x00000231f7042ce0 Thread added: 0x00000231f7042ce0
Event: 0.115 Thread 0x00000231f7042ce0 Thread added: 0x00000231f70e4400
Event: 0.115 Thread 0x00000231f7042ce0 Thread added: 0x00000231fc42b4c0
Event: 0.116 Thread 0x00000231f7042ce0 Thread added: 0x00000231f70e7770
Event: 0.116 Thread 0x00000231f7042ce0 Thread added: 0x00000231fd924f70
Event: 0.116 Thread 0x00000231f7042ce0 Thread added: 0x00000231f70ec4f0
Event: 0.116 Thread 0x00000231f7042ce0 Thread added: 0x00000231f70ee250
Event: 0.116 Thread 0x00000231f7042ce0 Thread added: 0x00000231f70fb110
Event: 0.116 Thread 0x00000231f7042ce0 Thread added: 0x00000231f70fbc50
Event: 0.121 Thread 0x00000231f70fbc50 Thread added: 0x00000231fd9b5bf0
Event: 0.121 Thread 0x00000231f70fbc50 Thread added: 0x00000231fd9b6290
Event: 0.121 Thread 0x00000231f70fbc50 Thread added: 0x00000231fd9b7df0
Event: 0.130 Thread 0x00000231f7042ce0 Thread added: 0x00000231fd9e8290
Event: 0.145 Thread 0x00000231fd9b7df0 Thread added: 0x00000231fdabc9a0
Event: 0.394 Thread 0x00000231f7042ce0 Thread added: 0x00000231ff246dc0
Event: 1.162 Thread 0x00000231f7042ce0 Thread added: 0x00000231d41e3730


Dynamic libraries:
0x00007ff7afd50000 - 0x00007ff7afd5e000 	c:\Users\DELL\.vscode\extensions\redhat.java-1.41.1-win32-x64\jre\21.0.6-win32-x86_64\bin\java.exe
0x00007ffcc7160000 - 0x00007ffcc73c6000 	C:\WINDOWS\SYSTEM32\ntdll.dll
0x00007ffcc5020000 - 0x00007ffcc50e9000 	C:\WINDOWS\System32\KERNEL32.DLL
0x00007ffcc4510000 - 0x00007ffcc48dc000 	C:\WINDOWS\System32\KERNELBASE.dll
0x00007ffcc48e0000 - 0x00007ffcc4a2b000 	C:\WINDOWS\System32\ucrtbase.dll
0x00007ffcb65e0000 - 0x00007ffcb65f8000 	c:\Users\DELL\.vscode\extensions\redhat.java-1.41.1-win32-x64\jre\21.0.6-win32-x86_64\bin\jli.dll
0x00007ffcb65c0000 - 0x00007ffcb65de000 	c:\Users\DELL\.vscode\extensions\redhat.java-1.41.1-win32-x64\jre\21.0.6-win32-x86_64\bin\VCRUNTIME140.dll
0x00007ffcc5720000 - 0x00007ffcc58ea000 	C:\WINDOWS\System32\USER32.dll
0x00007ffca5500000 - 0x00007ffca579a000 	C:\WINDOWS\WinSxS\amd64_microsoft.windows.common-controls_6595b64144ccf1df_6.0.26100.3912_none_3e07963ce335137e\COMCTL32.dll
0x00007ffcc4b70000 - 0x00007ffcc4b97000 	C:\WINDOWS\System32\win32u.dll
0x00007ffcc51a0000 - 0x00007ffcc5249000 	C:\WINDOWS\System32\msvcrt.dll
0x00007ffcc56e0000 - 0x00007ffcc570b000 	C:\WINDOWS\System32\GDI32.dll
0x00007ffcc4a30000 - 0x00007ffcc4b62000 	C:\WINDOWS\System32\gdi32full.dll
0x00007ffcc4ba0000 - 0x00007ffcc4c43000 	C:\WINDOWS\System32\msvcp_win.dll
0x00007ffcc6f00000 - 0x00007ffcc6f30000 	C:\WINDOWS\System32\IMM32.DLL
0x00007ffcb65b0000 - 0x00007ffcb65bc000 	c:\Users\DELL\.vscode\extensions\redhat.java-1.41.1-win32-x64\jre\21.0.6-win32-x86_64\bin\vcruntime140_1.dll
0x00007ffc4ae50000 - 0x00007ffc4aedd000 	c:\Users\DELL\.vscode\extensions\redhat.java-1.41.1-win32-x64\jre\21.0.6-win32-x86_64\bin\msvcp140.dll
0x00007ffc2a590000 - 0x00007ffc2b320000 	c:\Users\DELL\.vscode\extensions\redhat.java-1.41.1-win32-x64\jre\21.0.6-win32-x86_64\bin\server\jvm.dll
0x00007ffcc5f90000 - 0x00007ffcc6042000 	C:\WINDOWS\System32\ADVAPI32.dll
0x00007ffcc50f0000 - 0x00007ffcc5196000 	C:\WINDOWS\System32\sechost.dll
0x00007ffcc6dd0000 - 0x00007ffcc6ee6000 	C:\WINDOWS\System32\RPCRT4.dll
0x00007ffcc59f0000 - 0x00007ffcc5a64000 	C:\WINDOWS\System32\WS2_32.dll
0x00007ffcbafa0000 - 0x00007ffcbafab000 	C:\WINDOWS\SYSTEM32\VERSION.dll
0x00007ffcbaf60000 - 0x00007ffcbaf96000 	C:\WINDOWS\SYSTEM32\WINMM.dll
0x00007ffcc2f20000 - 0x00007ffcc2f7e000 	C:\WINDOWS\SYSTEM32\POWRPROF.dll
0x00007ffcc2f00000 - 0x00007ffcc2f14000 	C:\WINDOWS\SYSTEM32\UMPDC.dll
0x00007ffcc31d0000 - 0x00007ffcc31ea000 	C:\WINDOWS\SYSTEM32\kernel.appcore.dll
0x00007ffcb5030000 - 0x00007ffcb503a000 	c:\Users\DELL\.vscode\extensions\redhat.java-1.41.1-win32-x64\jre\21.0.6-win32-x86_64\bin\jimage.dll
0x00007ffcc1a80000 - 0x00007ffcc1cc1000 	C:\WINDOWS\SYSTEM32\DBGHELP.DLL
0x00007ffcc5a70000 - 0x00007ffcc5df4000 	C:\WINDOWS\System32\combase.dll
0x00007ffcc4f20000 - 0x00007ffcc5000000 	C:\WINDOWS\System32\OLEAUT32.dll
0x00007ffc9f5f0000 - 0x00007ffc9f629000 	C:\WINDOWS\SYSTEM32\dbgcore.DLL
0x00007ffcc42f0000 - 0x00007ffcc4389000 	C:\WINDOWS\System32\bcryptPrimitives.dll
0x00007ffcb4850000 - 0x00007ffcb485f000 	c:\Users\DELL\.vscode\extensions\redhat.java-1.41.1-win32-x64\jre\21.0.6-win32-x86_64\bin\instrument.dll
0x00007ffcb3e10000 - 0x00007ffcb3e2f000 	c:\Users\DELL\.vscode\extensions\redhat.java-1.41.1-win32-x64\jre\21.0.6-win32-x86_64\bin\java.dll
0x00007ffcc6530000 - 0x00007ffcc6c5d000 	C:\WINDOWS\System32\SHELL32.dll
0x00007ffcc4390000 - 0x00007ffcc4504000 	C:\WINDOWS\System32\wintypes.dll
0x00007ffcc1f60000 - 0x00007ffcc27b6000 	C:\WINDOWS\SYSTEM32\windows.storage.dll
0x00007ffcc58f0000 - 0x00007ffcc59df000 	C:\WINDOWS\System32\SHCORE.dll
0x00007ffcc6c60000 - 0x00007ffcc6cc9000 	C:\WINDOWS\System32\shlwapi.dll
0x00007ffcc4200000 - 0x00007ffcc422f000 	C:\WINDOWS\SYSTEM32\profapi.dll
0x00007ffca6120000 - 0x00007ffca6138000 	c:\Users\DELL\.vscode\extensions\redhat.java-1.41.1-win32-x64\jre\21.0.6-win32-x86_64\bin\zip.dll
0x00007ffcacb70000 - 0x00007ffcacb80000 	C:\Users\DELL\.vscode\extensions\redhat.java-1.41.1-win32-x64\jre\21.0.6-win32-x86_64\bin\net.dll
0x00007ffcbae30000 - 0x00007ffcbaf4e000 	C:\WINDOWS\SYSTEM32\WINHTTP.dll
0x00007ffcc3740000 - 0x00007ffcc37aa000 	C:\WINDOWS\system32\mswsock.dll
0x00007ffc877a0000 - 0x00007ffc877b6000 	C:\Users\DELL\.vscode\extensions\redhat.java-1.41.1-win32-x64\jre\21.0.6-win32-x86_64\bin\nio.dll
0x00007ffca6a70000 - 0x00007ffca6a80000 	c:\Users\DELL\.vscode\extensions\redhat.java-1.41.1-win32-x64\jre\21.0.6-win32-x86_64\bin\verify.dll

dbghelp: loaded successfully - version: 4.0.5 - missing functions: none
symbol engine: initialized successfully - sym options: 0x614 - pdb path: .;c:\Users\DELL\.vscode\extensions\redhat.java-1.41.1-win32-x64\jre\21.0.6-win32-x86_64\bin;C:\WINDOWS\SYSTEM32;C:\WINDOWS\WinSxS\amd64_microsoft.windows.common-controls_6595b64144ccf1df_6.0.26100.3912_none_3e07963ce335137e;c:\Users\DELL\.vscode\extensions\redhat.java-1.41.1-win32-x64\jre\21.0.6-win32-x86_64\bin\server

VM Arguments:
jvm_args: --add-modules=ALL-SYSTEM --add-opens=java.base/java.util=ALL-UNNAMED --add-opens=java.base/java.lang=ALL-UNNAMED --add-opens=java.base/sun.nio.fs=ALL-UNNAMED -Declipse.application=org.eclipse.jdt.ls.core.id1 -Dosgi.bundles.defaultStartLevel=4 -Declipse.product=org.eclipse.jdt.ls.core.product -Djava.import.generatesMetadataFilesAtProjectRoot=false -DDetectVMInstallationsJob.disabled=true -Dfile.encoding=utf8 -XX:+UseParallelGC -XX:GCTimeRatio=4 -XX:AdaptiveSizePolicyWeight=90 -Dsun.zip.disableMemoryMapping=true -Xmx1G -Xms100m -Xlog:disable -javaagent:c:\Users\DELL\.vscode\extensions\redhat.java-1.41.1-win32-x64\lombok\lombok-1.18.36.jar 
java_command: c:\Users\DELL\.vscode\extensions\redhat.java-1.41.1-win32-x64\server\plugins\org.eclipse.equinox.launcher_1.7.0.v20250331-1702.jar -configuration c:\Users\DELL\AppData\Roaming\Code\User\globalStorage\redhat.java\1.41.1\config_ss_win -data c:\Users\DELL\AppData\Roaming\Code\User\workspaceStorage\8ab44f44f73b8c286458d8950fa5d895\redhat.java\ss_ws --pipe=\\.\pipe\lsp-7f5f89e3dcb5396d0a34c04c4848c175-sock
java_class_path (initial): c:\Users\DELL\.vscode\extensions\redhat.java-1.41.1-win32-x64\server\plugins\org.eclipse.equinox.launcher_1.7.0.v20250331-1702.jar
Launcher Type: SUN_STANDARD

[Global flags]
    uintx AdaptiveSizePolicyWeight                 = 90                                        {product} {command line}
     intx CICompilerCount                          = 12                                        {product} {ergonomic}
    uintx GCTimeRatio                              = 4                                         {product} {command line}
   size_t InitialHeapSize                          = 104857600                                 {product} {command line}
   size_t MaxHeapSize                              = 1073741824                                {product} {command line}
   size_t MaxNewSize                               = 357564416                                 {product} {ergonomic}
   size_t MinHeapDeltaBytes                        = 524288                                    {product} {ergonomic}
   size_t MinHeapSize                              = 104857600                                 {product} {command line}
   size_t NewSize                                  = 34603008                                  {product} {ergonomic}
    uintx NonNMethodCodeHeapSize                   = 7602480                                {pd product} {ergonomic}
    uintx NonProfiledCodeHeapSize                  = 122027880                              {pd product} {ergonomic}
   size_t OldSize                                  = 70254592                                  {product} {ergonomic}
    uintx ProfiledCodeHeapSize                     = 122027880                              {pd product} {ergonomic}
    uintx ReservedCodeCacheSize                    = 251658240                              {pd product} {ergonomic}
     bool SegmentedCodeCache                       = true                                      {product} {ergonomic}
   size_t SoftMaxHeapSize                          = 1073741824                             {manageable} {ergonomic}
     bool UseCompressedOops                        = true                           {product lp64_product} {ergonomic}
     bool UseLargePagesIndividualAllocation        = false                                  {pd product} {ergonomic}
     bool UseParallelGC                            = true                                      {product} {command line}

Logging:
Log output configuration:
 #0: stdout all=off uptime,level,tags foldmultilines=false
 #1: stderr all=off uptime,level,tags foldmultilines=false

Environment Variables:
JAVA_HOME=C:\Program Files\Java\jdk-21
PATH=C:\Python313\Scripts\;C:\Python313\;c:\Users\DELL\AppData\Local\Programs\cursor\resources\app\bin;C:\Program Files\Python311\Scripts\;C:\Program Files\Python311\;C:\Program Files\Common Files\Oracle\Java\javapath;C:\Program Files\Python312\Scripts\;C:\Program Files\Python312\;C:\Program Files\Eclipse Adoptium\jdk-8.0.392.8-hotspot\bin;C:\Program Files\Eclipse Adoptium\jre-8.0.392.8-hotspot\bin;C:\Windows\system32;C:\Windows;C:\Windows\System32\Wbem;C:\Windows\System32\WindowsPowerShell\v1.0\;C:\Windows\System32\OpenSSH\;C:\Program Files\dotnet\;C:\Program Files (x86)\NVIDIA Corporation\PhysX\Common;C:\mingw64\bin;C:\MinGW\bin;C:\Program Files\MySQL\MySQL Server 8.0\bin;C:\ProgramData\chocolatey\bin;C:\Program Files (x86)\Windows Kits\10\Windows Performance Toolkit\;C:\Program Files\Git\cmd;C:\Program Files\Git\mingw64\bin;C:\Program Files\Git\usr\bin;C:\Program Files\MySQL\MySQL Shell 8.0\bin\;C:\Users\DELL\AppData\Local\Microsoft\WindowsApps;C:\Program Files\JetBrains\;C:\Program Files\NVIDIA Corporation\NVIDIA app\NvDLISR;C:\WINDOWS\system32;C:\WINDOWS;C:\WINDOWS\System32\Wbem;C:\WINDOWS\System32\WindowsPowerShell\v1.0\;C:\WINDOWS\System32\OpenSSH\;;C:\Program Files\Microsoft VS Code\bin;C:\Program Files\nodejs\;C:\Program Files\MySQL\MySQL Shell 8.0\bin\;C:\Users\DELL\AppData\Local\Microsoft\WindowsApps;C:\Program Files\JetBrains\PyCharm Community Edition 2023.2\bin;;C:\Users\DELL\AppData\Local\Programs\Microsoft VS Code\bin;C:\Users\DELL\AppData\Roaming\npm;C:\Users\DELL\AppData\Local\Programs\cursor\resources\app\bin
USERNAME=DELL
OS=Windows_NT
PROCESSOR_IDENTIFIER=Intel64 Family 6 Model 154 Stepping 3, GenuineIntel
TMP=C:\Users\DELL\AppData\Local\Temp
TEMP=C:\Users\DELL\AppData\Local\Temp




Periodic native trim disabled

---------------  S Y S T E M  ---------------

OS:
 Windows 11 , 64 bit Build 26100 (10.0.26100.3912)
OS uptime: 0 days 21:08 hours
Hyper-V role detected

CPU: total 16 (initial active 16) (8 cores per cpu, 2 threads per core) family 6 model 154 stepping 3 microcode 0x435, cx8, cmov, fxsr, ht, mmx, 3dnowpref, sse, sse2, sse3, ssse3, sse4.1, sse4.2, popcnt, lzcnt, tsc, tscinvbit, avx, avx2, aes, erms, clmul, bmi1, bmi2, adx, sha, fma, vzeroupper, clflush, clflushopt, clwb, hv, serialize, rdtscp, rdpid, fsrm, f16c, cet_ibt, cet_ss
Processor Information for processor 0
  Max Mhz: 2500, Current Mhz: 2500, Mhz Limit: 2500
Processor Information for processor 1
  Max Mhz: 2500, Current Mhz: 2500, Mhz Limit: 2500
Processor Information for processor 2
  Max Mhz: 2500, Current Mhz: 2500, Mhz Limit: 2500
Processor Information for processor 3
  Max Mhz: 2500, Current Mhz: 2500, Mhz Limit: 2500
Processor Information for processor 4
  Max Mhz: 2500, Current Mhz: 2500, Mhz Limit: 2500
Processor Information for processor 5
  Max Mhz: 2500, Current Mhz: 2500, Mhz Limit: 2500
Processor Information for processor 6
  Max Mhz: 2500, Current Mhz: 2500, Mhz Limit: 2500
Processor Information for processor 7
  Max Mhz: 2500, Current Mhz: 2500, Mhz Limit: 2500
Processor Information for processor 8
  Max Mhz: 2500, Current Mhz: 2500, Mhz Limit: 2500
Processor Information for processor 9
  Max Mhz: 2500, Current Mhz: 1527, Mhz Limit: 2500
Processor Information for processor 10
  Max Mhz: 2500, Current Mhz: 2500, Mhz Limit: 2500
Processor Information for processor 11
  Max Mhz: 2500, Current Mhz: 1527, Mhz Limit: 2500
Processor Information for processor 12
  Max Mhz: 2500, Current Mhz: 2500, Mhz Limit: 2500
Processor Information for processor 13
  Max Mhz: 2500, Current Mhz: 2500, Mhz Limit: 2500
Processor Information for processor 14
  Max Mhz: 2500, Current Mhz: 2500, Mhz Limit: 2500
Processor Information for processor 15
  Max Mhz: 2500, Current Mhz: 2500, Mhz Limit: 2500

Memory: 4k page, system-wide physical 7876M (424M free)
TotalPageFile size 17994M (AvailPageFile size 0M)
current process WorkingSet (physical memory assigned to process): 87M, peak: 87M
current process commit charge ("private bytes"): 221M, peak: 222M

vm_info: OpenJDK 64-Bit Server VM (21.0.6+7-LTS) for windows-amd64 JRE (21.0.6+7-LTS), built on 2025-01-21T00:00:00Z by "admin" with MS VC++ 17.7 (VS2022)

END.
