#
# There is insufficient memory for the Java Runtime Environment to continue.
# Native memory allocation (malloc) failed to allocate 325216 bytes. Error detail: Chunk::new
# Possible reasons:
#   The system is out of physical RAM or swap space
#   This process is running with CompressedOops enabled, and the Java Heap may be blocking the growth of the native heap
# Possible solutions:
#   Reduce memory load on the system
#   Increase physical memory or swap space
#   Check if swap backing store is full
#   Decrease Java heap size (-Xmx/-Xms)
#   Decrease number of Java threads
#   Decrease Java thread stack sizes (-Xss)
#   Set larger code cache with -XX:ReservedCodeCacheSize=
#   JVM is running with Unscaled Compressed Oops mode in which the Java heap is
#     placed in the first 4GB address space. The Java Heap base address is the
#     maximum limit for the native heap growth. Please use -XX:HeapBaseMinAddress
#     to set the Java Heap base and to place the Java Heap above 4GB virtual address.
# This output file may be truncated or incomplete.
#
#  Out of Memory Error (arena.cpp:168), pid=8088, tid=6904
#
# JRE version: OpenJDK Runtime Environment Temurin-21.0.6+7 (21.0.6+7) (build 21.0.6+7-LTS)
# Java VM: OpenJDK 64-Bit Server VM Temurin-21.0.6+7 (21.0.6+7-LTS, mixed mode, sharing, tiered, compressed oops, compressed class ptrs, parallel gc, windows-amd64)
# No core dump will be written. Minidumps are not enabled by default on client versions of Windows
#

---------------  S U M M A R Y ------------

Command Line: --add-modules=ALL-SYSTEM --add-opens=java.base/java.util=ALL-UNNAMED --add-opens=java.base/java.lang=ALL-UNNAMED --add-opens=java.base/sun.nio.fs=ALL-UNNAMED -Declipse.application=org.eclipse.jdt.ls.core.id1 -Dosgi.bundles.defaultStartLevel=4 -Declipse.product=org.eclipse.jdt.ls.core.product -Djava.import.generatesMetadataFilesAtProjectRoot=false -DDetectVMInstallationsJob.disabled=true -Dfile.encoding=utf8 -XX:+UseParallelGC -XX:GCTimeRatio=4 -XX:AdaptiveSizePolicyWeight=90 -Dsun.zip.disableMemoryMapping=true -Xmx1G -Xms100m -Xlog:disable -javaagent:c:\Users\DELL\.vscode\extensions\redhat.java-1.41.1-win32-x64\lombok\lombok-1.18.36.jar -XX:+HeapDumpOnOutOfMemoryError -XX:HeapDumpPath=c:\Users\DELL\AppData\Roaming\Code\User\workspaceStorage\8ab44f44f73b8c286458d8950fa5d895\redhat.java -Daether.dependencyCollector.impl=bf c:\Users\DELL\.vscode\extensions\redhat.java-1.41.1-win32-x64\server\plugins\org.eclipse.equinox.launcher_1.7.0.v20250331-1702.jar -configuration c:\Users\DELL\AppData\Roaming\Code\User\globalStorage\redhat.java\1.41.1\config_win -data c:\Users\DELL\AppData\Roaming\Code\User\workspaceStorage\8ab44f44f73b8c286458d8950fa5d895\redhat.java\jdt_ws --pipe=\\.\pipe\lsp-f91971b60253cc962464c4e84789f9e3-sock

Host: 12th Gen Intel(R) Core(TM) i5-12500H, 16 cores, 7G,  Windows 11 , 64 bit Build 26100 (10.0.26100.3912)
Time: Sun May 11 14:40:32 2025 India Standard Time elapsed time: 0.836296 seconds (0d 0h 0m 0s)

---------------  T H R E A D  ---------------

Current thread (0x000001cfe65c3520):  JavaThread "C2 CompilerThread0" daemon [_thread_in_native, id=6904, stack(0x0000004bd3700000,0x0000004bd3800000) (1024K)]


Current CompileTask:
C2:836 1358       4       java.io.DataInputStream::readUTF (501 bytes)

Stack: [0x0000004bd3700000,0x0000004bd3800000]
Native frames: (J=compiled Java code, j=interpreted, Vv=VM code, C=native code)
V  [jvm.dll+0x6cdee9]
V  [jvm.dll+0x8a83d1]
V  [jvm.dll+0x8aa8fe]
V  [jvm.dll+0x8aafe3]
V  [jvm.dll+0x27f706]
V  [jvm.dll+0xc500d]
V  [jvm.dll+0xc5543]
V  [jvm.dll+0x2f2acd]
V  [jvm.dll+0x5f6a2a]
V  [jvm.dll+0x250bb2]
V  [jvm.dll+0x250f6f]
V  [jvm.dll+0x249834]
V  [jvm.dll+0x246ec4]
V  [jvm.dll+0x1c75ee]
V  [jvm.dll+0x25685a]
V  [jvm.dll+0x254dfa]
V  [jvm.dll+0x3f0256]
V  [jvm.dll+0x851f8b]
V  [jvm.dll+0x6cc5ed]
C  [ucrtbase.dll+0x37b0]
C  [KERNEL32.DLL+0x2e8d7]
C  [ntdll.dll+0x9c5dc]


---------------  P R O C E S S  ---------------

Threads class SMR info:
_java_thread_list=0x000001cfec234560, length=14, elements={
0x000001cf8d6fa590, 0x000001cfa3e5e130, 0x000001cfe65b8580, 0x000001cfe65bc4e0,
0x000001cfe65bd130, 0x000001cfe65bfc90, 0x000001cfe65c06e0, 0x000001cfe65c3520,
0x000001cfe66040c0, 0x000001cfe66dee30, 0x000001cfe66e2ca0, 0x000001cfe68630c0,
0x000001cfe6861d90, 0x000001cfec5fb350
}

Java Threads: ( => current thread )
  0x000001cf8d6fa590 JavaThread "main"                              [_thread_in_Java, id=23888, stack(0x0000004bd2d00000,0x0000004bd2e00000) (1024K)]
  0x000001cfa3e5e130 JavaThread "Reference Handler"          daemon [_thread_blocked, id=18972, stack(0x0000004bd3100000,0x0000004bd3200000) (1024K)]
  0x000001cfe65b8580 JavaThread "Finalizer"                  daemon [_thread_blocked, id=12788, stack(0x0000004bd3200000,0x0000004bd3300000) (1024K)]
  0x000001cfe65bc4e0 JavaThread "Signal Dispatcher"          daemon [_thread_blocked, id=4004, stack(0x0000004bd3300000,0x0000004bd3400000) (1024K)]
  0x000001cfe65bd130 JavaThread "Attach Listener"            daemon [_thread_blocked, id=23976, stack(0x0000004bd3400000,0x0000004bd3500000) (1024K)]
  0x000001cfe65bfc90 JavaThread "Service Thread"             daemon [_thread_blocked, id=5248, stack(0x0000004bd3500000,0x0000004bd3600000) (1024K)]
  0x000001cfe65c06e0 JavaThread "Monitor Deflation Thread"   daemon [_thread_blocked, id=8104, stack(0x0000004bd3600000,0x0000004bd3700000) (1024K)]
=>0x000001cfe65c3520 JavaThread "C2 CompilerThread0"         daemon [_thread_in_native, id=6904, stack(0x0000004bd3700000,0x0000004bd3800000) (1024K)]
  0x000001cfe66040c0 JavaThread "C1 CompilerThread0"         daemon [_thread_blocked, id=17184, stack(0x0000004bd3800000,0x0000004bd3900000) (1024K)]
  0x000001cfe66dee30 JavaThread "Common-Cleaner"             daemon [_thread_blocked, id=13564, stack(0x0000004bd3900000,0x0000004bd3a00000) (1024K)]
  0x000001cfe66e2ca0 JavaThread "C1 CompilerThread1"         daemon [_thread_blocked, id=14332, stack(0x0000004bd3a00000,0x0000004bd3b00000) (1024K)]
  0x000001cfe68630c0 JavaThread "C1 CompilerThread2"         daemon [_thread_blocked, id=27884, stack(0x0000004bd3b00000,0x0000004bd3c00000) (1024K)]
  0x000001cfe6861d90 JavaThread "Notification Thread"        daemon [_thread_blocked, id=6216, stack(0x0000004bd3c00000,0x0000004bd3d00000) (1024K)]
  0x000001cfec5fb350 JavaThread "C2 CompilerThread1"         daemon [_thread_in_native, id=716, stack(0x0000004bd4300000,0x0000004bd4400000) (1024K)]
Total: 14

Other Threads:
  0x000001cf8fb2ec30 VMThread "VM Thread"                           [id=1480, stack(0x0000004bd3000000,0x0000004bd3100000) (1024K)]
  0x000001cfa3d3cb20 WatcherThread "VM Periodic Task Thread"        [id=24564, stack(0x0000004bd2f00000,0x0000004bd3000000) (1024K)]
  0x000001cf8fa8b8d0 WorkerThread "GC Thread#0"                     [id=27176, stack(0x0000004bd2e00000,0x0000004bd2f00000) (1024K)]
  0x000001cfec1d1ae0 WorkerThread "GC Thread#1"                     [id=5060, stack(0x0000004bd3d00000,0x0000004bd3e00000) (1024K)]
  0x000001cfec0c7e70 WorkerThread "GC Thread#2"                     [id=26204, stack(0x0000004bd3e00000,0x0000004bd3f00000) (1024K)]
  0x000001cfec41da30 WorkerThread "GC Thread#3"                     [id=11072, stack(0x0000004bd3f00000,0x0000004bd4000000) (1024K)]
  0x000001cfec19f7d0 WorkerThread "GC Thread#4"                     [id=25528, stack(0x0000004bd4000000,0x0000004bd4100000) (1024K)]
  0x000001cfec19fb70 WorkerThread "GC Thread#5"                     [id=28608, stack(0x0000004bd4100000,0x0000004bd4200000) (1024K)]
  0x000001cfec241af0 WorkerThread "GC Thread#6"                     [id=3228, stack(0x0000004bd4200000,0x0000004bd4300000) (1024K)]
Total: 9

Threads with active compile tasks:
C2 CompilerThread0  860 1358       4       java.io.DataInputStream::readUTF (501 bytes)
C2 CompilerThread1  860 1418       4       lombok.launch.PackageShader::apply (252 bytes)
Total: 2

VM state: not at safepoint (normal execution)

VM Mutex/Monitor currently owned by a thread: None

Heap address: 0x00000000c0000000, size: 1024 MB, Compressed Oops mode: 32-bit

CDS archive(s) mapped at: [0x000001cfa4000000-0x000001cfa4ba0000-0x000001cfa4ba0000), size 12189696, SharedBaseAddress: 0x000001cfa4000000, ArchiveRelocationMode: 1.
Compressed class space mapped at: 0x000001cfa5000000-0x000001cfe5000000, reserved size: 1073741824
Narrow klass base: 0x000001cfa4000000, Narrow klass shift: 0, Narrow klass range: 0x100000000

GC Precious Log:
 CardTable entry size: 512
 CPUs: 16 total, 16 available
 Memory: 7876M
 Large Page Support: Disabled
 NUMA Support: Disabled
 Compressed Oops: Enabled (32-bit)
 Alignments: Space 512K, Generation 512K, Heap 2M
 Heap Min Capacity: 100M
 Heap Initial Capacity: 100M
 Heap Max Capacity: 1G
 Pre-touch: Disabled
 Parallel Workers: 13

Heap:
 PSYoungGen      total 29696K, used 15184K [0x00000000eab00000, 0x00000000ecc00000, 0x0000000100000000)
  eden space 25600K, 46% used [0x00000000eab00000,0x00000000eb6ba8c0,0x00000000ec400000)
  from space 4096K, 77% used [0x00000000ec400000,0x00000000ec7197f0,0x00000000ec800000)
  to   space 4096K, 0% used [0x00000000ec800000,0x00000000ec800000,0x00000000ecc00000)
 ParOldGen       total 68608K, used 16K [0x00000000c0000000, 0x00000000c4300000, 0x00000000eab00000)
  object space 68608K, 0% used [0x00000000c0000000,0x00000000c0004000,0x00000000c4300000)
 Metaspace       used 6119K, committed 6400K, reserved 1114112K
  class space    used 584K, committed 704K, reserved 1048576K

Card table byte_map: [0x000001cf8f410000,0x000001cf8f620000] _byte_map_base: 0x000001cf8ee10000

Marking Bits: (ParMarkBitMap*) 0x00007ffc2b243260
 Begin Bits: [0x000001cfa1c60000, 0x000001cfa2c60000)
 End Bits:   [0x000001cfa2c60000, 0x000001cfa3c60000)

Polling page: 0x000001cf8d8d0000

Metaspace:

Usage:
  Non-class:      5.41 MB used.
      Class:    584.15 KB used.
       Both:      5.98 MB used.

Virtual space:
  Non-class space:       64.00 MB reserved,       5.56 MB (  9%) committed,  1 nodes.
      Class space:        1.00 GB reserved,     704.00 KB ( <1%) committed,  1 nodes.
             Both:        1.06 GB reserved,       6.25 MB ( <1%) committed. 

Chunk freelists:
   Non-Class:  9.95 MB
       Class:  15.34 MB
        Both:  25.30 MB

MaxMetaspaceSize: unlimited
CompressedClassSpaceSize: 1.00 GB
Initial GC threshold: 21.00 MB
Current GC threshold: 21.00 MB
CDS: on
 - commit_granule_bytes: 65536.
 - commit_granule_words: 8192.
 - virtual_space_node_default_size: 8388608.
 - enlarge_chunks_in_place: 1.
 - use_allocation_guard: 0.


Internal statistics:

num_allocs_failed_limit: 0.
num_arena_births: 198.
num_arena_deaths: 0.
num_vsnodes_births: 2.
num_vsnodes_deaths: 0.
num_space_committed: 100.
num_space_uncommitted: 0.
num_chunks_returned_to_freelist: 0.
num_chunks_taken_from_freelist: 318.
num_chunk_merges: 0.
num_chunk_splits: 213.
num_chunks_enlarged: 135.
num_inconsistent_stats: 0.

CodeHeap 'non-profiled nmethods': size=119168Kb used=483Kb max_used=483Kb free=118684Kb
 bounds [0x000001cf9a800000, 0x000001cf9aa70000, 0x000001cfa1c60000]
CodeHeap 'profiled nmethods': size=119104Kb used=2528Kb max_used=2528Kb free=116576Kb
 bounds [0x000001cf92c60000, 0x000001cf92ee0000, 0x000001cf9a0b0000]
CodeHeap 'non-nmethods': size=7488Kb used=2332Kb max_used=2353Kb free=5155Kb
 bounds [0x000001cf9a0b0000, 0x000001cf9a320000, 0x000001cf9a800000]
 total_blobs=1886 nmethods=1414 adapters=377
 compilation: enabled
              stopped_count=0, restarted_count=0
 full_count=0

Compilation events (20 events):
Event: 0.826 Thread 0x000001cfe66e2ca0 1396       3       org.eclipse.osgi.container.ModuleRevisionBuilder::basicAddGenericInfo (23 bytes)
Event: 0.827 Thread 0x000001cfe66e2ca0 nmethod 1396 0x000001cf92ec0e10 code [0x000001cf92ec0fe0, 0x000001cf92ec1328]
Event: 0.827 Thread 0x000001cfe66e2ca0 1398       3       org.eclipse.osgi.container.ModuleRevisionBuilder$GenericInfo::<init> (26 bytes)
Event: 0.827 Thread 0x000001cfe68630c0 nmethod 1393 0x000001cf92ec1510 code [0x000001cf92ec1700, 0x000001cf92ec1ef0]
Event: 0.827 Thread 0x000001cfe68630c0 1395       3       org.eclipse.osgi.container.ModuleRevisionBuilder::basicAddCapability (11 bytes)
Event: 0.827 Thread 0x000001cfe68630c0 nmethod 1395 0x000001cf92ec2090 code [0x000001cf92ec2240, 0x000001cf92ec2378]
Event: 0.827 Thread 0x000001cfe66e2ca0 nmethod 1398 0x000001cf92ec2410 code [0x000001cf92ec25c0, 0x000001cf92ec2770]
Event: 0.827 Thread 0x000001cfe68630c0 1397       3       java.util.Collections$UnmodifiableMap::size (10 bytes)
Event: 0.827 Thread 0x000001cfe68630c0 nmethod 1397 0x000001cf92ec2810 code [0x000001cf92ec29c0, 0x000001cf92ec2b98]
Event: 0.827 Thread 0x000001cfe68630c0 1399       3       sun.net.www.protocol.jar.Handler::parseURL (173 bytes)
Event: 0.827 Thread 0x000001cfe66e2ca0 1400       3       sun.net.www.protocol.jar.Handler::indexOfBangSlash (52 bytes)
Event: 0.827 Thread 0x000001cfe66040c0 nmethod 1394 0x000001cf92ec2c90 code [0x000001cf92ec3000, 0x000001cf92ec4450]
Event: 0.827 Thread 0x000001cfe66040c0 1401       3       java.net.URLStreamHandler::setURL (159 bytes)
Event: 0.828 Thread 0x000001cfe66e2ca0 nmethod 1400 0x000001cf92ec4c10 code [0x000001cf92ec4e80, 0x000001cf92ec5928]
Event: 0.828 Thread 0x000001cfe68630c0 nmethod 1399 0x000001cf92ec5d90 code [0x000001cf92ec6040, 0x000001cf92ec6a00]
Event: 0.828 Thread 0x000001cfe66040c0 nmethod 1401 0x000001cf92ec6e90 code [0x000001cf92ec7220, 0x000001cf92ec8688]
Event: 0.830 Thread 0x000001cfe66040c0 1402       3       java.util.Base64$Decoder::decodeBlock (186 bytes)
Event: 0.830 Thread 0x000001cfe66040c0 nmethod 1402 0x000001cf92ec8f90 code [0x000001cf92ec9160, 0x000001cf92ec95d0]
Event: 0.833 Thread 0x000001cfec5fb350 nmethod 1366 0x000001cf9a872010 code [0x000001cf9a8722e0, 0x000001cf9a873c38]
Event: 0.833 Thread 0x000001cfec5fb350 1385       4       java.util.HashMap::put (13 bytes)

GC Heap History (2 events):
Event: 0.649 GC heap before
{Heap before GC invocations=1 (full 0):
 PSYoungGen      total 29696K, used 25600K [0x00000000eab00000, 0x00000000ecc00000, 0x0000000100000000)
  eden space 25600K, 100% used [0x00000000eab00000,0x00000000ec400000,0x00000000ec400000)
  from space 4096K, 0% used [0x00000000ec800000,0x00000000ec800000,0x00000000ecc00000)
  to   space 4096K, 0% used [0x00000000ec400000,0x00000000ec400000,0x00000000ec800000)
 ParOldGen       total 68608K, used 0K [0x00000000c0000000, 0x00000000c4300000, 0x00000000eab00000)
  object space 68608K, 0% used [0x00000000c0000000,0x00000000c0000000,0x00000000c4300000)
 Metaspace       used 4065K, committed 4288K, reserved 1114112K
  class space    used 406K, committed 512K, reserved 1048576K
}
Event: 0.656 GC heap after
{Heap after GC invocations=1 (full 0):
 PSYoungGen      total 29696K, used 3173K [0x00000000eab00000, 0x00000000ecc00000, 0x0000000100000000)
  eden space 25600K, 0% used [0x00000000eab00000,0x00000000eab00000,0x00000000ec400000)
  from space 4096K, 77% used [0x00000000ec400000,0x00000000ec7197f0,0x00000000ec800000)
  to   space 4096K, 0% used [0x00000000ec800000,0x00000000ec800000,0x00000000ecc00000)
 ParOldGen       total 68608K, used 16K [0x00000000c0000000, 0x00000000c4300000, 0x00000000eab00000)
  object space 68608K, 0% used [0x00000000c0000000,0x00000000c0004000,0x00000000c4300000)
 Metaspace       used 4065K, committed 4288K, reserved 1114112K
  class space    used 406K, committed 512K, reserved 1048576K
}

Dll operation events (8 events):
Event: 0.011 Loaded shared library c:\Users\DELL\.vscode\extensions\redhat.java-1.41.1-win32-x64\jre\21.0.6-win32-x86_64\bin\java.dll
Event: 0.091 Loaded shared library c:\Users\DELL\.vscode\extensions\redhat.java-1.41.1-win32-x64\jre\21.0.6-win32-x86_64\bin\zip.dll
Event: 0.124 Loaded shared library C:\Users\DELL\.vscode\extensions\redhat.java-1.41.1-win32-x64\jre\21.0.6-win32-x86_64\bin\instrument.dll
Event: 0.129 Loaded shared library C:\Users\DELL\.vscode\extensions\redhat.java-1.41.1-win32-x64\jre\21.0.6-win32-x86_64\bin\net.dll
Event: 0.133 Loaded shared library C:\Users\DELL\.vscode\extensions\redhat.java-1.41.1-win32-x64\jre\21.0.6-win32-x86_64\bin\nio.dll
Event: 0.138 Loaded shared library C:\Users\DELL\.vscode\extensions\redhat.java-1.41.1-win32-x64\jre\21.0.6-win32-x86_64\bin\zip.dll
Event: 0.158 Loaded shared library C:\Users\DELL\.vscode\extensions\redhat.java-1.41.1-win32-x64\jre\21.0.6-win32-x86_64\bin\jimage.dll
Event: 0.257 Loaded shared library c:\Users\DELL\.vscode\extensions\redhat.java-1.41.1-win32-x64\jre\21.0.6-win32-x86_64\bin\verify.dll

Deoptimization events (20 events):
Event: 0.694 Thread 0x000001cf8d6fa590 Uncommon trap: trap_request=0xffffffde fr.pc=0x000001cf9a851ef0 relative=0x0000000000000550
Event: 0.694 Thread 0x000001cf8d6fa590 Uncommon trap: reason=class_check action=maybe_recompile pc=0x000001cf9a851ef0 method=java.util.Collections$UnmodifiableCollection$1.<init>(Ljava/util/Collections$UnmodifiableCollection;)V @ 17 c2
Event: 0.694 Thread 0x000001cf8d6fa590 DEOPT PACKING pc=0x000001cf9a851ef0 sp=0x0000004bd2dfea20
Event: 0.694 Thread 0x000001cf8d6fa590 DEOPT UNPACKING pc=0x000001cf9a103aa2 sp=0x0000004bd2dfe968 mode 2
Event: 0.724 Thread 0x000001cf8d6fa590 Uncommon trap: trap_request=0xffffffde fr.pc=0x000001cf9a8100f8 relative=0x00000000000008b8
Event: 0.724 Thread 0x000001cf8d6fa590 Uncommon trap: reason=class_check action=maybe_recompile pc=0x000001cf9a8100f8 method=java.util.HashMap.putVal(ILjava/lang/Object;Ljava/lang/Object;ZZ)Ljava/lang/Object; @ 253 c2
Event: 0.724 Thread 0x000001cf8d6fa590 DEOPT PACKING pc=0x000001cf9a8100f8 sp=0x0000004bd2dfd070
Event: 0.724 Thread 0x000001cf8d6fa590 DEOPT UNPACKING pc=0x000001cf9a103aa2 sp=0x0000004bd2dfd030 mode 2
Event: 0.768 Thread 0x000001cf8d6fa590 Uncommon trap: trap_request=0xffffff45 fr.pc=0x000001cf9a847778 relative=0x0000000000000198
Event: 0.768 Thread 0x000001cf8d6fa590 Uncommon trap: reason=unstable_if action=reinterpret pc=0x000001cf9a847778 method=java.lang.invoke.VarHandle.checkAccessModeThenIsDirect(Ljava/lang/invoke/VarHandle$AccessDescriptor;)Z @ 4 c2
Event: 0.768 Thread 0x000001cf8d6fa590 DEOPT PACKING pc=0x000001cf9a847778 sp=0x0000004bd2dfe9c0
Event: 0.768 Thread 0x000001cf8d6fa590 DEOPT UNPACKING pc=0x000001cf9a103aa2 sp=0x0000004bd2dfe8f8 mode 2
Event: 0.831 Thread 0x000001cf8d6fa590 Uncommon trap: trap_request=0xffffff45 fr.pc=0x000001cf9a842960 relative=0x0000000000000f20
Event: 0.831 Thread 0x000001cf8d6fa590 Uncommon trap: reason=unstable_if action=reinterpret pc=0x000001cf9a842960 method=lombok.patcher.PatchScript.classMatches(Ljava/lang/String;Ljava/util/Collection;)Z @ 25 c2
Event: 0.831 Thread 0x000001cf8d6fa590 DEOPT PACKING pc=0x000001cf9a842960 sp=0x0000004bd2df8bb0
Event: 0.831 Thread 0x000001cf8d6fa590 DEOPT UNPACKING pc=0x000001cf9a103aa2 sp=0x0000004bd2df8b70 mode 2
Event: 0.831 Thread 0x000001cf8d6fa590 Uncommon trap: trap_request=0xffffff45 fr.pc=0x000001cf9a84f928 relative=0x0000000000000088
Event: 0.831 Thread 0x000001cf8d6fa590 Uncommon trap: reason=unstable_if action=reinterpret pc=0x000001cf9a84f928 method=lombok.patcher.scripts.MethodLevelPatchScript.patch(Ljava/lang/String;[BLlombok/patcher/TransplantMapper;)[B @ 8 c2
Event: 0.831 Thread 0x000001cf8d6fa590 DEOPT PACKING pc=0x000001cf9a84f928 sp=0x0000004bd2df8c20
Event: 0.831 Thread 0x000001cf8d6fa590 DEOPT UNPACKING pc=0x000001cf9a103aa2 sp=0x0000004bd2df8bb0 mode 2

Classes loaded (20 events):
Event: 0.798 Loading class java/util/AbstractQueue done
Event: 0.798 Loading class java/util/concurrent/SynchronousQueue done
Event: 0.798 Loading class java/util/concurrent/SynchronousQueue$Transferer
Event: 0.798 Loading class java/util/concurrent/LinkedTransferQueue
Event: 0.798 Loading class java/util/concurrent/TransferQueue
Event: 0.798 Loading class java/util/concurrent/TransferQueue done
Event: 0.798 Loading class java/util/concurrent/LinkedTransferQueue done
Event: 0.798 Loading class java/util/concurrent/SynchronousQueue$Transferer done
Event: 0.799 Loading class java/util/concurrent/LinkedTransferQueue$DualNode
Event: 0.799 Loading class java/util/concurrent/LinkedTransferQueue$DualNode done
Event: 0.800 Loading class java/util/concurrent/RejectedExecutionHandler
Event: 0.800 Loading class java/util/concurrent/RejectedExecutionHandler done
Event: 0.800 Loading class java/util/concurrent/LinkedBlockingQueue
Event: 0.800 Loading class java/util/concurrent/LinkedBlockingQueue done
Event: 0.800 Loading class java/util/concurrent/LinkedBlockingQueue$Node
Event: 0.800 Loading class java/util/concurrent/LinkedBlockingQueue$Node done
Event: 0.808 Loading class java/util/concurrent/Semaphore$NonfairSync
Event: 0.808 Loading class java/util/concurrent/Semaphore$Sync
Event: 0.808 Loading class java/util/concurrent/Semaphore$Sync done
Event: 0.808 Loading class java/util/concurrent/Semaphore$NonfairSync done

Classes unloaded (0 events):
No events

Classes redefined (0 events):
No events

Internal exceptions (20 events):
Event: 0.606 Thread 0x000001cf8d6fa590 Exception <a 'java/lang/NoSuchMethodError'{0x00000000ebfbf518}: 'java.lang.ClassLoader java.lang.ClassLoader.getPlatformClassLoader(java.lang.Class)'> (0x00000000ebfbf518) 
thrown [s\src\hotspot\share\interpreter\linkResolver.cpp, line 773]
Event: 0.643 Thread 0x000001cf8d6fa590 Exception <a 'java/lang/ClassNotFoundException'{0x00000000ec3c42f0}: sun/net/www/protocol/c/Handler> (0x00000000ec3c42f0) 
thrown [s\src\hotspot\share\classfile\systemDictionary.cpp, line 312]
Event: 0.643 Thread 0x000001cf8d6fa590 Exception <a 'java/lang/ClassNotFoundException'{0x00000000ec3c5690}: sun/net/www/protocol/d/Handler> (0x00000000ec3c5690) 
thrown [s\src\hotspot\share\classfile\systemDictionary.cpp, line 312]
Event: 0.643 Thread 0x000001cf8d6fa590 Exception <a 'java/lang/ClassNotFoundException'{0x00000000ec3c6878}: sun/net/www/protocol/c/Handler> (0x00000000ec3c6878) 
thrown [s\src\hotspot\share\classfile\systemDictionary.cpp, line 312]
Event: 0.648 Thread 0x000001cf8d6fa590 Exception <a 'java/io/FileNotFoundException'{0x00000000ec3f0618}> (0x00000000ec3f0618) 
thrown [s\src\hotspot\share\prims\jni.cpp, line 520]
Event: 0.693 Thread 0x000001cf8d6fa590 Implicit null exception at 0x000001cf9a852c29 to 0x000001cf9a85349c
Event: 0.693 Thread 0x000001cf8d6fa590 Implicit null exception at 0x000001cf9a85419a to 0x000001cf9a8543a4
Event: 0.694 Thread 0x000001cf8d6fa590 Exception <a 'java/lang/NoSuchMethodError'{0x00000000eac60c88}: 'void java.lang.invoke.DirectMethodHandle$Holder.invokeStatic(java.lang.Object, java.lang.Object, java.lang.Object, java.lang.Object)'> (0x00000000eac60c88) 
thrown [s\src\hotspot\share\interpreter\linkResolver.cpp, line 773]
Event: 0.694 Thread 0x000001cf8d6fa590 Implicit null exception at 0x000001cf9a84e4bd to 0x000001cf9a84e541
Event: 0.727 Thread 0x000001cf8d6fa590 Exception <a 'java/lang/NoSuchMethodError'{0x00000000eaedd850}: 'long java.lang.invoke.DirectMethodHandle$Holder.invokeStatic(java.lang.Object, java.lang.Object, int)'> (0x00000000eaedd850) 
thrown [s\src\hotspot\share\interpreter\linkResolver.cpp, line 773]
Event: 0.727 Thread 0x000001cf8d6fa590 Exception <a 'java/lang/NoSuchMethodError'{0x00000000eaee5358}: 'java.lang.Object java.lang.invoke.DirectMethodHandle$Holder.invokeSpecial(java.lang.Object, java.lang.Object, java.lang.Object, java.lang.Object, long)'> (0x00000000eaee5358) 
thrown [s\src\hotspot\share\interpreter\linkResolver.cpp, line 773]
Event: 0.728 Thread 0x000001cf8d6fa590 Exception <a 'java/lang/NoSuchMethodError'{0x00000000eaef3220}: 'java.lang.Object java.lang.invoke.DirectMethodHandle$Holder.invokeSpecial(java.lang.Object, java.lang.Object, java.lang.Object, int, java.lang.Object)'> (0x00000000eaef3220) 
thrown [s\src\hotspot\share\interpreter\linkResolver.cpp, line 773]
Event: 0.729 Thread 0x000001cf8d6fa590 Exception <a 'java/lang/NoSuchMethodError'{0x00000000eaf0a590}: 'java.lang.Object java.lang.invoke.Invokers$Holder.invokeExact_MT(java.lang.Object, java.lang.Object, java.lang.Object, java.lang.Object, java.lang.Object, java.lang.Object)'> (0x00000000eaf0a590) 
thrown [s\src\hotspot\share\interpreter\linkResolver.cpp, line 773]
Event: 0.732 Thread 0x000001cf8d6fa590 Exception <a 'java/lang/NoSuchMethodError'{0x00000000eaf23e40}: 'int java.lang.invoke.DirectMethodHandle$Holder.invokeStaticInit(java.lang.Object, java.lang.Object, java.lang.Object, java.lang.Object)'> (0x00000000eaf23e40) 
thrown [s\src\hotspot\share\interpreter\linkResolver.cpp, line 773]
Event: 0.733 Thread 0x000001cf8d6fa590 Exception <a 'java/lang/NoSuchMethodError'{0x00000000eaf2c5f8}: 'java.lang.Object java.lang.invoke.DirectMethodHandle$Holder.invokeInterface(java.lang.Object, java.lang.Object)'> (0x00000000eaf2c5f8) 
thrown [s\src\hotspot\share\interpreter\linkResolver.cpp, line 773]
Event: 0.733 Thread 0x000001cf8d6fa590 Exception <a 'java/lang/IncompatibleClassChangeError'{0x00000000eaf2fb30}: Found class java.lang.Object, but interface was expected> (0x00000000eaf2fb30) 
thrown [s\src\hotspot\share\interpreter\linkResolver.cpp, line 840]
Event: 0.733 Thread 0x000001cf8d6fa590 Exception <a 'java/lang/NoSuchMethodError'{0x00000000eaf33ce8}: 'void java.lang.invoke.DirectMethodHandle$Holder.invokeStatic(java.lang.Object, java.lang.Object)'> (0x00000000eaf33ce8) 
thrown [s\src\hotspot\share\interpreter\linkResolver.cpp, line 773]
Event: 0.734 Thread 0x000001cf8d6fa590 Exception <a 'java/lang/NoSuchMethodError'{0x00000000eaf37090}: 'void java.lang.invoke.DirectMethodHandle$Holder.invokeStaticInit(java.lang.Object, java.lang.Object)'> (0x00000000eaf37090) 
thrown [s\src\hotspot\share\interpreter\linkResolver.cpp, line 773]
Event: 0.734 Thread 0x000001cf8d6fa590 Exception <a 'java/lang/NoSuchMethodError'{0x00000000eaf3e0f0}: 'int java.lang.invoke.DirectMethodHandle$Holder.invokeStaticInit(java.lang.Object, java.lang.Object)'> (0x00000000eaf3e0f0) 
thrown [s\src\hotspot\share\interpreter\linkResolver.cpp, line 773]
Event: 0.780 Thread 0x000001cf8d6fa590 Exception <a 'java/lang/NoSuchMethodError'{0x00000000eb09e2a8}: 'void java.lang.invoke.DirectMethodHandle$Holder.invokeSpecial(java.lang.Object, java.lang.Object, java.lang.Object)'> (0x00000000eb09e2a8) 
thrown [s\src\hotspot\share\interpreter\linkResolver.cpp, line 773]

ZGC Phase Switch (0 events):
No events

VM Operations (8 events):
Event: 0.090 Executing VM operation: HandshakeAllThreads (Deoptimize)
Event: 0.090 Executing VM operation: HandshakeAllThreads (Deoptimize) done
Event: 0.174 Executing VM operation: HandshakeAllThreads (Deoptimize)
Event: 0.174 Executing VM operation: HandshakeAllThreads (Deoptimize) done
Event: 0.515 Executing VM operation: HandshakeAllThreads (Deoptimize)
Event: 0.515 Executing VM operation: HandshakeAllThreads (Deoptimize) done
Event: 0.649 Executing VM operation: ParallelGCFailedAllocation (Allocation Failure)
Event: 0.656 Executing VM operation: ParallelGCFailedAllocation (Allocation Failure) done

Memory protections (0 events):
No events

Nmethod flushes (0 events):
No events

Events (14 events):
Event: 0.029 Thread 0x000001cf8d6fa590 Thread added: 0x000001cf8d6fa590
Event: 0.050 Thread 0x000001cf8d6fa590 Thread added: 0x000001cfa3e5e130
Event: 0.051 Thread 0x000001cf8d6fa590 Thread added: 0x000001cfe65b8580
Event: 0.051 Thread 0x000001cf8d6fa590 Thread added: 0x000001cfe65bc4e0
Event: 0.051 Thread 0x000001cf8d6fa590 Thread added: 0x000001cfe65bd130
Event: 0.051 Thread 0x000001cf8d6fa590 Thread added: 0x000001cfe65bfc90
Event: 0.051 Thread 0x000001cf8d6fa590 Thread added: 0x000001cfe65c06e0
Event: 0.051 Thread 0x000001cf8d6fa590 Thread added: 0x000001cfe65c3520
Event: 0.052 Thread 0x000001cf8d6fa590 Thread added: 0x000001cfe66040c0
Event: 0.078 Thread 0x000001cf8d6fa590 Thread added: 0x000001cfe66dee30
Event: 0.089 Thread 0x000001cfe66040c0 Thread added: 0x000001cfe66e2ca0
Event: 0.170 Thread 0x000001cfe66e2ca0 Thread added: 0x000001cfe68630c0
Event: 0.386 Thread 0x000001cf8d6fa590 Thread added: 0x000001cfe6861d90
Event: 0.816 Thread 0x000001cfe65c3520 Thread added: 0x000001cfec5fb350


Dynamic libraries:
0x00007ff7afd50000 - 0x00007ff7afd5e000 	c:\Users\DELL\.vscode\extensions\redhat.java-1.41.1-win32-x64\jre\21.0.6-win32-x86_64\bin\java.exe
0x00007ffcc7160000 - 0x00007ffcc73c6000 	C:\WINDOWS\SYSTEM32\ntdll.dll
0x00007ffcc5020000 - 0x00007ffcc50e9000 	C:\WINDOWS\System32\KERNEL32.DLL
0x00007ffcc4510000 - 0x00007ffcc48dc000 	C:\WINDOWS\System32\KERNELBASE.dll
0x00007ffcc48e0000 - 0x00007ffcc4a2b000 	C:\WINDOWS\System32\ucrtbase.dll
0x00007ffcb65c0000 - 0x00007ffcb65de000 	c:\Users\DELL\.vscode\extensions\redhat.java-1.41.1-win32-x64\jre\21.0.6-win32-x86_64\bin\VCRUNTIME140.dll
0x00007ffcb65e0000 - 0x00007ffcb65f8000 	c:\Users\DELL\.vscode\extensions\redhat.java-1.41.1-win32-x64\jre\21.0.6-win32-x86_64\bin\jli.dll
0x00007ffcc5720000 - 0x00007ffcc58ea000 	C:\WINDOWS\System32\USER32.dll
0x00007ffca5500000 - 0x00007ffca579a000 	C:\WINDOWS\WinSxS\amd64_microsoft.windows.common-controls_6595b64144ccf1df_6.0.26100.3912_none_3e07963ce335137e\COMCTL32.dll
0x00007ffcc4b70000 - 0x00007ffcc4b97000 	C:\WINDOWS\System32\win32u.dll
0x00007ffcc51a0000 - 0x00007ffcc5249000 	C:\WINDOWS\System32\msvcrt.dll
0x00007ffcc56e0000 - 0x00007ffcc570b000 	C:\WINDOWS\System32\GDI32.dll
0x00007ffcc4a30000 - 0x00007ffcc4b62000 	C:\WINDOWS\System32\gdi32full.dll
0x00007ffcc4ba0000 - 0x00007ffcc4c43000 	C:\WINDOWS\System32\msvcp_win.dll
0x00007ffcc6f00000 - 0x00007ffcc6f30000 	C:\WINDOWS\System32\IMM32.DLL
0x00007ffcb65b0000 - 0x00007ffcb65bc000 	c:\Users\DELL\.vscode\extensions\redhat.java-1.41.1-win32-x64\jre\21.0.6-win32-x86_64\bin\vcruntime140_1.dll
0x00007ffc4ae50000 - 0x00007ffc4aedd000 	c:\Users\DELL\.vscode\extensions\redhat.java-1.41.1-win32-x64\jre\21.0.6-win32-x86_64\bin\msvcp140.dll
0x00007ffc2a590000 - 0x00007ffc2b320000 	c:\Users\DELL\.vscode\extensions\redhat.java-1.41.1-win32-x64\jre\21.0.6-win32-x86_64\bin\server\jvm.dll
0x00007ffcc5f90000 - 0x00007ffcc6042000 	C:\WINDOWS\System32\ADVAPI32.dll
0x00007ffcc50f0000 - 0x00007ffcc5196000 	C:\WINDOWS\System32\sechost.dll
0x00007ffcc6dd0000 - 0x00007ffcc6ee6000 	C:\WINDOWS\System32\RPCRT4.dll
0x00007ffcc59f0000 - 0x00007ffcc5a64000 	C:\WINDOWS\System32\WS2_32.dll
0x00007ffcc2f20000 - 0x00007ffcc2f7e000 	C:\WINDOWS\SYSTEM32\POWRPROF.dll
0x00007ffcbaf60000 - 0x00007ffcbaf96000 	C:\WINDOWS\SYSTEM32\WINMM.dll
0x00007ffcbafa0000 - 0x00007ffcbafab000 	C:\WINDOWS\SYSTEM32\VERSION.dll
0x00007ffcc2f00000 - 0x00007ffcc2f14000 	C:\WINDOWS\SYSTEM32\UMPDC.dll
0x00007ffcc31d0000 - 0x00007ffcc31ea000 	C:\WINDOWS\SYSTEM32\kernel.appcore.dll
0x00007ffcb5030000 - 0x00007ffcb503a000 	c:\Users\DELL\.vscode\extensions\redhat.java-1.41.1-win32-x64\jre\21.0.6-win32-x86_64\bin\jimage.dll
0x00007ffcc1a80000 - 0x00007ffcc1cc1000 	C:\WINDOWS\SYSTEM32\DBGHELP.DLL
0x00007ffcc5a70000 - 0x00007ffcc5df4000 	C:\WINDOWS\System32\combase.dll
0x00007ffcc4f20000 - 0x00007ffcc5000000 	C:\WINDOWS\System32\OLEAUT32.dll
0x00007ffc9f5f0000 - 0x00007ffc9f629000 	C:\WINDOWS\SYSTEM32\dbgcore.DLL
0x00007ffcc42f0000 - 0x00007ffcc4389000 	C:\WINDOWS\System32\bcryptPrimitives.dll
0x00007ffcb4850000 - 0x00007ffcb485f000 	c:\Users\DELL\.vscode\extensions\redhat.java-1.41.1-win32-x64\jre\21.0.6-win32-x86_64\bin\instrument.dll
0x00007ffcb3e10000 - 0x00007ffcb3e2f000 	c:\Users\DELL\.vscode\extensions\redhat.java-1.41.1-win32-x64\jre\21.0.6-win32-x86_64\bin\java.dll
0x00007ffcc6530000 - 0x00007ffcc6c5d000 	C:\WINDOWS\System32\SHELL32.dll
0x00007ffcc4390000 - 0x00007ffcc4504000 	C:\WINDOWS\System32\wintypes.dll
0x00007ffcc1f60000 - 0x00007ffcc27b6000 	C:\WINDOWS\SYSTEM32\windows.storage.dll
0x00007ffcc58f0000 - 0x00007ffcc59df000 	C:\WINDOWS\System32\SHCORE.dll
0x00007ffcc6c60000 - 0x00007ffcc6cc9000 	C:\WINDOWS\System32\shlwapi.dll
0x00007ffcc4200000 - 0x00007ffcc422f000 	C:\WINDOWS\SYSTEM32\profapi.dll
0x00007ffca6120000 - 0x00007ffca6138000 	c:\Users\DELL\.vscode\extensions\redhat.java-1.41.1-win32-x64\jre\21.0.6-win32-x86_64\bin\zip.dll
0x00007ffcacb70000 - 0x00007ffcacb80000 	C:\Users\DELL\.vscode\extensions\redhat.java-1.41.1-win32-x64\jre\21.0.6-win32-x86_64\bin\net.dll
0x00007ffcbae30000 - 0x00007ffcbaf4e000 	C:\WINDOWS\SYSTEM32\WINHTTP.dll
0x00007ffcc3740000 - 0x00007ffcc37aa000 	C:\WINDOWS\system32\mswsock.dll
0x00007ffc877a0000 - 0x00007ffc877b6000 	C:\Users\DELL\.vscode\extensions\redhat.java-1.41.1-win32-x64\jre\21.0.6-win32-x86_64\bin\nio.dll
0x00007ffca6a70000 - 0x00007ffca6a80000 	c:\Users\DELL\.vscode\extensions\redhat.java-1.41.1-win32-x64\jre\21.0.6-win32-x86_64\bin\verify.dll

dbghelp: loaded successfully - version: 4.0.5 - missing functions: none
symbol engine: initialized successfully - sym options: 0x614 - pdb path: .;c:\Users\DELL\.vscode\extensions\redhat.java-1.41.1-win32-x64\jre\21.0.6-win32-x86_64\bin;C:\WINDOWS\SYSTEM32;C:\WINDOWS\WinSxS\amd64_microsoft.windows.common-controls_6595b64144ccf1df_6.0.26100.3912_none_3e07963ce335137e;c:\Users\DELL\.vscode\extensions\redhat.java-1.41.1-win32-x64\jre\21.0.6-win32-x86_64\bin\server

VM Arguments:
jvm_args: --add-modules=ALL-SYSTEM --add-opens=java.base/java.util=ALL-UNNAMED --add-opens=java.base/java.lang=ALL-UNNAMED --add-opens=java.base/sun.nio.fs=ALL-UNNAMED -Declipse.application=org.eclipse.jdt.ls.core.id1 -Dosgi.bundles.defaultStartLevel=4 -Declipse.product=org.eclipse.jdt.ls.core.product -Djava.import.generatesMetadataFilesAtProjectRoot=false -DDetectVMInstallationsJob.disabled=true -Dfile.encoding=utf8 -XX:+UseParallelGC -XX:GCTimeRatio=4 -XX:AdaptiveSizePolicyWeight=90 -Dsun.zip.disableMemoryMapping=true -Xmx1G -Xms100m -Xlog:disable -javaagent:c:\Users\DELL\.vscode\extensions\redhat.java-1.41.1-win32-x64\lombok\lombok-1.18.36.jar -XX:+HeapDumpOnOutOfMemoryError -XX:HeapDumpPath=c:\Users\DELL\AppData\Roaming\Code\User\workspaceStorage\8ab44f44f73b8c286458d8950fa5d895\redhat.java -Daether.dependencyCollector.impl=bf 
java_command: c:\Users\DELL\.vscode\extensions\redhat.java-1.41.1-win32-x64\server\plugins\org.eclipse.equinox.launcher_1.7.0.v20250331-1702.jar -configuration c:\Users\DELL\AppData\Roaming\Code\User\globalStorage\redhat.java\1.41.1\config_win -data c:\Users\DELL\AppData\Roaming\Code\User\workspaceStorage\8ab44f44f73b8c286458d8950fa5d895\redhat.java\jdt_ws --pipe=\\.\pipe\lsp-f91971b60253cc962464c4e84789f9e3-sock
java_class_path (initial): c:\Users\DELL\.vscode\extensions\redhat.java-1.41.1-win32-x64\server\plugins\org.eclipse.equinox.launcher_1.7.0.v20250331-1702.jar
Launcher Type: SUN_STANDARD

[Global flags]
    uintx AdaptiveSizePolicyWeight                 = 90                                        {product} {command line}
     intx CICompilerCount                          = 12                                        {product} {ergonomic}
    uintx GCTimeRatio                              = 4                                         {product} {command line}
     bool HeapDumpOnOutOfMemoryError               = true                                   {manageable} {command line}
    ccstr HeapDumpPath                             = c:\Users\DELL\AppData\Roaming\Code\User\workspaceStorage\8ab44f44f73b8c286458d8950fa5d895\redhat.java         {manageable} {command line}
   size_t InitialHeapSize                          = 104857600                                 {product} {command line}
   size_t MaxHeapSize                              = 1073741824                                {product} {command line}
   size_t MaxNewSize                               = 357564416                                 {product} {ergonomic}
   size_t MinHeapDeltaBytes                        = 524288                                    {product} {ergonomic}
   size_t MinHeapSize                              = 104857600                                 {product} {command line}
   size_t NewSize                                  = 34603008                                  {product} {ergonomic}
    uintx NonNMethodCodeHeapSize                   = 7602480                                {pd product} {ergonomic}
    uintx NonProfiledCodeHeapSize                  = 122027880                              {pd product} {ergonomic}
   size_t OldSize                                  = 70254592                                  {product} {ergonomic}
    uintx ProfiledCodeHeapSize                     = 122027880                              {pd product} {ergonomic}
    uintx ReservedCodeCacheSize                    = 251658240                              {pd product} {ergonomic}
     bool SegmentedCodeCache                       = true                                      {product} {ergonomic}
   size_t SoftMaxHeapSize                          = 1073741824                             {manageable} {ergonomic}
     bool UseCompressedOops                        = true                           {product lp64_product} {ergonomic}
     bool UseLargePagesIndividualAllocation        = false                                  {pd product} {ergonomic}
     bool UseParallelGC                            = true                                      {product} {command line}

Logging:
Log output configuration:
 #0: stdout all=off uptime,level,tags foldmultilines=false
 #1: stderr all=off uptime,level,tags foldmultilines=false

Environment Variables:
JAVA_HOME=C:\Program Files\Java\jdk-21
PATH=C:\Python313\Scripts\;C:\Python313\;c:\Users\DELL\AppData\Local\Programs\cursor\resources\app\bin;C:\Program Files\Python311\Scripts\;C:\Program Files\Python311\;C:\Program Files\Common Files\Oracle\Java\javapath;C:\Program Files\Python312\Scripts\;C:\Program Files\Python312\;C:\Program Files\Eclipse Adoptium\jdk-8.0.392.8-hotspot\bin;C:\Program Files\Eclipse Adoptium\jre-8.0.392.8-hotspot\bin;C:\Windows\system32;C:\Windows;C:\Windows\System32\Wbem;C:\Windows\System32\WindowsPowerShell\v1.0\;C:\Windows\System32\OpenSSH\;C:\Program Files\dotnet\;C:\Program Files (x86)\NVIDIA Corporation\PhysX\Common;C:\mingw64\bin;C:\MinGW\bin;C:\Program Files\MySQL\MySQL Server 8.0\bin;C:\ProgramData\chocolatey\bin;C:\Program Files (x86)\Windows Kits\10\Windows Performance Toolkit\;C:\Program Files\Git\cmd;C:\Program Files\Git\mingw64\bin;C:\Program Files\Git\usr\bin;C:\Program Files\MySQL\MySQL Shell 8.0\bin\;C:\Users\DELL\AppData\Local\Microsoft\WindowsApps;C:\Program Files\JetBrains\;C:\Program Files\NVIDIA Corporation\NVIDIA app\NvDLISR;C:\WINDOWS\system32;C:\WINDOWS;C:\WINDOWS\System32\Wbem;C:\WINDOWS\System32\WindowsPowerShell\v1.0\;C:\WINDOWS\System32\OpenSSH\;;C:\Program Files\Microsoft VS Code\bin;C:\Program Files\nodejs\;C:\Program Files\MySQL\MySQL Shell 8.0\bin\;C:\Users\DELL\AppData\Local\Microsoft\WindowsApps;C:\Program Files\JetBrains\PyCharm Community Edition 2023.2\bin;;C:\Users\DELL\AppData\Local\Programs\Microsoft VS Code\bin;C:\Users\DELL\AppData\Roaming\npm;C:\Users\DELL\AppData\Local\Programs\cursor\resources\app\bin
USERNAME=DELL
OS=Windows_NT
PROCESSOR_IDENTIFIER=Intel64 Family 6 Model 154 Stepping 3, GenuineIntel
TMP=C:\Users\DELL\AppData\Local\Temp
TEMP=C:\Users\DELL\AppData\Local\Temp




Periodic native trim disabled

---------------  S Y S T E M  ---------------

OS:
 Windows 11 , 64 bit Build 26100 (10.0.26100.3912)
OS uptime: 0 days 21:08 hours
Hyper-V role detected

CPU: total 16 (initial active 16) (8 cores per cpu, 2 threads per core) family 6 model 154 stepping 3 microcode 0x435, cx8, cmov, fxsr, ht, mmx, 3dnowpref, sse, sse2, sse3, ssse3, sse4.1, sse4.2, popcnt, lzcnt, tsc, tscinvbit, avx, avx2, aes, erms, clmul, bmi1, bmi2, adx, sha, fma, vzeroupper, clflush, clflushopt, clwb, hv, serialize, rdtscp, rdpid, fsrm, f16c, cet_ibt, cet_ss
Processor Information for processor 0
  Max Mhz: 2500, Current Mhz: 2500, Mhz Limit: 2500
Processor Information for processor 1
  Max Mhz: 2500, Current Mhz: 2500, Mhz Limit: 2500
Processor Information for processor 2
  Max Mhz: 2500, Current Mhz: 2500, Mhz Limit: 2500
Processor Information for processor 3
  Max Mhz: 2500, Current Mhz: 2500, Mhz Limit: 2500
Processor Information for processor 4
  Max Mhz: 2500, Current Mhz: 2500, Mhz Limit: 2500
Processor Information for processor 5
  Max Mhz: 2500, Current Mhz: 2500, Mhz Limit: 2500
Processor Information for processor 6
  Max Mhz: 2500, Current Mhz: 2500, Mhz Limit: 2500
Processor Information for processor 7
  Max Mhz: 2500, Current Mhz: 2500, Mhz Limit: 2500
Processor Information for processor 8
  Max Mhz: 2500, Current Mhz: 2500, Mhz Limit: 2500
Processor Information for processor 9
  Max Mhz: 2500, Current Mhz: 2500, Mhz Limit: 2500
Processor Information for processor 10
  Max Mhz: 2500, Current Mhz: 2500, Mhz Limit: 2500
Processor Information for processor 11
  Max Mhz: 2500, Current Mhz: 2500, Mhz Limit: 2500
Processor Information for processor 12
  Max Mhz: 2500, Current Mhz: 2500, Mhz Limit: 2500
Processor Information for processor 13
  Max Mhz: 2500, Current Mhz: 1527, Mhz Limit: 2500
Processor Information for processor 14
  Max Mhz: 2500, Current Mhz: 2500, Mhz Limit: 2500
Processor Information for processor 15
  Max Mhz: 2500, Current Mhz: 2500, Mhz Limit: 2500

Memory: 4k page, system-wide physical 7876M (424M free)
TotalPageFile size 17994M (AvailPageFile size 1M)
current process WorkingSet (physical memory assigned to process): 85M, peak: 85M
current process commit charge ("private bytes"): 218M, peak: 219M

vm_info: OpenJDK 64-Bit Server VM (21.0.6+7-LTS) for windows-amd64 JRE (21.0.6+7-LTS), built on 2025-01-21T00:00:00Z by "admin" with MS VC++ 17.7 (VS2022)

END.
